# JRE version: OpenJDK Runtime Environment (8.0_242-b08) (build 1.8.0_242-b08)
# Java VM: OpenJDK 64-Bit Server VM (25.242-b08 mixed mode linux-amd64 compressed oops)
Heap:
 par new generation   total 131136K, used 85097K [0x0000000505c00000, 0x000000050ea40000, 0x000000051a8c0000)
  eden space 116608K,  72% used [0x0000000505c00000, 0x000000050af1a688, 0x000000050cde0000)
  from space 14528K,   0% used [0x000000050cde0000, 0x000000050cde0000, 0x000000050dc10000)
  to   space 14528K,   0% used [0x000000050dc10000, 0x000000050dc10000, 0x000000050ea40000)
 concurrent mark-sweep generation total 291276K, used 173295K [0x000000051a8c0000, 0x000000052c533000, 0x00000007c0000000)
 Metaspace       used 120817K, capacity 122758K, committed 122836K, reserved 1155072K
  class space    used 15965K, capacity 16364K, committed 16420K, reserved 1048576K
GC Heap History (250 events):
Event: 3.200 GC heap before
{Heap before GC invocations=8 (full 1):
 par new generation   total 76160K, used 73806K [0x0000000505c00000, 0x000000050aea0000, 0x000000051a8c0000)
  eden space 67712K, 100% used [0x0000000505c00000, 0x0000000509e20000, 0x0000000509e20000)
  from space 8448K,  72% used [0x0000000509e20000, 0x000000050a413950, 0x000000050a660000)
  to   space 8448K,   0% used [0x000000050a660000, 0x000000050a660000, 0x000000050aea0000)
 concurrent mark-sweep generation total 169344K, used 3286K [0x000000051a8c0000, 0x0000000524e20000, 0x00000007c0000000)
 Metaspace       used 30860K, capacity 31092K, committed 31680K, reserved 1077248K
  class space    used 4109K, capacity 4178K, committed 4292K, reserved 1048576K
Event: 3.208 GC heap after
Heap after GC invocations=9 (full 1):
 par new generation   total 76160K, used 6632K [0x0000000505c00000, 0x000000050aea0000, 0x000000051a8c0000)
  eden space 67712K,   0% used [0x0000000505c00000, 0x0000000505c00000, 0x0000000509e20000)
  from space 8448K,  78% used [0x000000050a660000, 0x000000050acda068, 0x000000050aea0000)
  to   space 8448K,   0% used [0x0000000509e20000, 0x0000000509e20000, 0x000000050a660000)
 concurrent mark-sweep generation total 169344K, used 3885K [0x000000051a8c0000, 0x0000000524e20000, 0x00000007c0000000)
 Metaspace       used 30860K, capacity 31092K, committed 31680K, reserved 1077248K
  class space    used 4109K, capacity 4178K, committed 4292K, reserved 1048576K
}
Event: 3.365 GC heap before
{Heap before GC invocations=9 (full 1):
 par new generation   total 76160K, used 74344K [0x0000000505c00000, 0x000000050aea0000, 0x000000051a8c0000)
  eden space 67712K, 100% used [0x0000000505c00000, 0x0000000509e20000, 0x0000000509e20000)
  from space 8448K,  78% used [0x000000050a660000, 0x000000050acda068, 0x000000050aea0000)
  to   space 8448K,   0% used [0x0000000509e20000, 0x0000000509e20000, 0x000000050a660000)
 concurrent mark-sweep generation total 169344K, used 3885K [0x000000051a8c0000, 0x0000000524e20000, 0x00000007c0000000)
 Metaspace       used 32698K, capacity 32948K, committed 33344K, reserved 1079296K
  class space    used 4296K, capacity 4370K, committed 4420K, reserved 1048576K
Event: 3.376 GC heap after
Heap after GC invocations=10 (full 1):
 par new generation   total 76160K, used 4573K [0x0000000505c00000, 0x000000050aea0000, 0x000000051a8c0000)
  eden space 67712K,   0% used [0x0000000505c00000, 0x0000000505c00000, 0x0000000509e20000)
  from space 8448K,  54% used [0x0000000509e20000, 0x000000050a297600, 0x000000050a660000)
  to   space 8448K,   0% used [0x000000050a660000, 0x000000050a660000, 0x000000050aea0000)
 concurrent mark-sweep generation total 169344K, used 5404K [0x000000051a8c0000, 0x0000000524e20000, 0x00000007c0000000)
 Metaspace       used 32698K, capacity 32948K, committed 33344K, reserved 1079296K
  class space    used 4296K, capacity 4370K, committed 4420K, reserved 1048576K
}
Event: 3.499 GC heap before
{Heap before GC invocations=10 (full 1):
 par new generation   total 76160K, used 72285K [0x0000000505c00000, 0x000000050aea0000, 0x000000051a8c0000)
  eden space 67712K, 100% used [0x0000000505c00000, 0x0000000509e20000, 0x0000000509e20000)
  from space 8448K,  54% used [0x0000000509e20000, 0x000000050a297600, 0x000000050a660000)
  to   space 8448K,   0% used [0x000000050a660000, 0x000000050a660000, 0x000000050aea0000)
 concurrent mark-sweep generation total 169344K, used 5404K [0x000000051a8c0000, 0x0000000524e20000, 0x00000007c0000000)
 Metaspace       used 34520K, capacity 34740K, committed 35136K, reserved 1079296K
  class space    used 4471K, capacity 4562K, committed 4676K, reserved 1048576K
Event: 3.504 GC heap after
Heap after GC invocations=11 (full 1):
 par new generation   total 76160K, used 3614K [0x0000000505c00000, 0x000000050aea0000, 0x000000051a8c0000)
  eden space 67712K,   0% used [0x0000000505c00000, 0x0000000505c00000, 0x0000000509e20000)
  from space 8448K,  42% used [0x000000050a660000, 0x000000050a9e78d0, 0x000000050aea0000)
  to   space 8448K,   0% used [0x0000000509e20000, 0x0000000509e20000, 0x000000050a660000)
 concurrent mark-sweep generation total 169344K, used 5404K [0x000000051a8c0000, 0x0000000524e20000, 0x00000007c0000000)
 Metaspace       used 34520K, capacity 34740K, committed 35136K, reserved 1079296K
  class space    used 4471K, capacity 4562K, committed 4676K, reserved 1048576K
}
Event: 3.691 GC heap before
{Heap before GC invocations=11 (full 1):
 par new generation   total 76160K, used 71326K [0x0000000505c00000, 0x000000050aea0000, 0x000000051a8c0000)
  eden space 67712K, 100% used [0x0000000505c00000, 0x0000000509e20000, 0x0000000509e20000)
  from space 8448K,  42% used [0x000000050a660000, 0x000000050a9e78d0, 0x000000050aea0000)
  to   space 8448K,   0% used [0x0000000509e20000, 0x0000000509e20000, 0x000000050a660000)
 concurrent mark-sweep generation total 169344K, used 5404K [0x000000051a8c0000, 0x0000000524e20000, 0x00000007c0000000)
 Metaspace       used 36362K, capacity 36564K, committed 37056K, reserved 1081344K
  class space    used 4729K, capacity 4786K, committed 4804K, reserved 1048576K
Event: 3.695 GC heap after
Heap after GC invocations=12 (full 1):
 par new generation   total 76160K, used 4101K [0x0000000505c00000, 0x000000050aea0000, 0x000000051a8c0000)
  eden space 67712K,   0% used [0x0000000505c00000, 0x0000000505c00000, 0x0000000509e20000)
  from space 8448K,  48% used [0x0000000509e20000, 0x000000050a221770, 0x000000050a660000)
  to   space 8448K,   0% used [0x000000050a660000, 0x000000050a660000, 0x000000050aea0000)
 concurrent mark-sweep generation total 169344K, used 5404K [0x000000051a8c0000, 0x0000000524e20000, 0x00000007c0000000)
 Metaspace       used 36362K, capacity 36564K, committed 37056K, reserved 1081344K
  class space    used 4729K, capacity 4786K, committed 4804K, reserved 1048576K
}
Event: 3.913 GC heap before
{Heap before GC invocations=12 (full 1):
 par new generation   total 76160K, used 71813K [0x0000000505c00000, 0x000000050aea0000, 0x000000051a8c0000)
  eden space 67712K, 100% used [0x0000000505c00000, 0x0000000509e20000, 0x0000000509e20000)
  from space 8448K,  48% used [0x0000000509e20000, 0x000000050a221770, 0x000000050a660000)
  to   space 8448K,   0% used [0x000000050a660000, 0x000000050a660000, 0x000000050aea0000)
 concurrent mark-sweep generation total 169344K, used 5404K [0x000000051a8c0000, 0x0000000524e20000, 0x00000007c0000000)
 Metaspace       used 38935K, capacity 39190K, committed 39744K, reserved 1083392K
  class space    used 5012K, capacity 5107K, committed 5188K, reserved 1048576K
Event: 3.918 GC heap after
Heap after GC invocations=13 (full 1):
 par new generation   total 76160K, used 5196K [0x0000000505c00000, 0x000000050aea0000, 0x000000051a8c0000)
  eden space 67712K,   0% used [0x0000000505c00000, 0x0000000505c00000, 0x0000000509e20000)
  from space 8448K,  61% used [0x000000050a660000, 0x000000050ab730d0, 0x000000050aea0000)
  to   space 8448K,   0% used [0x0000000509e20000, 0x0000000509e20000, 0x000000050a660000)
 concurrent mark-sweep generation total 169344K, used 5404K [0x000000051a8c0000, 0x0000000524e20000, 0x00000007c0000000)
 Metaspace       used 38935K, capacity 39190K, committed 39744K, reserved 1083392K
  class space    used 5012K, capacity 5107K, committed 5188K, reserved 1048576K
}
Event: 6.172 GC heap before
{Heap before GC invocations=13 (full 1):
 par new generation   total 76160K, used 72908K [0x0000000505c00000, 0x000000050aea0000, 0x000000051a8c0000)
  eden space 67712K, 100% used [0x0000000505c00000, 0x0000000509e20000, 0x0000000509e20000)
  from space 8448K,  61% used [0x000000050a660000, 0x000000050ab730d0, 0x000000050aea0000)
  to   space 8448K,   0% used [0x0000000509e20000, 0x0000000509e20000, 0x000000050a660000)
 concurrent mark-sweep generation total 169344K, used 5404K [0x000000051a8c0000, 0x0000000524e20000, 0x00000007c0000000)
 Metaspace       used 41072K, capacity 41302K, committed 41664K, reserved 1085440K
  class space    used 5230K, capacity 5299K, committed 5316K, reserved 1048576K
Event: 6.179 GC heap after
Heap after GC invocations=14 (full 1):
 par new generation   total 76160K, used 7852K [0x0000000505c00000, 0x000000050aea0000, 0x000000051a8c0000)
  eden space 67712K,   0% used [0x0000000505c00000, 0x0000000505c00000, 0x0000000509e20000)
  from space 8448K,  92% used [0x0000000509e20000, 0x000000050a5cb088, 0x000000050a660000)
  to   space 8448K,   0% used [0x000000050a660000, 0x000000050a660000, 0x000000050aea0000)
 concurrent mark-sweep generation total 169344K, used 6434K [0x000000051a8c0000, 0x0000000524e20000, 0x00000007c0000000)
 Metaspace       used 41072K, capacity 41302K, committed 41664K, reserved 1085440K
  class space    used 5230K, capacity 5299K, committed 5316K, reserved 1048576K
}
Event: 6.325 GC heap before
{Heap before GC invocations=14 (full 1):
 par new generation   total 76160K, used 75564K [0x0000000505c00000, 0x000000050aea0000, 0x000000051a8c0000)
  eden space 67712K, 100% used [0x0000000505c00000, 0x0000000509e20000, 0x0000000509e20000)
  from space 8448K,  92% used [0x0000000509e20000, 0x000000050a5cb088, 0x000000050a660000)
  to   space 8448K,   0% used [0x000000050a660000, 0x000000050a660000, 0x000000050aea0000)
 concurrent mark-sweep generation total 169344K, used 6434K [0x000000051a8c0000, 0x0000000524e20000, 0x00000007c0000000)
 Metaspace       used 41279K, capacity 41494K, committed 41920K, reserved 1085440K
  class space    used 5230K, capacity 5299K, committed 5316K, reserved 1048576K
Event: 6.330 GC heap after
Heap after GC invocations=15 (full 1):
 par new generation   total 76160K, used 5236K [0x0000000505c00000, 0x000000050aea0000, 0x000000051a8c0000)
  eden space 67712K,   0% used [0x0000000505c00000, 0x0000000505c00000, 0x0000000509e20000)
  from space 8448K,  61% used [0x000000050a660000, 0x000000050ab7d1b0, 0x000000050aea0000)
  to   space 8448K,   0% used [0x0000000509e20000, 0x0000000509e20000, 0x000000050a660000)
 concurrent mark-sweep generation total 169344K, used 8216K [0x000000051a8c0000, 0x0000000524e20000, 0x00000007c0000000)
 Metaspace       used 41279K, capacity 41494K, committed 41920K, reserved 1085440K
  class space    used 5230K, capacity 5299K, committed 5316K, reserved 1048576K
}
Event: 6.471 GC heap before
{Heap before GC invocations=15 (full 1):
 par new generation   total 76160K, used 72896K [0x0000000505c00000, 0x000000050aea0000, 0x000000051a8c0000)
  eden space 67712K,  99% used [0x0000000505c00000, 0x0000000509e12f10, 0x0000000509e20000)
  from space 8448K,  61% used [0x000000050a660000, 0x000000050ab7d1b0, 0x000000050aea0000)
  to   space 8448K,   0% used [0x0000000509e20000, 0x0000000509e20000, 0x000000050a660000)
 concurrent mark-sweep generation total 169344K, used 8216K [0x000000051a8c0000, 0x0000000524e20000, 0x00000007c0000000)
 Metaspace       used 41279K, capacity 41494K, committed 41920K, reserved 1085440K
  class space    used 5230K, capacity 5299K, committed 5316K, reserved 1048576K
Event: 6.473 GC heap after
Heap after GC invocations=16 (full 1):
 par new generation   total 76160K, used 4997K [0x0000000505c00000, 0x000000050aea0000, 0x000000051a8c0000)
  eden space 67712K,   0% used [0x0000000505c00000, 0x0000000505c00000, 0x0000000509e20000)
  from space 8448K,  59% used [0x0000000509e20000, 0x000000050a3016a0, 0x000000050a660000)
  to   space 8448K,   0% used [0x000000050a660000, 0x000000050a660000, 0x000000050aea0000)
 concurrent mark-sweep generation total 169344K, used 8227K [0x000000051a8c0000, 0x0000000524e20000, 0x00000007c0000000)
 Metaspace       used 41279K, capacity 41494K, committed 41920K, reserved 1085440K
  class space    used 5230K, capacity 5299K, committed 5316K, reserved 1048576K
}
Event: 6.678 GC heap before
{Heap before GC invocations=16 (full 1):
 par new generation   total 76160K, used 72709K [0x0000000505c00000, 0x000000050aea0000, 0x000000051a8c0000)
  eden space 67712K, 100% used [0x0000000505c00000, 0x0000000509e20000, 0x0000000509e20000)
  from space 8448K,  59% used [0x0000000509e20000, 0x000000050a3016a0, 0x000000050a660000)
  to   space 8448K,   0% used [0x000000050a660000, 0x000000050a660000, 0x000000050aea0000)
 concurrent mark-sweep generation total 169344K, used 8227K [0x000000051a8c0000, 0x0000000524e20000, 0x00000007c0000000)
 Metaspace       used 41285K, capacity 41494K, committed 41920K, reserved 1085440K
  class space    used 5231K, capacity 5299K, committed 5316K, reserved 1048576K
Event: 6.680 GC heap after
Heap after GC invocations=17 (full 1):
 par new generation   total 76160K, used 5339K [0x0000000505c00000, 0x000000050aea0000, 0x000000051a8c0000)
  eden space 67712K,   0% used [0x0000000505c00000, 0x0000000505c00000, 0x0000000509e20000)
  from space 8448K,  63% used [0x000000050a660000, 0x000000050ab96ce8, 0x000000050aea0000)
  to   space 8448K,   0% used [0x0000000509e20000, 0x0000000509e20000, 0x000000050a660000)
 concurrent mark-sweep generation total 169344K, used 8227K [0x000000051a8c0000, 0x0000000524e20000, 0x00000007c0000000)
 Metaspace       used 41285K, capacity 41494K, committed 41920K, reserved 1085440K
  class space    used 5231K, capacity 5299K, committed 5316K, reserved 1048576K
}
Event: 7.105 GC heap before
{Heap before GC invocations=17 (full 1):
 par new generation   total 76160K, used 73051K [0x0000000505c00000, 0x000000050aea0000, 0x000000051a8c0000)
  eden space 67712K, 100% used [0x0000000505c00000, 0x0000000509e20000, 0x0000000509e20000)
  from space 8448K,  63% used [0x000000050a660000, 0x000000050ab96ce8, 0x000000050aea0000)
  to   space 8448K,   0% used [0x0000000509e20000, 0x0000000509e20000, 0x000000050a660000)
 concurrent mark-sweep generation total 169344K, used 8227K [0x000000051a8c0000, 0x0000000524e20000, 0x00000007c0000000)
 Metaspace       used 42782K, capacity 43036K, committed 43416K, reserved 1087488K
  class space    used 5390K, capacity 5492K, committed 5572K, reserved 1048576K
Event: 7.107 GC heap after
Heap after GC invocations=18 (full 1):
 par new generation   total 76160K, used 2747K [0x0000000505c00000, 0x000000050aea0000, 0x000000051a8c0000)
  eden space 67712K,   0% used [0x0000000505c00000, 0x0000000505c00000, 0x0000000509e20000)
  from space 8448K,  32% used [0x0000000509e20000, 0x000000050a0cec10, 0x000000050a660000)
  to   space 8448K,   0% used [0x000000050a660000, 0x000000050a660000, 0x000000050aea0000)
 concurrent mark-sweep generation total 169344K, used 8230K [0x000000051a8c0000, 0x0000000524e20000, 0x00000007c0000000)
 Metaspace       used 42782K, capacity 43036K, committed 43416K, reserved 1087488K
  class space    used 5390K, capacity 5492K, committed 5572K, reserved 1048576K
}
Event: 7.292 GC heap before
{Heap before GC invocations=18 (full 1):
 par new generation   total 76160K, used 70459K [0x0000000505c00000, 0x000000050aea0000, 0x000000051a8c0000)
  eden space 67712K, 100% used [0x0000000505c00000, 0x0000000509e20000, 0x0000000509e20000)
  from space 8448K,  32% used [0x0000000509e20000, 0x000000050a0cec10, 0x000000050a660000)
  to   space 8448K,   0% used [0x000000050a660000, 0x000000050a660000, 0x000000050aea0000)
 concurrent mark-sweep generation total 169344K, used 8230K [0x000000051a8c0000, 0x0000000524e20000, 0x00000007c0000000)
 Metaspace       used 44810K, capacity 45020K, committed 45332K, reserved 1089536K
  class space    used 5661K, capacity 5748K, committed 5776K, reserved 1048576K
Event: 7.295 GC heap after
Heap after GC invocations=19 (full 1):
 par new generation   total 76160K, used 3092K [0x0000000505c00000, 0x000000050aea0000, 0x000000051a8c0000)
  eden space 67712K,   0% used [0x0000000505c00000, 0x0000000505c00000, 0x0000000509e20000)
  from space 8448K,  36% used [0x000000050a660000, 0x000000050a9652a8, 0x000000050aea0000)
  to   space 8448K,   0% used [0x0000000509e20000, 0x0000000509e20000, 0x000000050a660000)
 concurrent mark-sweep generation total 169344K, used 8230K [0x000000051a8c0000, 0x0000000524e20000, 0x00000007c0000000)
 Metaspace       used 44810K, capacity 45020K, committed 45332K, reserved 1089536K
  class space    used 5661K, capacity 5748K, committed 5776K, reserved 1048576K
}
Event: 7.490 GC heap before
{Heap before GC invocations=19 (full 2):
 par new generation   total 76160K, used 70804K [0x0000000505c00000, 0x000000050aea0000, 0x000000051a8c0000)
  eden space 67712K, 100% used [0x0000000505c00000, 0x0000000509e20000, 0x0000000509e20000)
  from space 8448K,  36% used [0x000000050a660000, 0x000000050a9652a8, 0x000000050aea0000)
  to   space 8448K,   0% used [0x0000000509e20000, 0x0000000509e20000, 0x000000050a660000)
 concurrent mark-sweep generation total 169344K, used 8230K [0x000000051a8c0000, 0x0000000524e20000, 0x00000007c0000000)
 Metaspace       used 47194K, capacity 47420K, committed 47988K, reserved 1091584K
  class space    used 6066K, capacity 6164K, committed 6240K, reserved 1048576K
Event: 7.493 GC heap after
Heap after GC invocations=20 (full 2):
 par new generation   total 76160K, used 3719K [0x0000000505c00000, 0x000000050aea0000, 0x000000051a8c0000)
  eden space 67712K,   0% used [0x0000000505c00000, 0x0000000505c00000, 0x0000000509e20000)
  from space 8448K,  44% used [0x0000000509e20000, 0x000000050a1c1cf0, 0x000000050a660000)
  to   space 8448K,   0% used [0x000000050a660000, 0x000000050a660000, 0x000000050aea0000)
 concurrent mark-sweep generation total 169344K, used 8230K [0x000000051a8c0000, 0x0000000524e20000, 0x00000007c0000000)
 Metaspace       used 47194K, capacity 47420K, committed 47988K, reserved 1091584K
  class space    used 6066K, capacity 6164K, committed 6240K, reserved 1048576K
}
Event: 7.741 GC heap before
{Heap before GC invocations=20 (full 2):
 par new generation   total 76160K, used 71431K [0x0000000505c00000, 0x000000050aea0000, 0x000000051a8c0000)
  eden space 67712K, 100% used [0x0000000505c00000, 0x0000000509e20000, 0x0000000509e20000)
  from space 8448K,  44% used [0x0000000509e20000, 0x000000050a1c1cf0, 0x000000050a660000)
  to   space 8448K,   0% used [0x000000050a660000, 0x000000050a660000, 0x000000050aea0000)
 concurrent mark-sweep generation total 169344K, used 7813K [0x000000051a8c0000, 0x0000000524e20000, 0x00000007c0000000)
 Metaspace       used 49386K, capacity 49660K, committed 50108K, reserved 1093632K
  class space    used 6477K, capacity 6548K, committed 6648K, reserved 1048576K
Event: 7.744 GC heap after
Heap after GC invocations=21 (full 2):
 par new generation   total 76160K, used 4314K [0x0000000505c00000, 0x000000050aea0000, 0x000000051a8c0000)
  eden space 67712K,   0% used [0x0000000505c00000, 0x0000000505c00000, 0x0000000509e20000)
  from space 8448K,  51% used [0x000000050a660000, 0x000000050aa96b30, 0x000000050aea0000)
  to   space 8448K,   0% used [0x0000000509e20000, 0x0000000509e20000, 0x000000050a660000)
 concurrent mark-sweep generation total 169344K, used 7813K [0x000000051a8c0000, 0x0000000524e20000, 0x00000007c0000000)
 Metaspace       used 49386K, capacity 49660K, committed 50108K, reserved 1093632K
  class space    used 6477K, capacity 6548K, committed 6648K, reserved 1048576K
}
Event: 8.086 GC heap before
{Heap before GC invocations=21 (full 2):
 par new generation   total 76160K, used 72026K [0x0000000505c00000, 0x000000050aea0000, 0x000000051a8c0000)
  eden space 67712K, 100% used [0x0000000505c00000, 0x0000000509e20000, 0x0000000509e20000)
  from space 8448K,  51% used [0x000000050a660000, 0x000000050aa96b30, 0x000000050aea0000)
  to   space 8448K,   0% used [0x0000000509e20000, 0x0000000509e20000, 0x000000050a660000)
 concurrent mark-sweep generation total 169344K, used 7813K [0x000000051a8c0000, 0x0000000524e20000, 0x00000007c0000000)
 Metaspace       used 51312K, capacity 51500K, committed 51900K, reserved 1093632K
  class space    used 6752K, capacity 6840K, committed 6904K, reserved 1048576K
Event: 8.092 GC heap after
Heap after GC invocations=22 (full 2):
 par new generation   total 76160K, used 6929K [0x0000000505c00000, 0x000000050aea0000, 0x000000051a8c0000)
  eden space 67712K,   0% used [0x0000000505c00000, 0x0000000505c00000, 0x0000000509e20000)
  from space 8448K,  82% used [0x0000000509e20000, 0x000000050a4e4688, 0x000000050a660000)
  to   space 8448K,   0% used [0x000000050a660000, 0x000000050a660000, 0x000000050aea0000)
 concurrent mark-sweep generation total 169344K, used 7813K [0x000000051a8c0000, 0x0000000524e20000, 0x00000007c0000000)
 Metaspace       used 51312K, capacity 51500K, committed 51900K, reserved 1093632K
  class space    used 6752K, capacity 6840K, committed 6904K, reserved 1048576K
}
Event: 13.983 GC heap before
{Heap before GC invocations=22 (full 2):
 par new generation   total 76160K, used 74641K [0x0000000505c00000, 0x000000050aea0000, 0x000000051a8c0000)
  eden space 67712K, 100% used [0x0000000505c00000, 0x0000000509e20000, 0x0000000509e20000)
  from space 8448K,  82% used [0x0000000509e20000, 0x000000050a4e4688, 0x000000050a660000)
  to   space 8448K,   0% used [0x000000050a660000, 0x000000050a660000, 0x000000050aea0000)
 concurrent mark-sweep generation total 169344K, used 7813K [0x000000051a8c0000, 0x0000000524e20000, 0x00000007c0000000)
 Metaspace       used 53362K, capacity 53580K, committed 53948K, reserved 1095680K
  class space    used 7060K, capacity 7128K, committed 7160K, reserved 1048576K
Event: 13.993 GC heap after
Heap after GC invocations=23 (full 2):
 par new generation   total 76160K, used 6972K [0x0000000505c00000, 0x000000050aea0000, 0x000000051a8c0000)
  eden space 67712K,   0% used [0x0000000505c00000, 0x0000000505c00000, 0x0000000509e20000)
  from space 8448K,  82% used [0x000000050a660000, 0x000000050ad2f020, 0x000000050aea0000)
  to   space 8448K,   0% used [0x0000000509e20000, 0x0000000509e20000, 0x000000050a660000)
 concurrent mark-sweep generation total 169344K, used 9631K [0x000000051a8c0000, 0x0000000524e20000, 0x00000007c0000000)
 Metaspace       used 53362K, capacity 53580K, committed 53948K, reserved 1095680K
  class space    used 7060K, capacity 7128K, committed 7160K, reserved 1048576K
}
Event: 14.838 GC heap before
{Heap before GC invocations=23 (full 2):
 par new generation   total 76160K, used 74684K [0x0000000505c00000, 0x000000050aea0000, 0x000000051a8c0000)
  eden space 67712K, 100% used [0x0000000505c00000, 0x0000000509e20000, 0x0000000509e20000)
  from space 8448K,  82% used [0x000000050a660000, 0x000000050ad2f020, 0x000000050aea0000)
  to   space 8448K,   0% used [0x0000000509e20000, 0x0000000509e20000, 0x000000050a660000)
 concurrent mark-sweep generation total 169344K, used 9631K [0x000000051a8c0000, 0x0000000524e20000, 0x00000007c0000000)
 Metaspace       used 55165K, capacity 55500K, committed 55996K, reserved 1097728K
  class space    used 7280K, capacity 7370K, committed 7416K, reserved 1048576K
Event: 14.874 GC heap after
Heap after GC invocations=24 (full 2):
 par new generation   total 76160K, used 4961K [0x0000000505c00000, 0x000000050aea0000, 0x000000051a8c0000)
  eden space 67712K,   0% used [0x0000000505c00000, 0x0000000505c00000, 0x0000000509e20000)
  from space 8448K,  58% used [0x0000000509e20000, 0x000000050a2f8510, 0x000000050a660000)
  to   space 8448K,   0% used [0x000000050a660000, 0x000000050a660000, 0x000000050aea0000)
 concurrent mark-sweep generation total 169344K, used 29008K [0x000000051a8c0000, 0x0000000524e20000, 0x00000007c0000000)
 Metaspace       used 55165K, capacity 55500K, committed 55996K, reserved 1097728K
  class space    used 7280K, capacity 7370K, committed 7416K, reserved 1048576K
}
Event: 15.060 GC heap before
{Heap before GC invocations=24 (full 2):
 par new generation   total 76160K, used 72673K [0x0000000505c00000, 0x000000050aea0000, 0x000000051a8c0000)
  eden space 67712K, 100% used [0x0000000505c00000, 0x0000000509e20000, 0x0000000509e20000)
  from space 8448K,  58% used [0x0000000509e20000, 0x000000050a2f8510, 0x000000050a660000)
  to   space 8448K,   0% used [0x000000050a660000, 0x000000050a660000, 0x000000050aea0000)
 concurrent mark-sweep generation total 169344K, used 29008K [0x000000051a8c0000, 0x0000000524e20000, 0x00000007c0000000)
 Metaspace       used 57202K, capacity 57516K, committed 58044K, reserved 1099776K
  class space    used 7549K, capacity 7658K, committed 7672K, reserved 1048576K
Event: 15.064 GC heap after
Heap after GC invocations=25 (full 2):
 par new generation   total 76160K, used 4733K [0x0000000505c00000, 0x000000050aea0000, 0x000000051a8c0000)
  eden space 67712K,   0% used [0x0000000505c00000, 0x0000000505c00000, 0x0000000509e20000)
  from space 8448K,  56% used [0x000000050a660000, 0x000000050aaff4f0, 0x000000050aea0000)
  to   space 8448K,   0% used [0x0000000509e20000, 0x0000000509e20000, 0x000000050a660000)
 concurrent mark-sweep generation total 169344K, used 29008K [0x000000051a8c0000, 0x0000000524e20000, 0x00000007c0000000)
 Metaspace       used 57202K, capacity 57516K, committed 58044K, reserved 1099776K
  class space    used 7549K, capacity 7658K, committed 7672K, reserved 1048576K
}
Event: 15.243 GC heap before
{Heap before GC invocations=25 (full 2):
 par new generation   total 76160K, used 72445K [0x0000000505c00000, 0x000000050aea0000, 0x000000051a8c0000)
  eden space 67712K, 100% used [0x0000000505c00000, 0x0000000509e20000, 0x0000000509e20000)
  from space 8448K,  56% used [0x000000050a660000, 0x000000050aaff4f0, 0x000000050aea0000)
  to   space 8448K,   0% used [0x0000000509e20000, 0x0000000509e20000, 0x000000050a660000)
 concurrent mark-sweep generation total 169344K, used 29008K [0x000000051a8c0000, 0x0000000524e20000, 0x00000007c0000000)
 Metaspace       used 58831K, capacity 59142K, committed 59580K, reserved 1101824K
  class space    used 7818K, capacity 7919K, committed 7928K, reserved 1048576K
Event: 15.247 GC heap after
Heap after GC invocations=26 (full 2):
 par new generation   total 76160K, used 5184K [0x0000000505c00000, 0x000000050aea0000, 0x000000051a8c0000)
  eden space 67712K,   0% used [0x0000000505c00000, 0x0000000505c00000, 0x0000000509e20000)
  from space 8448K,  61% used [0x0000000509e20000, 0x000000050a330078, 0x000000050a660000)
  to   space 8448K,   0% used [0x000000050a660000, 0x000000050a660000, 0x000000050aea0000)
 concurrent mark-sweep generation total 169344K, used 29008K [0x000000051a8c0000, 0x0000000524e20000, 0x00000007c0000000)
 Metaspace       used 58831K, capacity 59142K, committed 59580K, reserved 1101824K
  class space    used 7818K, capacity 7919K, committed 7928K, reserved 1048576K
}
Event: 15.501 GC heap before
{Heap before GC invocations=26 (full 2):
 par new generation   total 76160K, used 72896K [0x0000000505c00000, 0x000000050aea0000, 0x000000051a8c0000)
  eden space 67712K, 100% used [0x0000000505c00000, 0x0000000509e20000, 0x0000000509e20000)
  from space 8448K,  61% used [0x0000000509e20000, 0x000000050a330078, 0x000000050a660000)
  to   space 8448K,   0% used [0x000000050a660000, 0x000000050a660000, 0x000000050aea0000)
 concurrent mark-sweep generation total 169344K, used 29008K [0x000000051a8c0000, 0x0000000524e20000, 0x00000007c0000000)
 Metaspace       used 61953K, capacity 62220K, committed 62780K, reserved 1103872K
  class space    used 8221K, capacity 8304K, committed 8312K, reserved 1048576K
Event: 15.506 GC heap after
Heap after GC invocations=27 (full 2):
 par new generation   total 76160K, used 8340K [0x0000000505c00000, 0x000000050aea0000, 0x000000051a8c0000)
  eden space 67712K,   0% used [0x0000000505c00000, 0x0000000505c00000, 0x0000000509e20000)
  from space 8448K,  98% used [0x000000050a660000, 0x000000050ae850e0, 0x000000050aea0000)
  to   space 8448K,   0% used [0x0000000509e20000, 0x0000000509e20000, 0x000000050a660000)
 concurrent mark-sweep generation total 169344K, used 29008K [0x000000051a8c0000, 0x0000000524e20000, 0x00000007c0000000)
 Metaspace       used 61953K, capacity 62220K, committed 62780K, reserved 1103872K
  class space    used 8221K, capacity 8304K, committed 8312K, reserved 1048576K
}
Event: 15.718 GC heap before
{Heap before GC invocations=27 (full 2):
 par new generation   total 76160K, used 76052K [0x0000000505c00000, 0x000000050aea0000, 0x000000051a8c0000)
  eden space 67712K, 100% used [0x0000000505c00000, 0x0000000509e20000, 0x0000000509e20000)
  from space 8448K,  98% used [0x000000050a660000, 0x000000050ae850e0, 0x000000050aea0000)
  to   space 8448K,   0% used [0x0000000509e20000, 0x0000000509e20000, 0x000000050a660000)
 concurrent mark-sweep generation total 169344K, used 29008K [0x000000051a8c0000, 0x0000000524e20000, 0x00000007c0000000)
 Metaspace       used 64549K, capacity 64812K, committed 65340K, reserved 1105920K
  class space    used 8640K, capacity 8720K, committed 8824K, reserved 1048576K
Event: 15.742 GC heap after
Heap after GC invocations=28 (full 2):
 par new generation   total 76160K, used 6949K [0x0000000505c00000, 0x000000050aea0000, 0x000000051a8c0000)
  eden space 67712K,   0% used [0x0000000505c00000, 0x0000000505c00000, 0x0000000509e20000)
  from space 8448K,  82% used [0x0000000509e20000, 0x000000050a4e9530, 0x000000050a660000)
  to   space 8448K,   0% used [0x000000050a660000, 0x000000050a660000, 0x000000050aea0000)
 concurrent mark-sweep generation total 169344K, used 33064K [0x000000051a8c0000, 0x0000000524e20000, 0x00000007c0000000)
 Metaspace       used 64549K, capacity 64812K, committed 65340K, reserved 1105920K
  class space    used 8640K, capacity 8720K, committed 8824K, reserved 1048576K
}
Event: 17.003 GC heap before
{Heap before GC invocations=28 (full 2):
 par new generation   total 76160K, used 69341K [0x0000000505c00000, 0x000000050aea0000, 0x000000051a8c0000)
  eden space 67712K,  92% used [0x0000000505c00000, 0x00000005098edf58, 0x0000000509e20000)
  from space 8448K,  82% used [0x0000000509e20000, 0x000000050a4e9530, 0x000000050a660000)
  to   space 8448K,   0% used [0x000000050a660000, 0x000000050a660000, 0x000000050aea0000)
 concurrent mark-sweep generation total 169344K, used 33064K [0x000000051a8c0000, 0x0000000524e20000, 0x00000007c0000000)
 Metaspace       used 65954K, capacity 66204K, committed 66876K, reserved 1107968K
  class space    used 8900K, capacity 8984K, committed 9080K, reserved 1048576K
Event: 17.017 GC heap after
Heap after GC invocations=29 (full 2):
 par new generation   total 76160K, used 3868K [0x0000000505c00000, 0x000000050aea0000, 0x000000051a8c0000)
  eden space 67712K,   0% used [0x0000000505c00000, 0x0000000505c00000, 0x0000000509e20000)
  from space 8448K,  45% used [0x000000050a660000, 0x000000050aa270c0, 0x000000050aea0000)
  to   space 8448K,   0% used [0x0000000509e20000, 0x0000000509e20000, 0x000000050a660000)
 concurrent mark-sweep generation total 169344K, used 49448K [0x000000051a8c0000, 0x0000000524e20000, 0x00000007c0000000)
 Metaspace       used 65954K, capacity 66204K, committed 66876K, reserved 1107968K
  class space    used 8900K, capacity 8984K, committed 9080K, reserved 1048576K
}
Event: 41.250 GC heap before
{Heap before GC invocations=29 (full 2):
 par new generation   total 76160K, used 71580K [0x0000000505c00000, 0x000000050aea0000, 0x000000051a8c0000)
  eden space 67712K, 100% used [0x0000000505c00000, 0x0000000509e20000, 0x0000000509e20000)
  from space 8448K,  45% used [0x000000050a660000, 0x000000050aa270c0, 0x000000050aea0000)
  to   space 8448K,   0% used [0x0000000509e20000, 0x0000000509e20000, 0x000000050a660000)
 concurrent mark-sweep generation total 169344K, used 49448K [0x000000051a8c0000, 0x0000000524e20000, 0x00000007c0000000)
 Metaspace       used 66828K, capacity 67148K, committed 67772K, reserved 1107968K
  class space    used 9021K, capacity 9120K, committed 9208K, reserved 1048576K
Event: 41.276 GC heap after
Heap after GC invocations=30 (full 2):
 par new generation   total 76160K, used 3686K [0x0000000505c00000, 0x000000050aea0000, 0x000000051a8c0000)
  eden space 67712K,   0% used [0x0000000505c00000, 0x0000000505c00000, 0x0000000509e20000)
  from space 8448K,  43% used [0x0000000509e20000, 0x000000050a1b9890, 0x000000050a660000)
  to   space 8448K,   0% used [0x000000050a660000, 0x000000050a660000, 0x000000050aea0000)
 concurrent mark-sweep generation total 169344K, used 82216K [0x000000051a8c0000, 0x0000000524e20000, 0x00000007c0000000)
 Metaspace       used 66828K, capacity 67148K, committed 67772K, reserved 1107968K
  class space    used 9021K, capacity 9120K, committed 9208K, reserved 1048576K
}
Event: 41.514 GC heap before
{Heap before GC invocations=30 (full 2):
 par new generation   total 76160K, used 71398K [0x0000000505c00000, 0x000000050aea0000, 0x000000051a8c0000)
  eden space 67712K, 100% used [0x0000000505c00000, 0x0000000509e20000, 0x0000000509e20000)
  from space 8448K,  43% used [0x0000000509e20000, 0x000000050a1b9890, 0x000000050a660000)
  to   space 8448K,   0% used [0x000000050a660000, 0x000000050a660000, 0x000000050aea0000)
 concurrent mark-sweep generation total 169344K, used 82216K [0x000000051a8c0000, 0x0000000524e20000, 0x00000007c0000000)
 Metaspace       used 69613K, capacity 69932K, committed 70460K, reserved 1110016K
  class space    used 9421K, capacity 9511K, committed 9592K, reserved 1048576K
Event: 41.518 GC heap after
Heap after GC invocations=31 (full 2):
 par new generation   total 76160K, used 6694K [0x0000000505c00000, 0x000000050aea0000, 0x000000051a8c0000)
  eden space 67712K,   0% used [0x0000000505c00000, 0x0000000505c00000, 0x0000000509e20000)
  from space 8448K,  79% used [0x000000050a660000, 0x000000050ace9bf0, 0x000000050aea0000)
  to   space 8448K,   0% used [0x0000000509e20000, 0x0000000509e20000, 0x000000050a660000)
 concurrent mark-sweep generation total 169344K, used 82216K [0x000000051a8c0000, 0x0000000524e20000, 0x00000007c0000000)
 Metaspace       used 69613K, capacity 69932K, committed 70460K, reserved 1110016K
  class space    used 9421K, capacity 9511K, committed 9592K, reserved 1048576K
}
Event: 120.764 GC heap before
{Heap before GC invocations=31 (full 2):
 par new generation   total 76160K, used 74406K [0x0000000505c00000, 0x000000050aea0000, 0x000000051a8c0000)
  eden space 67712K, 100% used [0x0000000505c00000, 0x0000000509e20000, 0x0000000509e20000)
  from space 8448K,  79% used [0x000000050a660000, 0x000000050ace9bf0, 0x000000050aea0000)
  to   space 8448K,   0% used [0x0000000509e20000, 0x0000000509e20000, 0x000000050a660000)
 concurrent mark-sweep generation total 169344K, used 82216K [0x000000051a8c0000, 0x0000000524e20000, 0x00000007c0000000)
 Metaspace       used 71238K, capacity 71598K, committed 72252K, reserved 1112064K
  class space    used 9643K, capacity 9778K, committed 9848K, reserved 1048576K
Event: 120.769 GC heap after
Heap after GC invocations=32 (full 2):
 par new generation   total 76160K, used 4950K [0x0000000505c00000, 0x000000050aea0000, 0x000000051a8c0000)
  eden space 67712K,   0% used [0x0000000505c00000, 0x0000000505c00000, 0x0000000509e20000)
  from space 8448K,  58% used [0x0000000509e20000, 0x000000050a2f5860, 0x000000050a660000)
  to   space 8448K,   0% used [0x000000050a660000, 0x000000050a660000, 0x000000050aea0000)
 concurrent mark-sweep generation total 169344K, used 83409K [0x000000051a8c0000, 0x0000000524e20000, 0x00000007c0000000)
 Metaspace       used 71238K, capacity 71598K, committed 72252K, reserved 1112064K
  class space    used 9643K, capacity 9778K, committed 9848K, reserved 1048576K
}
Event: 120.953 GC heap before
{Heap before GC invocations=32 (full 2):
 par new generation   total 76160K, used 72662K [0x0000000505c00000, 0x000000050aea0000, 0x000000051a8c0000)
  eden space 67712K, 100% used [0x0000000505c00000, 0x0000000509e20000, 0x0000000509e20000)
  from space 8448K,  58% used [0x0000000509e20000, 0x000000050a2f5860, 0x000000050a660000)
  to   space 8448K,   0% used [0x000000050a660000, 0x000000050a660000, 0x000000050aea0000)
 concurrent mark-sweep generation total 169344K, used 83409K [0x000000051a8c0000, 0x0000000524e20000, 0x00000007c0000000)
 Metaspace       used 73185K, capacity 73582K, committed 74044K, reserved 1114112K
  class space    used 9920K, capacity 10034K, committed 10104K, reserved 1048576K
Event: 120.957 GC heap after
Heap after GC invocations=33 (full 2):
 par new generation   total 76160K, used 5989K [0x0000000505c00000, 0x000000050aea0000, 0x000000051a8c0000)
  eden space 67712K,   0% used [0x0000000505c00000, 0x0000000505c00000, 0x0000000509e20000)
  from space 8448K,  70% used [0x000000050a660000, 0x000000050ac39508, 0x000000050aea0000)
  to   space 8448K,   0% used [0x0000000509e20000, 0x0000000509e20000, 0x000000050a660000)
 concurrent mark-sweep generation total 169344K, used 83409K [0x000000051a8c0000, 0x0000000524e20000, 0x00000007c0000000)
 Metaspace       used 73185K, capacity 73582K, committed 74044K, reserved 1114112K
  class space    used 9920K, capacity 10034K, committed 10104K, reserved 1048576K
}
Event: 121.438 GC heap before
{Heap before GC invocations=33 (full 2):
 par new generation   total 76160K, used 73701K [0x0000000505c00000, 0x000000050aea0000, 0x000000051a8c0000)
  eden space 67712K, 100% used [0x0000000505c00000, 0x0000000509e20000, 0x0000000509e20000)
  from space 8448K,  70% used [0x000000050a660000, 0x000000050ac39508, 0x000000050aea0000)
  to   space 8448K,   0% used [0x0000000509e20000, 0x0000000509e20000, 0x000000050a660000)
 concurrent mark-sweep generation total 169344K, used 83409K [0x000000051a8c0000, 0x0000000524e20000, 0x00000007c0000000)
 Metaspace       used 74656K, capacity 75022K, committed 75580K, reserved 1114112K
  class space    used 10142K, capacity 10258K, committed 10360K, reserved 1048576K
Event: 121.444 GC heap after
Heap after GC invocations=34 (full 2):
 par new generation   total 76160K, used 5624K [0x0000000505c00000, 0x000000050aea0000, 0x000000051a8c0000)
  eden space 67712K,   0% used [0x0000000505c00000, 0x0000000505c00000, 0x0000000509e20000)
  from space 8448K,  66% used [0x0000000509e20000, 0x000000050a39e160, 0x000000050a660000)
  to   space 8448K,   0% used [0x000000050a660000, 0x000000050a660000, 0x000000050aea0000)
 concurrent mark-sweep generation total 169344K, used 84221K [0x000000051a8c0000, 0x0000000524e20000, 0x00000007c0000000)
 Metaspace       used 74656K, capacity 75022K, committed 75580K, reserved 1114112K
  class space    used 10142K, capacity 10258K, committed 10360K, reserved 1048576K
}
Event: 121.689 GC heap before
{Heap before GC invocations=34 (full 2):
 par new generation   total 76160K, used 73336K [0x0000000505c00000, 0x000000050aea0000, 0x000000051a8c0000)
  eden space 67712K, 100% used [0x0000000505c00000, 0x0000000509e20000, 0x0000000509e20000)
  from space 8448K,  66% used [0x0000000509e20000, 0x000000050a39e160, 0x000000050a660000)
  to   space 8448K,   0% used [0x000000050a660000, 0x000000050a660000, 0x000000050aea0000)
 concurrent mark-sweep generation total 169344K, used 84221K [0x000000051a8c0000, 0x0000000524e20000, 0x00000007c0000000)
 Metaspace       used 76587K, capacity 76958K, committed 77628K, reserved 1116160K
  class space    used 10395K, capacity 10491K, committed 10616K, reserved 1048576K
Event: 121.694 GC heap after
Heap after GC invocations=35 (full 2):
 par new generation   total 76160K, used 6596K [0x0000000505c00000, 0x000000050aea0000, 0x000000051a8c0000)
  eden space 67712K,   0% used [0x0000000505c00000, 0x0000000505c00000, 0x0000000509e20000)
  from space 8448K,  78% used [0x000000050a660000, 0x000000050acd1020, 0x000000050aea0000)
  to   space 8448K,   0% used [0x0000000509e20000, 0x0000000509e20000, 0x000000050a660000)
 concurrent mark-sweep generation total 169344K, used 84221K [0x000000051a8c0000, 0x0000000524e20000, 0x00000007c0000000)
 Metaspace       used 76587K, capacity 76958K, committed 77628K, reserved 1116160K
  class space    used 10395K, capacity 10491K, committed 10616K, reserved 1048576K
}
Event: 273.823 GC heap before
{Heap before GC invocations=35 (full 2):
 par new generation   total 76160K, used 74308K [0x0000000505c00000, 0x000000050aea0000, 0x000000051a8c0000)
  eden space 67712K, 100% used [0x0000000505c00000, 0x0000000509e20000, 0x0000000509e20000)
  from space 8448K,  78% used [0x000000050a660000, 0x000000050acd1020, 0x000000050aea0000)
  to   space 8448K,   0% used [0x0000000509e20000, 0x0000000509e20000, 0x000000050a660000)
 concurrent mark-sweep generation total 169344K, used 84221K [0x000000051a8c0000, 0x0000000524e20000, 0x00000007c0000000)
 Metaspace       used 78105K, capacity 78548K, committed 79036K, reserved 1118208K
  class space    used 10608K, capacity 10732K, committed 10744K, reserved 1048576K
Event: 273.833 GC heap after
Heap after GC invocations=36 (full 2):
 par new generation   total 76160K, used 8448K [0x0000000505c00000, 0x000000050aea0000, 0x000000051a8c0000)
  eden space 67712K,   0% used [0x0000000505c00000, 0x0000000505c00000, 0x0000000509e20000)
  from space 8448K, 100% used [0x0000000509e20000, 0x000000050a660000, 0x000000050a660000)
  to   space 8448K,   0% used [0x000000050a660000, 0x000000050a660000, 0x000000050aea0000)
 concurrent mark-sweep generation total 169344K, used 87046K [0x000000051a8c0000, 0x0000000524e20000, 0x00000007c0000000)
 Metaspace       used 78105K, capacity 78548K, committed 79036K, reserved 1118208K
  class space    used 10608K, capacity 10732K, committed 10744K, reserved 1048576K
}
Event: 1075.880 GC heap before
{Heap before GC invocations=36 (full 2):
 par new generation   total 76160K, used 76160K [0x0000000505c00000, 0x000000050aea0000, 0x000000051a8c0000)
  eden space 67712K, 100% used [0x0000000505c00000, 0x0000000509e20000, 0x0000000509e20000)
  from space 8448K, 100% used [0x0000000509e20000, 0x000000050a660000, 0x000000050a660000)
  to   space 8448K,   0% used [0x000000050a660000, 0x000000050a660000, 0x000000050aea0000)
 concurrent mark-sweep generation total 169344K, used 87046K [0x000000051a8c0000, 0x0000000524e20000, 0x00000007c0000000)
 Metaspace       used 79459K, capacity 80038K, committed 80572K, reserved 1118208K
  class space    used 10748K, capacity 10895K, committed 11000K, reserved 1048576K
Event: 1075.888 GC heap after
Heap after GC invocations=37 (full 2):
 par new generation   total 76160K, used 4309K [0x0000000505c00000, 0x000000050aea0000, 0x000000051a8c0000)
  eden space 67712K,   0% used [0x0000000505c00000, 0x0000000505c00000, 0x0000000509e20000)
  from space 8448K,  51% used [0x000000050a660000, 0x000000050aa955d8, 0x000000050aea0000)
  to   space 8448K,   0% used [0x0000000509e20000, 0x0000000509e20000, 0x000000050a660000)
 concurrent mark-sweep generation total 169344K, used 90276K [0x000000051a8c0000, 0x0000000524e20000, 0x00000007c0000000)
 Metaspace       used 79459K, capacity 80038K, committed 80572K, reserved 1118208K
  class space    used 10748K, capacity 10895K, committed 11000K, reserved 1048576K
}
Event: 1076.115 GC heap before
{Heap before GC invocations=37 (full 2):
 par new generation   total 76160K, used 72021K [0x0000000505c00000, 0x000000050aea0000, 0x000000051a8c0000)
  eden space 67712K, 100% used [0x0000000505c00000, 0x0000000509e20000, 0x0000000509e20000)
  from space 8448K,  51% used [0x000000050a660000, 0x000000050aa955d8, 0x000000050aea0000)
  to   space 8448K,   0% used [0x0000000509e20000, 0x0000000509e20000, 0x000000050a660000)
 concurrent mark-sweep generation total 169344K, used 90276K [0x000000051a8c0000, 0x0000000524e20000, 0x00000007c0000000)
 Metaspace       used 81496K, capacity 82072K, committed 82620K, reserved 1120256K
  class space    used 11036K, capacity 11186K, committed 11256K, reserved 1048576K
Event: 1076.120 GC heap after
Heap after GC invocations=38 (full 2):
 par new generation   total 76160K, used 3573K [0x0000000505c00000, 0x000000050aea0000, 0x000000051a8c0000)
  eden space 67712K,   0% used [0x0000000505c00000, 0x0000000505c00000, 0x0000000509e20000)
  from space 8448K,  42% used [0x0000000509e20000, 0x000000050a19d688, 0x000000050a660000)
  to   space 8448K,   0% used [0x000000050a660000, 0x000000050a660000, 0x000000050aea0000)
 concurrent mark-sweep generation total 169344K, used 90276K [0x000000051a8c0000, 0x0000000524e20000, 0x00000007c0000000)
 Metaspace       used 81496K, capacity 82072K, committed 82620K, reserved 1120256K
  class space    used 11036K, capacity 11186K, committed 11256K, reserved 1048576K
}
Event: 1076.401 GC heap before
{Heap before GC invocations=38 (full 2):
 par new generation   total 76160K, used 71285K [0x0000000505c00000, 0x000000050aea0000, 0x000000051a8c0000)
  eden space 67712K, 100% used [0x0000000505c00000, 0x0000000509e20000, 0x0000000509e20000)
  from space 8448K,  42% used [0x0000000509e20000, 0x000000050a19d688, 0x000000050a660000)
  to   space 8448K,   0% used [0x000000050a660000, 0x000000050a660000, 0x000000050aea0000)
 concurrent mark-sweep generation total 169344K, used 90276K [0x000000051a8c0000, 0x0000000524e20000, 0x00000007c0000000)
 Metaspace       used 84349K, capacity 84920K, committed 85292K, reserved 1124352K
  class space    used 11338K, capacity 11474K, committed 11484K, reserved 1048576K
Event: 1076.410 GC heap after
Heap after GC invocations=39 (full 2):
 par new generation   total 76160K, used 5557K [0x0000000505c00000, 0x000000050aea0000, 0x000000051a8c0000)
  eden space 67712K,   0% used [0x0000000505c00000, 0x0000000505c00000, 0x0000000509e20000)
  from space 8448K,  65% used [0x000000050a660000, 0x000000050abcd4f8, 0x000000050aea0000)
  to   space 8448K,   0% used [0x0000000509e20000, 0x0000000509e20000, 0x000000050a660000)
 concurrent mark-sweep generation total 169344K, used 90276K [0x000000051a8c0000, 0x0000000524e20000, 0x00000007c0000000)
 Metaspace       used 84349K, capacity 84920K, committed 85292K, reserved 1124352K
  class space    used 11338K, capacity 11474K, committed 11484K, reserved 1048576K
}
Event: 1076.877 GC heap before
{Heap before GC invocations=39 (full 3):
 par new generation   total 76160K, used 73269K [0x0000000505c00000, 0x000000050aea0000, 0x000000051a8c0000)
  eden space 67712K, 100% used [0x0000000505c00000, 0x0000000509e20000, 0x0000000509e20000)
  from space 8448K,  65% used [0x000000050a660000, 0x000000050abcd4f8, 0x000000050aea0000)
  to   space 8448K,   0% used [0x0000000509e20000, 0x0000000509e20000, 0x000000050a660000)
 concurrent mark-sweep generation total 169344K, used 90276K [0x000000051a8c0000, 0x0000000524e20000, 0x00000007c0000000)
 Metaspace       used 87769K, capacity 88456K, committed 88868K, reserved 1126400K
  class space    used 11747K, capacity 11924K, committed 11968K, reserved 1048576K
Event: 1076.885 GC heap after
Heap after GC invocations=40 (full 3):
 par new generation   total 76160K, used 6329K [0x0000000505c00000, 0x000000050aea0000, 0x000000051a8c0000)
  eden space 67712K,   0% used [0x0000000505c00000, 0x0000000505c00000, 0x0000000509e20000)
  from space 8448K,  74% used [0x0000000509e20000, 0x000000050a44e5b0, 0x000000050a660000)
  to   space 8448K,   0% used [0x000000050a660000, 0x000000050a660000, 0x000000050aea0000)
 concurrent mark-sweep generation total 169344K, used 91490K [0x000000051a8c0000, 0x0000000524e20000, 0x00000007c0000000)
 Metaspace       used 87769K, capacity 88456K, committed 88868K, reserved 1126400K
  class space    used 11747K, capacity 11924K, committed 11968K, reserved 1048576K
}
Event: 1077.165 GC heap before
{Heap before GC invocations=40 (full 3):
 par new generation   total 76160K, used 74041K [0x0000000505c00000, 0x000000050aea0000, 0x000000051a8c0000)
  eden space 67712K, 100% used [0x0000000505c00000, 0x0000000509e20000, 0x0000000509e20000)
  from space 8448K,  74% used [0x0000000509e20000, 0x000000050a44e5b0, 0x000000050a660000)
  to   space 8448K,   0% used [0x000000050a660000, 0x000000050a660000, 0x000000050aea0000)
 concurrent mark-sweep generation total 169344K, used 89594K [0x000000051a8c0000, 0x0000000524e20000, 0x00000007c0000000)
 Metaspace       used 89802K, capacity 90494K, committed 90912K, reserved 1128448K
  class space    used 12052K, capacity 12237K, committed 12324K, reserved 1048576K
Event: 1077.174 GC heap after
Heap after GC invocations=41 (full 3):
 par new generation   total 76160K, used 5032K [0x0000000505c00000, 0x000000050aea0000, 0x000000051a8c0000)
  eden space 67712K,   0% used [0x0000000505c00000, 0x0000000505c00000, 0x0000000509e20000)
  from space 8448K,  59% used [0x000000050a660000, 0x000000050ab4a140, 0x000000050aea0000)
  to   space 8448K,   0% used [0x0000000509e20000, 0x0000000509e20000, 0x000000050a660000)
 concurrent mark-sweep generation total 169344K, used 93391K [0x000000051a8c0000, 0x0000000524e20000, 0x00000007c0000000)
 Metaspace       used 89802K, capacity 90494K, committed 90912K, reserved 1128448K
  class space    used 12052K, capacity 12237K, committed 12324K, reserved 1048576K
}
Event: 1077.452 GC heap before
{Heap before GC invocations=41 (full 3):
 par new generation   total 76160K, used 72744K [0x0000000505c00000, 0x000000050aea0000, 0x000000051a8c0000)
  eden space 67712K, 100% used [0x0000000505c00000, 0x0000000509e20000, 0x0000000509e20000)
  from space 8448K,  59% used [0x000000050a660000, 0x000000050ab4a140, 0x000000050aea0000)
  to   space 8448K,   0% used [0x0000000509e20000, 0x0000000509e20000, 0x000000050a660000)
 concurrent mark-sweep generation total 169344K, used 93391K [0x000000051a8c0000, 0x0000000524e20000, 0x00000007c0000000)
 Metaspace       used 93170K, capacity 94006K, committed 94548K, reserved 1130496K
  class space    used 12460K, capacity 12657K, committed 12708K, reserved 1048576K
Event: 1077.457 GC heap after
Heap after GC invocations=42 (full 3):
 par new generation   total 76160K, used 3856K [0x0000000505c00000, 0x000000050aea0000, 0x000000051a8c0000)
  eden space 67712K,   0% used [0x0000000505c00000, 0x0000000505c00000, 0x0000000509e20000)
  from space 8448K,  45% used [0x0000000509e20000, 0x000000050a1e4150, 0x000000050a660000)
  to   space 8448K,   0% used [0x000000050a660000, 0x000000050a660000, 0x000000050aea0000)
 concurrent mark-sweep generation total 169344K, used 93391K [0x000000051a8c0000, 0x0000000524e20000, 0x00000007c0000000)
 Metaspace       used 93170K, capacity 94006K, committed 94548K, reserved 1130496K
  class space    used 12460K, capacity 12657K, committed 12708K, reserved 1048576K
}
Event: 1078.052 GC heap before
{Heap before GC invocations=42 (full 3):
 par new generation   total 76160K, used 71568K [0x0000000505c00000, 0x000000050aea0000, 0x000000051a8c0000)
  eden space 67712K, 100% used [0x0000000505c00000, 0x0000000509e20000, 0x0000000509e20000)
  from space 8448K,  45% used [0x0000000509e20000, 0x000000050a1e4150, 0x000000050a660000)
  to   space 8448K,   0% used [0x000000050a660000, 0x000000050a660000, 0x000000050aea0000)
 concurrent mark-sweep generation total 169344K, used 93391K [0x000000051a8c0000, 0x0000000524e20000, 0x00000007c0000000)
 Metaspace       used 95129K, capacity 95916K, committed 96340K, reserved 1132544K
  class space    used 12706K, capacity 12886K, committed 12964K, reserved 1048576K
Event: 1078.058 GC heap after
Heap after GC invocations=43 (full 3):
 par new generation   total 76160K, used 3801K [0x0000000505c00000, 0x000000050aea0000, 0x000000051a8c0000)
  eden space 67712K,   0% used [0x0000000505c00000, 0x0000000505c00000, 0x0000000509e20000)
  from space 8448K,  45% used [0x000000050a660000, 0x000000050aa166a8, 0x000000050aea0000)
  to   space 8448K,   0% used [0x0000000509e20000, 0x0000000509e20000, 0x000000050a660000)
 concurrent mark-sweep generation total 169344K, used 93391K [0x000000051a8c0000, 0x0000000524e20000, 0x00000007c0000000)
 Metaspace       used 95129K, capacity 95916K, committed 96340K, reserved 1132544K
  class space    used 12706K, capacity 12886K, committed 12964K, reserved 1048576K
}
Event: 1082.533 GC heap before
{Heap before GC invocations=43 (full 3):
 par new generation   total 76160K, used 71262K [0x0000000505c00000, 0x000000050aea0000, 0x000000051a8c0000)
  eden space 67712K,  99% used [0x0000000505c00000, 0x0000000509de1398, 0x0000000509e20000)
  from space 8448K,  45% used [0x000000050a660000, 0x000000050aa166a8, 0x000000050aea0000)
  to   space 8448K,   0% used [0x0000000509e20000, 0x0000000509e20000, 0x000000050a660000)
 concurrent mark-sweep generation total 169344K, used 93391K [0x000000051a8c0000, 0x0000000524e20000, 0x00000007c0000000)
 Metaspace       used 96679K, capacity 97544K, committed 97876K, reserved 1134592K
  class space    used 13001K, capacity 13200K, committed 13220K, reserved 1048576K
Event: 1082.538 GC heap after
Heap after GC invocations=44 (full 3):
 par new generation   total 76160K, used 5439K [0x0000000505c00000, 0x000000050aea0000, 0x000000051a8c0000)
  eden space 67712K,   0% used [0x0000000505c00000, 0x0000000505c00000, 0x0000000509e20000)
  from space 8448K,  64% used [0x0000000509e20000, 0x000000050a36fd90, 0x000000050a660000)
  to   space 8448K,   0% used [0x000000050a660000, 0x000000050a660000, 0x000000050aea0000)
 concurrent mark-sweep generation total 169344K, used 93391K [0x000000051a8c0000, 0x0000000524e20000, 0x00000007c0000000)
 Metaspace       used 96679K, capacity 97544K, committed 97876K, reserved 1134592K
  class space    used 13001K, capacity 13200K, committed 13220K, reserved 1048576K
}
Event: 1086.344 GC heap before
{Heap before GC invocations=44 (full 3):
 par new generation   total 76160K, used 73151K [0x0000000505c00000, 0x000000050aea0000, 0x000000051a8c0000)
  eden space 67712K, 100% used [0x0000000505c00000, 0x0000000509e20000, 0x0000000509e20000)
  from space 8448K,  64% used [0x0000000509e20000, 0x000000050a36fd90, 0x000000050a660000)
  to   space 8448K,   0% used [0x000000050a660000, 0x000000050a660000, 0x000000050aea0000)
 concurrent mark-sweep generation total 169344K, used 93391K [0x000000051a8c0000, 0x0000000524e20000, 0x00000007c0000000)
 Metaspace       used 97497K, capacity 98368K, committed 98516K, reserved 1134592K
  class space    used 13148K, capacity 13342K, committed 13348K, reserved 1048576K
Event: 1086.362 GC heap after
Heap after GC invocations=45 (full 3):
 par new generation   total 76160K, used 5312K [0x0000000505c00000, 0x000000050aea0000, 0x000000051a8c0000)
  eden space 67712K,   0% used [0x0000000505c00000, 0x0000000505c00000, 0x0000000509e20000)
  from space 8448K,  62% used [0x000000050a660000, 0x000000050ab903f0, 0x000000050aea0000)
  to   space 8448K,   0% used [0x0000000509e20000, 0x0000000509e20000, 0x000000050a660000)
 concurrent mark-sweep generation total 169344K, used 110195K [0x000000051a8c0000, 0x0000000524e20000, 0x00000007c0000000)
 Metaspace       used 97497K, capacity 98368K, committed 98516K, reserved 1134592K
  class space    used 13148K, capacity 13342K, committed 13348K, reserved 1048576K
}
Event: 1711.056 GC heap before
{Heap before GC invocations=45 (full 3):
 par new generation   total 76160K, used 73024K [0x0000000505c00000, 0x000000050aea0000, 0x000000051a8c0000)
  eden space 67712K, 100% used [0x0000000505c00000, 0x0000000509e20000, 0x0000000509e20000)
  from space 8448K,  62% used [0x000000050a660000, 0x000000050ab903f0, 0x000000050aea0000)
  to   space 8448K,   0% used [0x0000000509e20000, 0x0000000509e20000, 0x000000050a660000)
 concurrent mark-sweep generation total 169344K, used 110195K [0x000000051a8c0000, 0x0000000524e20000, 0x00000007c0000000)
 Metaspace       used 98606K, capacity 99520K, committed 99796K, reserved 1136640K
  class space    used 13333K, capacity 13544K, committed 13604K, reserved 1048576K
Event: 1711.061 GC heap after
Heap after GC invocations=46 (full 3):
 par new generation   total 76160K, used 7337K [0x0000000505c00000, 0x000000050aea0000, 0x000000051a8c0000)
  eden space 67712K,   0% used [0x0000000505c00000, 0x0000000505c00000, 0x0000000509e20000)
  from space 8448K,  86% used [0x0000000509e20000, 0x000000050a54a5e0, 0x000000050a660000)
  to   space 8448K,   0% used [0x000000050a660000, 0x000000050a660000, 0x000000050aea0000)
 concurrent mark-sweep generation total 169344K, used 110195K [0x000000051a8c0000, 0x0000000524e20000, 0x00000007c0000000)
 Metaspace       used 98606K, capacity 99520K, committed 99796K, reserved 1136640K
  class space    used 13333K, capacity 13544K, committed 13604K, reserved 1048576K
}
Event: 1815.158 GC heap before
{Heap before GC invocations=46 (full 3):
 par new generation   total 76160K, used 11062K [0x0000000505c00000, 0x000000050aea0000, 0x000000051a8c0000)
  eden space 67712K,   5% used [0x0000000505c00000, 0x0000000505fa3560, 0x0000000509e20000)
  from space 8448K,  86% used [0x0000000509e20000, 0x000000050a54a5e0, 0x000000050a660000)
  to   space 8448K,   0% used [0x000000050a660000, 0x000000050a660000, 0x000000050aea0000)
 concurrent mark-sweep generation total 169344K, used 110195K [0x000000051a8c0000, 0x0000000524e20000, 0x00000007c0000000)
 Metaspace       used 98628K, capacity 99520K, committed 99796K, reserved 1136640K
  class space    used 13333K, capacity 13544K, committed 13604K, reserved 1048576K
Event: 1815.314 GC heap after
Heap after GC invocations=47 (full 4):
 par new generation   total 85184K, used 0K [0x0000000505c00000, 0x000000050b860000, 0x000000051a8c0000)
  eden space 75776K,   0% used [0x0000000505c00000, 0x0000000505c00000, 0x000000050a600000)
  from space 9408K,   0% used [0x000000050a600000, 0x000000050a600000, 0x000000050af30000)
  to   space 9408K,   0% used [0x000000050af30000, 0x000000050af30000, 0x000000050b860000)
 concurrent mark-sweep generation total 189048K, used 113428K [0x000000051a8c0000, 0x000000052615e000, 0x00000007c0000000)
 Metaspace       used 98624K, capacity 99514K, committed 99796K, reserved 1136640K
  class space    used 13333K, capacity 13543K, committed 13604K, reserved 1048576K
}
Event: 2820.322 GC heap before
{Heap before GC invocations=47 (full 4):
 par new generation   total 85184K, used 75776K [0x0000000505c00000, 0x000000050b860000, 0x000000051a8c0000)
  eden space 75776K, 100% used [0x0000000505c00000, 0x000000050a600000, 0x000000050a600000)
  from space 9408K,   0% used [0x000000050a600000, 0x000000050a600000, 0x000000050af30000)
  to   space 9408K,   0% used [0x000000050af30000, 0x000000050af30000, 0x000000050b860000)
 concurrent mark-sweep generation total 189048K, used 113428K [0x000000051a8c0000, 0x000000052615e000, 0x00000007c0000000)
 Metaspace       used 99653K, capacity 101130K, committed 101204K, reserved 1136640K
  class space    used 13427K, capacity 13715K, committed 13732K, reserved 1048576K
Event: 2820.337 GC heap after
Heap after GC invocations=48 (full 4):
 par new generation   total 85184K, used 2230K [0x0000000505c00000, 0x000000050b860000, 0x000000051a8c0000)
  eden space 75776K,   0% used [0x0000000505c00000, 0x0000000505c00000, 0x000000050a600000)
  from space 9408K,  23% used [0x000000050af30000, 0x000000050b15da40, 0x000000050b860000)
  to   space 9408K,   0% used [0x000000050a600000, 0x000000050a600000, 0x000000050af30000)
 concurrent mark-sweep generation total 189048K, used 129814K [0x000000051a8c0000, 0x000000052615e000, 0x00000007c0000000)
 Metaspace       used 99653K, capacity 101130K, committed 101204K, reserved 1136640K
  class space    used 13427K, capacity 13715K, committed 13732K, reserved 1048576K
}
Event: 3283.518 GC heap before
{Heap before GC invocations=48 (full 4):
 par new generation   total 85184K, used 78006K [0x0000000505c00000, 0x000000050b860000, 0x000000051a8c0000)
  eden space 75776K, 100% used [0x0000000505c00000, 0x000000050a600000, 0x000000050a600000)
  from space 9408K,  23% used [0x000000050af30000, 0x000000050b15da40, 0x000000050b860000)
  to   space 9408K,   0% used [0x000000050a600000, 0x000000050a600000, 0x000000050af30000)
 concurrent mark-sweep generation total 189048K, used 129814K [0x000000051a8c0000, 0x000000052615e000, 0x00000007c0000000)
 Metaspace       used 100010K, capacity 101560K, committed 101716K, reserved 1136640K
  class space    used 13429K, capacity 13720K, committed 13732K, reserved 1048576K
Event: 3283.535 GC heap after
Heap after GC invocations=49 (full 4):
 par new generation   total 85184K, used 2234K [0x0000000505c00000, 0x000000050b860000, 0x000000051a8c0000)
  eden space 75776K,   0% used [0x0000000505c00000, 0x0000000505c00000, 0x000000050a600000)
  from space 9408K,  23% used [0x000000050a600000, 0x000000050a82e870, 0x000000050af30000)
  to   space 9408K,   0% used [0x000000050af30000, 0x000000050af30000, 0x000000050b860000)
 concurrent mark-sweep generation total 189048K, used 162584K [0x000000051a8c0000, 0x000000052615e000, 0x00000007c0000000)
 Metaspace       used 100010K, capacity 101560K, committed 101716K, reserved 1136640K
  class space    used 13429K, capacity 13720K, committed 13732K, reserved 1048576K
}
Event: 3292.118 GC heap before
{Heap before GC invocations=49 (full 5):
 par new generation   total 85184K, used 78010K [0x0000000505c00000, 0x000000050b860000, 0x000000051a8c0000)
  eden space 75776K, 100% used [0x0000000505c00000, 0x000000050a600000, 0x000000050a600000)
  from space 9408K,  23% used [0x000000050a600000, 0x000000050a82e870, 0x000000050af30000)
  to   space 9408K,   0% used [0x000000050af30000, 0x000000050af30000, 0x000000050b860000)
 concurrent mark-sweep generation total 270612K, used 162364K [0x000000051a8c0000, 0x000000052b105000, 0x00000007c0000000)
 Metaspace       used 102080K, capacity 103616K, committed 103892K, reserved 1138688K
  class space    used 13764K, capacity 14052K, committed 14116K, reserved 1048576K
Event: 3292.123 GC heap after
Heap after GC invocations=50 (full 5):
 par new generation   total 85184K, used 4292K [0x0000000505c00000, 0x000000050b860000, 0x000000051a8c0000)
  eden space 75776K,   0% used [0x0000000505c00000, 0x0000000505c00000, 0x000000050a600000)
  from space 9408K,  45% used [0x000000050af30000, 0x000000050b3612a8, 0x000000050b860000)
  to   space 9408K,   0% used [0x000000050a600000, 0x000000050a600000, 0x000000050af30000)
 concurrent mark-sweep generation total 270612K, used 162364K [0x000000051a8c0000, 0x000000052b105000, 0x00000007c0000000)
 Metaspace       used 102080K, capacity 103616K, committed 103892K, reserved 1138688K
  class space    used 13764K, capacity 14052K, committed 14116K, reserved 1048576K
}
Event: 3304.322 GC heap before
{Heap before GC invocations=50 (full 5):
 par new generation   total 85184K, used 80068K [0x0000000505c00000, 0x000000050b860000, 0x000000051a8c0000)
  eden space 75776K, 100% used [0x0000000505c00000, 0x000000050a600000, 0x000000050a600000)
  from space 9408K,  45% used [0x000000050af30000, 0x000000050b3612a8, 0x000000050b860000)
  to   space 9408K,   0% used [0x000000050a600000, 0x000000050a600000, 0x000000050af30000)
 concurrent mark-sweep generation total 270612K, used 162364K [0x000000051a8c0000, 0x000000052b105000, 0x00000007c0000000)
 Metaspace       used 104426K, capacity 105984K, committed 106324K, reserved 1140736K
  class space    used 14135K, capacity 14436K, committed 14500K, reserved 1048576K
Event: 3304.328 GC heap after
Heap after GC invocations=51 (full 5):
 par new generation   total 85184K, used 5381K [0x0000000505c00000, 0x000000050b860000, 0x000000051a8c0000)
  eden space 75776K,   0% used [0x0000000505c00000, 0x0000000505c00000, 0x000000050a600000)
  from space 9408K,  57% used [0x000000050a600000, 0x000000050ab41620, 0x000000050af30000)
  to   space 9408K,   0% used [0x000000050af30000, 0x000000050af30000, 0x000000050b860000)
 concurrent mark-sweep generation total 270612K, used 162364K [0x000000051a8c0000, 0x000000052b105000, 0x00000007c0000000)
 Metaspace       used 104426K, capacity 105984K, committed 106324K, reserved 1140736K
  class space    used 14135K, capacity 14436K, committed 14500K, reserved 1048576K
}
Event: 3304.516 GC heap before
{Heap before GC invocations=51 (full 5):
 par new generation   total 85184K, used 81157K [0x0000000505c00000, 0x000000050b860000, 0x000000051a8c0000)
  eden space 75776K, 100% used [0x0000000505c00000, 0x000000050a600000, 0x000000050a600000)
  from space 9408K,  57% used [0x000000050a600000, 0x000000050ab41620, 0x000000050af30000)
  to   space 9408K,   0% used [0x000000050af30000, 0x000000050af30000, 0x000000050b860000)
 concurrent mark-sweep generation total 270612K, used 162364K [0x000000051a8c0000, 0x000000052b105000, 0x00000007c0000000)
 Metaspace       used 106399K, capacity 107904K, committed 108116K, reserved 1142784K
  class space    used 14477K, capacity 14756K, committed 14756K, reserved 1048576K
Event: 3304.521 GC heap after
Heap after GC invocations=52 (full 5):
 par new generation   total 85184K, used 5935K [0x0000000505c00000, 0x000000050b860000, 0x000000051a8c0000)
  eden space 75776K,   0% used [0x0000000505c00000, 0x0000000505c00000, 0x000000050a600000)
  from space 9408K,  63% used [0x000000050af30000, 0x000000050b4fbc00, 0x000000050b860000)
  to   space 9408K,   0% used [0x000000050a600000, 0x000000050a600000, 0x000000050af30000)
 concurrent mark-sweep generation total 270612K, used 162364K [0x000000051a8c0000, 0x000000052b105000, 0x00000007c0000000)
 Metaspace       used 106399K, capacity 107904K, committed 108116K, reserved 1142784K
  class space    used 14477K, capacity 14756K, committed 14756K, reserved 1048576K
}
Event: 3615.158 GC heap before
{Heap before GC invocations=52 (full 5):
 par new generation   total 85184K, used 74677K [0x0000000505c00000, 0x000000050b860000, 0x000000051a8c0000)
  eden space 75776K,  90% used [0x0000000505c00000, 0x0000000509f21b60, 0x000000050a600000)
  from space 9408K,  63% used [0x000000050af30000, 0x000000050b4fbc00, 0x000000050b860000)
  to   space 9408K,   0% used [0x000000050a600000, 0x000000050a600000, 0x000000050af30000)
 concurrent mark-sweep generation total 270612K, used 162364K [0x000000051a8c0000, 0x000000052b105000, 0x00000007c0000000)
 Metaspace       used 107163K, capacity 108754K, committed 109012K, reserved 1142784K
  class space    used 14556K, capacity 14843K, committed 14884K, reserved 1048576K
Event: 3615.364 GC heap after
Heap after GC invocations=53 (full 6):
 par new generation   total 124800K, used 0K [0x0000000505c00000, 0x000000050e360000, 0x000000051a8c0000)
  eden space 110976K,   0% used [0x0000000505c00000, 0x0000000505c00000, 0x000000050c860000)
  from space 13824K,   0% used [0x000000050c860000, 0x000000050c860000, 0x000000050d5e0000)
  to   space 13824K,   0% used [0x000000050d5e0000, 0x000000050d5e0000, 0x000000050e360000)
 concurrent mark-sweep generation total 277112K, used 166266K [0x000000051a8c0000, 0x000000052b75e000, 0x00000007c0000000)
 Metaspace       used 107159K, capacity 108748K, committed 109012K, reserved 1142784K
  class space    used 14555K, capacity 14842K, committed 14884K, reserved 1048576K
}
Event: 5381.095 GC heap before
{Heap before GC invocations=53 (full 6):
 par new generation   total 124800K, used 110976K [0x0000000505c00000, 0x000000050e360000, 0x000000051a8c0000)
  eden space 110976K, 100% used [0x0000000505c00000, 0x000000050c860000, 0x000000050c860000)
  from space 13824K,   0% used [0x000000050c860000, 0x000000050c860000, 0x000000050d5e0000)
  to   space 13824K,   0% used [0x000000050d5e0000, 0x000000050d5e0000, 0x000000050e360000)
 concurrent mark-sweep generation total 277112K, used 166266K [0x000000051a8c0000, 0x000000052b75e000, 0x00000007c0000000)
 Metaspace       used 107723K, capacity 109324K, committed 109524K, reserved 1144832K
  class space    used 14556K, capacity 14842K, committed 14884K, reserved 1048576K
Event: 5381.098 GC heap after
Heap after GC invocations=54 (full 6):
 par new generation   total 124800K, used 2492K [0x0000000505c00000, 0x000000050e360000, 0x000000051a8c0000)
  eden space 110976K,   0% used [0x0000000505c00000, 0x0000000505c00000, 0x000000050c860000)
  from space 13824K,  18% used [0x000000050d5e0000, 0x000000050d84f2b0, 0x000000050e360000)
  to   space 13824K,   0% used [0x000000050c860000, 0x000000050c860000, 0x000000050d5e0000)
 concurrent mark-sweep generation total 277112K, used 166266K [0x000000051a8c0000, 0x000000052b75e000, 0x00000007c0000000)
 Metaspace       used 107723K, capacity 109324K, committed 109524K, reserved 1144832K
  class space    used 14556K, capacity 14842K, committed 14884K, reserved 1048576K
}
Event: 5415.158 GC heap before
{Heap before GC invocations=54 (full 6):
 par new generation   total 124800K, used 41790K [0x0000000505c00000, 0x000000050e360000, 0x000000051a8c0000)
  eden space 110976K,  35% used [0x0000000505c00000, 0x0000000508260818, 0x000000050c860000)
  from space 13824K,  18% used [0x000000050d5e0000, 0x000000050d84f2b0, 0x000000050e360000)
  to   space 13824K,   0% used [0x000000050c860000, 0x000000050c860000, 0x000000050d5e0000)
 concurrent mark-sweep generation total 277112K, used 166266K [0x000000051a8c0000, 0x000000052b75e000, 0x00000007c0000000)
 Metaspace       used 108081K, capacity 109698K, committed 109780K, reserved 1144832K
  class space    used 14560K, capacity 14851K, committed 14884K, reserved 1048576K
Event: 5415.339 GC heap after
Heap after GC invocations=55 (full 7):
 par new generation   total 124800K, used 0K [0x0000000505c00000, 0x000000050e360000, 0x000000051a8c0000)
  eden space 110976K,   0% used [0x0000000505c00000, 0x0000000505c00000, 0x000000050c860000)
  from space 13824K,   0% used [0x000000050d5e0000, 0x000000050d5e0000, 0x000000050e360000)
  to   space 13824K,   0% used [0x000000050c860000, 0x000000050c860000, 0x000000050d5e0000)
 concurrent mark-sweep generation total 277112K, used 166072K [0x000000051a8c0000, 0x000000052b75e000, 0x00000007c0000000)
 Metaspace       used 108081K, capacity 109698K, committed 109780K, reserved 1144832K
  class space    used 14560K, capacity 14851K, committed 14884K, reserved 1048576K
}
Event: 5748.828 GC heap before
{Heap before GC invocations=55 (full 7):
 par new generation   total 124800K, used 110976K [0x0000000505c00000, 0x000000050e360000, 0x000000051a8c0000)
  eden space 110976K, 100% used [0x0000000505c00000, 0x000000050c860000, 0x000000050c860000)
  from space 13824K,   0% used [0x000000050d5e0000, 0x000000050d5e0000, 0x000000050e360000)
  to   space 13824K,   0% used [0x000000050c860000, 0x000000050c860000, 0x000000050d5e0000)
 concurrent mark-sweep generation total 277112K, used 166072K [0x000000051a8c0000, 0x000000052b75e000, 0x00000007c0000000)
 Metaspace       used 109130K, capacity 110792K, committed 110932K, reserved 1144832K
  class space    used 14654K, capacity 14980K, committed 15012K, reserved 1048576K
Event: 5748.834 GC heap after
Heap after GC invocations=56 (full 7):
 par new generation   total 124800K, used 3064K [0x0000000505c00000, 0x000000050e360000, 0x000000051a8c0000)
  eden space 110976K,   0% used [0x0000000505c00000, 0x0000000505c00000, 0x000000050c860000)
  from space 13824K,  22% used [0x000000050c860000, 0x000000050cb5e3b0, 0x000000050d5e0000)
  to   space 13824K,   0% used [0x000000050d5e0000, 0x000000050d5e0000, 0x000000050e360000)
 concurrent mark-sweep generation total 277112K, used 166072K [0x000000051a8c0000, 0x000000052b75e000, 0x00000007c0000000)
 Metaspace       used 109130K, capacity 110792K, committed 110932K, reserved 1144832K
  class space    used 14654K, capacity 14980K, committed 15012K, reserved 1048576K
}
Event: 5948.481 GC heap before
{Heap before GC invocations=56 (full 7):
 par new generation   total 124800K, used 114040K [0x0000000505c00000, 0x000000050e360000, 0x000000051a8c0000)
  eden space 110976K, 100% used [0x0000000505c00000, 0x000000050c860000, 0x000000050c860000)
  from space 13824K,  22% used [0x000000050c860000, 0x000000050cb5e3b0, 0x000000050d5e0000)
  to   space 13824K,   0% used [0x000000050d5e0000, 0x000000050d5e0000, 0x000000050e360000)
 concurrent mark-sweep generation total 277112K, used 166072K [0x000000051a8c0000, 0x000000052b75e000, 0x00000007c0000000)
 Metaspace       used 110501K, capacity 112140K, committed 112468K, reserved 1146880K
  class space    used 14867K, capacity 15182K, committed 15268K, reserved 1048576K
Event: 5948.487 GC heap after
Heap after GC invocations=57 (full 7):
 par new generation   total 124800K, used 5476K [0x0000000505c00000, 0x000000050e360000, 0x000000051a8c0000)
  eden space 110976K,   0% used [0x0000000505c00000, 0x0000000505c00000, 0x000000050c860000)
  from space 13824K,  39% used [0x000000050d5e0000, 0x000000050db39140, 0x000000050e360000)
  to   space 13824K,   0% used [0x000000050c860000, 0x000000050c860000, 0x000000050d5e0000)
 concurrent mark-sweep generation total 277112K, used 166072K [0x000000051a8c0000, 0x000000052b75e000, 0x00000007c0000000)
 Metaspace       used 110501K, capacity 112140K, committed 112468K, reserved 1146880K
  class space    used 14867K, capacity 15182K, committed 15268K, reserved 1048576K
}
Event: 5975.982 GC heap before
{Heap before GC invocations=57 (full 7):
 par new generation   total 124800K, used 116408K [0x0000000505c00000, 0x000000050e360000, 0x000000051a8c0000)
  eden space 110976K,  99% used [0x0000000505c00000, 0x000000050c855130, 0x000000050c860000)
  from space 13824K,  39% used [0x000000050d5e0000, 0x000000050db39140, 0x000000050e360000)
  to   space 13824K,   0% used [0x000000050c860000, 0x000000050c860000, 0x000000050d5e0000)
 concurrent mark-sweep generation total 277112K, used 166072K [0x000000051a8c0000, 0x000000052b75e000, 0x00000007c0000000)
 Metaspace       used 113200K, capacity 114892K, committed 115156K, reserved 1148928K
  class space    used 15213K, capacity 15536K, committed 15652K, reserved 1048576K
Event: 5975.990 GC heap after
Heap after GC invocations=58 (full 7):
 par new generation   total 124800K, used 8350K [0x0000000505c00000, 0x000000050e360000, 0x000000051a8c0000)
  eden space 110976K,   0% used [0x0000000505c00000, 0x0000000505c00000, 0x000000050c860000)
  from space 13824K,  60% used [0x000000050c860000, 0x000000050d087b60, 0x000000050d5e0000)
  to   space 13824K,   0% used [0x000000050d5e0000, 0x000000050d5e0000, 0x000000050e360000)
 concurrent mark-sweep generation total 277112K, used 166072K [0x000000051a8c0000, 0x000000052b75e000, 0x00000007c0000000)
 Metaspace       used 113200K, capacity 114892K, committed 115156K, reserved 1148928K
  class space    used 15213K, capacity 15536K, committed 15652K, reserved 1048576K
}
Event: 6054.746 GC heap before
{Heap before GC invocations=58 (full 7):
 par new generation   total 124800K, used 119284K [0x0000000505c00000, 0x000000050e360000, 0x000000051a8c0000)
  eden space 110976K,  99% used [0x0000000505c00000, 0x000000050c8555a8, 0x000000050c860000)
  from space 13824K,  60% used [0x000000050c860000, 0x000000050d087b60, 0x000000050d5e0000)
  to   space 13824K,   0% used [0x000000050d5e0000, 0x000000050d5e0000, 0x000000050e360000)
 concurrent mark-sweep generation total 277112K, used 166072K [0x000000051a8c0000, 0x000000052b75e000, 0x00000007c0000000)
 Metaspace       used 113728K, capacity 115502K, committed 115668K, reserved 1148928K
  class space    used 15229K, capacity 15563K, committed 15652K, reserved 1048576K
Event: 6054.753 GC heap after
Heap after GC invocations=59 (full 7):
 par new generation   total 124800K, used 8009K [0x0000000505c00000, 0x000000050e360000, 0x000000051a8c0000)
  eden space 110976K,   0% used [0x0000000505c00000, 0x0000000505c00000, 0x000000050c860000)
  from space 13824K,  57% used [0x000000050d5e0000, 0x000000050ddb2650, 0x000000050e360000)
  to   space 13824K,   0% used [0x000000050c860000, 0x000000050c860000, 0x000000050d5e0000)
 concurrent mark-sweep generation total 277112K, used 166072K [0x000000051a8c0000, 0x000000052b75e000, 0x00000007c0000000)
 Metaspace       used 113728K, capacity 115502K, committed 115668K, reserved 1148928K
  class space    used 15229K, capacity 15563K, committed 15652K, reserved 1048576K
}
Event: 6133.735 GC heap before
{Heap before GC invocations=59 (full 7):
 par new generation   total 124800K, used 118985K [0x0000000505c00000, 0x000000050e360000, 0x000000051a8c0000)
  eden space 110976K, 100% used [0x0000000505c00000, 0x000000050c860000, 0x000000050c860000)
  from space 13824K,  57% used [0x000000050d5e0000, 0x000000050ddb2650, 0x000000050e360000)
  to   space 13824K,   0% used [0x000000050c860000, 0x000000050c860000, 0x000000050d5e0000)
 concurrent mark-sweep generation total 277112K, used 166072K [0x000000051a8c0000, 0x000000052b75e000, 0x00000007c0000000)
 Metaspace       used 113893K, capacity 115630K, committed 115924K, reserved 1148928K
  class space    used 15230K, capacity 15563K, committed 15652K, reserved 1048576K
Event: 6133.743 GC heap after
Heap after GC invocations=60 (full 7):
 par new generation   total 124800K, used 11013K [0x0000000505c00000, 0x000000050e360000, 0x000000051a8c0000)
  eden space 110976K,   0% used [0x0000000505c00000, 0x0000000505c00000, 0x000000050c860000)
  from space 13824K,  79% used [0x000000050c860000, 0x000000050d3215c0, 0x000000050d5e0000)
  to   space 13824K,   0% used [0x000000050d5e0000, 0x000000050d5e0000, 0x000000050e360000)
 concurrent mark-sweep generation total 277112K, used 166072K [0x000000051a8c0000, 0x000000052b75e000, 0x00000007c0000000)
 Metaspace       used 113893K, capacity 115630K, committed 115924K, reserved 1148928K
  class space    used 15230K, capacity 15563K, committed 15652K, reserved 1048576K
}
Event: 6254.127 GC heap before
{Heap before GC invocations=60 (full 7):
 par new generation   total 124800K, used 121989K [0x0000000505c00000, 0x000000050e360000, 0x000000051a8c0000)
  eden space 110976K, 100% used [0x0000000505c00000, 0x000000050c860000, 0x000000050c860000)
  from space 13824K,  79% used [0x000000050c860000, 0x000000050d3215c0, 0x000000050d5e0000)
  to   space 13824K,   0% used [0x000000050d5e0000, 0x000000050d5e0000, 0x000000050e360000)
 concurrent mark-sweep generation total 277112K, used 166072K [0x000000051a8c0000, 0x000000052b75e000, 0x00000007c0000000)
 Metaspace       used 114199K, capacity 115930K, committed 116180K, reserved 1150976K
  class space    used 15255K, capacity 15597K, committed 15652K, reserved 1048576K
Event: 6254.136 GC heap after
Heap after GC invocations=61 (full 7):
 par new generation   total 124800K, used 9738K [0x0000000505c00000, 0x000000050e360000, 0x000000051a8c0000)
  eden space 110976K,   0% used [0x0000000505c00000, 0x0000000505c00000, 0x000000050c860000)
  from space 13824K,  70% used [0x000000050d5e0000, 0x000000050df62b48, 0x000000050e360000)
  to   space 13824K,   0% used [0x000000050c860000, 0x000000050c860000, 0x000000050d5e0000)
 concurrent mark-sweep generation total 277112K, used 166072K [0x000000051a8c0000, 0x000000052b75e000, 0x00000007c0000000)
 Metaspace       used 114199K, capacity 115930K, committed 116180K, reserved 1150976K
  class space    used 15255K, capacity 15597K, committed 15652K, reserved 1048576K
}
Event: 6752.500 GC heap before
{Heap before GC invocations=61 (full 7):
 par new generation   total 124800K, used 120714K [0x0000000505c00000, 0x000000050e360000, 0x000000051a8c0000)
  eden space 110976K, 100% used [0x0000000505c00000, 0x000000050c860000, 0x000000050c860000)
  from space 13824K,  70% used [0x000000050d5e0000, 0x000000050df62b48, 0x000000050e360000)
  to   space 13824K,   0% used [0x000000050c860000, 0x000000050c860000, 0x000000050d5e0000)
 concurrent mark-sweep generation total 277112K, used 166072K [0x000000051a8c0000, 0x000000052b75e000, 0x00000007c0000000)
 Metaspace       used 115271K, capacity 116962K, committed 117076K, reserved 1150976K
  class space    used 15400K, capacity 15725K, committed 15780K, reserved 1048576K
Event: 6752.509 GC heap after
Heap after GC invocations=62 (full 7):
 par new generation   total 124800K, used 7107K [0x0000000505c00000, 0x000000050e360000, 0x000000051a8c0000)
  eden space 110976K,   0% used [0x0000000505c00000, 0x0000000505c00000, 0x000000050c860000)
  from space 13824K,  51% used [0x000000050c860000, 0x000000050cf50ec8, 0x000000050d5e0000)
  to   space 13824K,   0% used [0x000000050d5e0000, 0x000000050d5e0000, 0x000000050e360000)
 concurrent mark-sweep generation total 277112K, used 168493K [0x000000051a8c0000, 0x000000052b75e000, 0x00000007c0000000)
 Metaspace       used 115271K, capacity 116962K, committed 117076K, reserved 1150976K
  class space    used 15400K, capacity 15725K, committed 15780K, reserved 1048576K
}
Event: 7215.158 GC heap before
{Heap before GC invocations=62 (full 7):
 par new generation   total 124800K, used 77304K [0x0000000505c00000, 0x000000050e360000, 0x000000051a8c0000)
  eden space 110976K,  63% used [0x0000000505c00000, 0x000000050a08d478, 0x000000050c860000)
  from space 13824K,  51% used [0x000000050c860000, 0x000000050cf50ec8, 0x000000050d5e0000)
  to   space 13824K,   0% used [0x000000050d5e0000, 0x000000050d5e0000, 0x000000050e360000)
 concurrent mark-sweep generation total 277112K, used 168493K [0x000000051a8c0000, 0x000000052b75e000, 0x00000007c0000000)
 Metaspace       used 115795K, capacity 117538K, committed 117716K, reserved 1150976K
  class space    used 15450K, capacity 15789K, committed 15908K, reserved 1048576K
Event: 7215.382 GC heap after
Heap after GC invocations=63 (full 8):
 par new generation   total 128512K, used 0K [0x0000000505c00000, 0x000000050e770000, 0x000000051a8c0000)
  eden space 114240K,   0% used [0x0000000505c00000, 0x0000000505c00000, 0x000000050cb90000)
  from space 14272K,   0% used [0x000000050cb90000, 0x000000050cb90000, 0x000000050d980000)
  to   space 14272K,   0% used [0x000000050d980000, 0x000000050d980000, 0x000000050e770000)
 concurrent mark-sweep generation total 285416K, used 171249K [0x000000051a8c0000, 0x000000052bf7a000, 0x00000007c0000000)
 Metaspace       used 115791K, capacity 117532K, committed 117716K, reserved 1150976K
  class space    used 15449K, capacity 15788K, committed 15908K, reserved 1048576K
}
Event: 7843.925 GC heap before
{Heap before GC invocations=63 (full 8):
 par new generation   total 128512K, used 114240K [0x0000000505c00000, 0x000000050e770000, 0x000000051a8c0000)
  eden space 114240K, 100% used [0x0000000505c00000, 0x000000050cb90000, 0x000000050cb90000)
  from space 14272K,   0% used [0x000000050cb90000, 0x000000050cb90000, 0x000000050d980000)
  to   space 14272K,   0% used [0x000000050d980000, 0x000000050d980000, 0x000000050e770000)
 concurrent mark-sweep generation total 285416K, used 171249K [0x000000051a8c0000, 0x000000052bf7a000, 0x00000007c0000000)
 Metaspace       used 116356K, capacity 118044K, committed 118228K, reserved 1150976K
  class space    used 15530K, capacity 15852K, committed 15908K, reserved 1048576K
Event: 7843.931 GC heap after
Heap after GC invocations=64 (full 8):
 par new generation   total 128512K, used 2548K [0x0000000505c00000, 0x000000050e770000, 0x000000051a8c0000)
  eden space 114240K,   0% used [0x0000000505c00000, 0x0000000505c00000, 0x000000050cb90000)
  from space 14272K,  17% used [0x000000050d980000, 0x000000050dbfd3d0, 0x000000050e770000)
  to   space 14272K,   0% used [0x000000050cb90000, 0x000000050cb90000, 0x000000050d980000)
 concurrent mark-sweep generation total 285416K, used 171249K [0x000000051a8c0000, 0x000000052bf7a000, 0x00000007c0000000)
 Metaspace       used 116356K, capacity 118044K, committed 118228K, reserved 1150976K
  class space    used 15530K, capacity 15852K, committed 15908K, reserved 1048576K
}
Event: 7916.337 GC heap before
{Heap before GC invocations=64 (full 8):
 par new generation   total 128512K, used 116786K [0x0000000505c00000, 0x000000050e770000, 0x000000051a8c0000)
  eden space 114240K,  99% used [0x0000000505c00000, 0x000000050cb8f730, 0x000000050cb90000)
  from space 14272K,  17% used [0x000000050d980000, 0x000000050dbfd3d0, 0x000000050e770000)
  to   space 14272K,   0% used [0x000000050cb90000, 0x000000050cb90000, 0x000000050d980000)
 concurrent mark-sweep generation total 285416K, used 171249K [0x000000051a8c0000, 0x000000052bf7a000, 0x00000007c0000000)
 Metaspace       used 116555K, capacity 118234K, committed 118484K, reserved 1153024K
  class space    used 15543K, capacity 15891K, committed 15908K, reserved 1048576K
Event: 7916.342 GC heap after
Heap after GC invocations=65 (full 8):
 par new generation   total 128512K, used 3444K [0x0000000505c00000, 0x000000050e770000, 0x000000051a8c0000)
  eden space 114240K,   0% used [0x0000000505c00000, 0x0000000505c00000, 0x000000050cb90000)
  from space 14272K,  24% used [0x000000050cb90000, 0x000000050ceed3e8, 0x000000050d980000)
  to   space 14272K,   0% used [0x000000050d980000, 0x000000050d980000, 0x000000050e770000)
 concurrent mark-sweep generation total 285416K, used 171249K [0x000000051a8c0000, 0x000000052bf7a000, 0x00000007c0000000)
 Metaspace       used 116555K, capacity 118234K, committed 118484K, reserved 1153024K
  class space    used 15543K, capacity 15891K, committed 15908K, reserved 1048576K
}
Event: 7993.225 GC heap before
{Heap before GC invocations=65 (full 8):
 par new generation   total 128512K, used 117684K [0x0000000505c00000, 0x000000050e770000, 0x000000051a8c0000)
  eden space 114240K, 100% used [0x0000000505c00000, 0x000000050cb90000, 0x000000050cb90000)
  from space 14272K,  24% used [0x000000050cb90000, 0x000000050ceed3e8, 0x000000050d980000)
  to   space 14272K,   0% used [0x000000050d980000, 0x000000050d980000, 0x000000050e770000)
 concurrent mark-sweep generation total 285416K, used 171249K [0x000000051a8c0000, 0x000000052bf7a000, 0x00000007c0000000)
 Metaspace       used 116587K, capacity 118298K, committed 118484K, reserved 1153024K
  class space    used 15543K, capacity 15891K, committed 15908K, reserved 1048576K
Event: 7993.231 GC heap after
Heap after GC invocations=66 (full 8):
 par new generation   total 128512K, used 5165K [0x0000000505c00000, 0x000000050e770000, 0x000000051a8c0000)
  eden space 114240K,   0% used [0x0000000505c00000, 0x0000000505c00000, 0x000000050cb90000)
  from space 14272K,  36% used [0x000000050d980000, 0x000000050de8b6e0, 0x000000050e770000)
  to   space 14272K,   0% used [0x000000050cb90000, 0x000000050cb90000, 0x000000050d980000)
 concurrent mark-sweep generation total 285416K, used 171249K [0x000000051a8c0000, 0x000000052bf7a000, 0x00000007c0000000)
 Metaspace       used 116587K, capacity 118298K, committed 118484K, reserved 1153024K
  class space    used 15543K, capacity 15891K, committed 15908K, reserved 1048576K
}
Event: 8063.764 GC heap before
{Heap before GC invocations=66 (full 8):
 par new generation   total 128512K, used 119405K [0x0000000505c00000, 0x000000050e770000, 0x000000051a8c0000)
  eden space 114240K, 100% used [0x0000000505c00000, 0x000000050cb90000, 0x000000050cb90000)
  from space 14272K,  36% used [0x000000050d980000, 0x000000050de8b6e0, 0x000000050e770000)
  to   space 14272K,   0% used [0x000000050cb90000, 0x000000050cb90000, 0x000000050d980000)
 concurrent mark-sweep generation total 285416K, used 171249K [0x000000051a8c0000, 0x000000052bf7a000, 0x00000007c0000000)
 Metaspace       used 116604K, capacity 118298K, committed 118484K, reserved 1153024K
  class space    used 15543K, capacity 15891K, committed 15908K, reserved 1048576K
Event: 8063.770 GC heap after
Heap after GC invocations=67 (full 8):
 par new generation   total 128512K, used 6403K [0x0000000505c00000, 0x000000050e770000, 0x000000051a8c0000)
  eden space 114240K,   0% used [0x0000000505c00000, 0x0000000505c00000, 0x000000050cb90000)
  from space 14272K,  44% used [0x000000050cb90000, 0x000000050d1d0ec0, 0x000000050d980000)
  to   space 14272K,   0% used [0x000000050d980000, 0x000000050d980000, 0x000000050e770000)
 concurrent mark-sweep generation total 285416K, used 171249K [0x000000051a8c0000, 0x000000052bf7a000, 0x00000007c0000000)
 Metaspace       used 116604K, capacity 118298K, committed 118484K, reserved 1153024K
  class space    used 15543K, capacity 15891K, committed 15908K, reserved 1048576K
}
Event: 8307.863 GC heap before
{Heap before GC invocations=67 (full 8):
 par new generation   total 128512K, used 120643K [0x0000000505c00000, 0x000000050e770000, 0x000000051a8c0000)
  eden space 114240K, 100% used [0x0000000505c00000, 0x000000050cb90000, 0x000000050cb90000)
  from space 14272K,  44% used [0x000000050cb90000, 0x000000050d1d0ec0, 0x000000050d980000)
  to   space 14272K,   0% used [0x000000050d980000, 0x000000050d980000, 0x000000050e770000)
 concurrent mark-sweep generation total 285416K, used 171249K [0x000000051a8c0000, 0x000000052bf7a000, 0x00000007c0000000)
 Metaspace       used 116628K, capacity 118298K, committed 118484K, reserved 1153024K
  class space    used 15543K, capacity 15891K, committed 15908K, reserved 1048576K
Event: 8307.868 GC heap after
Heap after GC invocations=68 (full 8):
 par new generation   total 128512K, used 4526K [0x0000000505c00000, 0x000000050e770000, 0x000000051a8c0000)
  eden space 114240K,   0% used [0x0000000505c00000, 0x0000000505c00000, 0x000000050cb90000)
  from space 14272K,  31% used [0x000000050d980000, 0x000000050ddebac0, 0x000000050e770000)
  to   space 14272K,   0% used [0x000000050cb90000, 0x000000050cb90000, 0x000000050d980000)
 concurrent mark-sweep generation total 285416K, used 171249K [0x000000051a8c0000, 0x000000052bf7a000, 0x00000007c0000000)
 Metaspace       used 116628K, capacity 118298K, committed 118484K, reserved 1153024K
  class space    used 15543K, capacity 15891K, committed 15908K, reserved 1048576K
}
Event: 8617.166 GC heap before
{Heap before GC invocations=68 (full 8):
 par new generation   total 128512K, used 118766K [0x0000000505c00000, 0x000000050e770000, 0x000000051a8c0000)
  eden space 114240K, 100% used [0x0000000505c00000, 0x000000050cb90000, 0x000000050cb90000)
  from space 14272K,  31% used [0x000000050d980000, 0x000000050ddebac0, 0x000000050e770000)
  to   space 14272K,   0% used [0x000000050cb90000, 0x000000050cb90000, 0x000000050d980000)
 concurrent mark-sweep generation total 285416K, used 171249K [0x000000051a8c0000, 0x000000052bf7a000, 0x00000007c0000000)
 Metaspace       used 117062K, capacity 118746K, committed 118868K, reserved 1153024K
  class space    used 15605K, capacity 15955K, committed 16036K, reserved 1048576K
Event: 8617.171 GC heap after
Heap after GC invocations=69 (full 8):
 par new generation   total 128512K, used 4478K [0x0000000505c00000, 0x000000050e770000, 0x000000051a8c0000)
  eden space 114240K,   0% used [0x0000000505c00000, 0x0000000505c00000, 0x000000050cb90000)
  from space 14272K,  31% used [0x000000050cb90000, 0x000000050cfef8f8, 0x000000050d980000)
  to   space 14272K,   0% used [0x000000050d980000, 0x000000050d980000, 0x000000050e770000)
 concurrent mark-sweep generation total 285416K, used 171249K [0x000000051a8c0000, 0x000000052bf7a000, 0x00000007c0000000)
 Metaspace       used 117062K, capacity 118746K, committed 118868K, reserved 1153024K
  class space    used 15605K, capacity 15955K, committed 16036K, reserved 1048576K
}
Event: 8641.196 GC heap before
{Heap before GC invocations=69 (full 8):
 par new generation   total 128512K, used 118718K [0x0000000505c00000, 0x000000050e770000, 0x000000051a8c0000)
  eden space 114240K, 100% used [0x0000000505c00000, 0x000000050cb90000, 0x000000050cb90000)
  from space 14272K,  31% used [0x000000050cb90000, 0x000000050cfef8f8, 0x000000050d980000)
  to   space 14272K,   0% used [0x000000050d980000, 0x000000050d980000, 0x000000050e770000)
 concurrent mark-sweep generation total 285416K, used 171249K [0x000000051a8c0000, 0x000000052bf7a000, 0x00000007c0000000)
 Metaspace       used 118165K, capacity 119972K, committed 120020K, reserved 1153024K
  class space    used 15772K, capacity 16159K, committed 16164K, reserved 1048576K
Event: 8641.203 GC heap after
Heap after GC invocations=70 (full 8):
 par new generation   total 128512K, used 6247K [0x0000000505c00000, 0x000000050e770000, 0x000000051a8c0000)
  eden space 114240K,   0% used [0x0000000505c00000, 0x0000000505c00000, 0x000000050cb90000)
  from space 14272K,  43% used [0x000000050d980000, 0x000000050df99fa8, 0x000000050e770000)
  to   space 14272K,   0% used [0x000000050cb90000, 0x000000050cb90000, 0x000000050d980000)
 concurrent mark-sweep generation total 285416K, used 171567K [0x000000051a8c0000, 0x000000052bf7a000, 0x00000007c0000000)
 Metaspace       used 118165K, capacity 119972K, committed 120020K, reserved 1153024K
  class space    used 15772K, capacity 16159K, committed 16164K, reserved 1048576K
}
Event: 8715.265 GC heap before
{Heap before GC invocations=70 (full 8):
 par new generation   total 128512K, used 120487K [0x0000000505c00000, 0x000000050e770000, 0x000000051a8c0000)
  eden space 114240K, 100% used [0x0000000505c00000, 0x000000050cb90000, 0x000000050cb90000)
  from space 14272K,  43% used [0x000000050d980000, 0x000000050df99fa8, 0x000000050e770000)
  to   space 14272K,   0% used [0x000000050cb90000, 0x000000050cb90000, 0x000000050d980000)
 concurrent mark-sweep generation total 285416K, used 171567K [0x000000051a8c0000, 0x000000052bf7a000, 0x00000007c0000000)
 Metaspace       used 118177K, capacity 119972K, committed 120020K, reserved 1153024K
  class space    used 15772K, capacity 16159K, committed 16164K, reserved 1048576K
Event: 8715.272 GC heap after
Heap after GC invocations=71 (full 8):
 par new generation   total 128512K, used 6424K [0x0000000505c00000, 0x000000050e770000, 0x000000051a8c0000)
  eden space 114240K,   0% used [0x0000000505c00000, 0x0000000505c00000, 0x000000050cb90000)
  from space 14272K,  45% used [0x000000050cb90000, 0x000000050d1d6090, 0x000000050d980000)
  to   space 14272K,   0% used [0x000000050d980000, 0x000000050d980000, 0x000000050e770000)
 concurrent mark-sweep generation total 285416K, used 172166K [0x000000051a8c0000, 0x000000052bf7a000, 0x00000007c0000000)
 Metaspace       used 118177K, capacity 119972K, committed 120020K, reserved 1153024K
  class space    used 15772K, capacity 16159K, committed 16164K, reserved 1048576K
}
Event: 8782.000 GC heap before
{Heap before GC invocations=71 (full 8):
 par new generation   total 128512K, used 120664K [0x0000000505c00000, 0x000000050e770000, 0x000000051a8c0000)
  eden space 114240K, 100% used [0x0000000505c00000, 0x000000050cb90000, 0x000000050cb90000)
  from space 14272K,  45% used [0x000000050cb90000, 0x000000050d1d6090, 0x000000050d980000)
  to   space 14272K,   0% used [0x000000050d980000, 0x000000050d980000, 0x000000050e770000)
 concurrent mark-sweep generation total 285416K, used 172166K [0x000000051a8c0000, 0x000000052bf7a000, 0x00000007c0000000)
 Metaspace       used 118196K, capacity 119972K, committed 120020K, reserved 1153024K
  class space    used 15772K, capacity 16159K, committed 16164K, reserved 1048576K
Event: 8782.007 GC heap after
Heap after GC invocations=72 (full 8):
 par new generation   total 128512K, used 8305K [0x0000000505c00000, 0x000000050e770000, 0x000000051a8c0000)
  eden space 114240K,   0% used [0x0000000505c00000, 0x0000000505c00000, 0x000000050cb90000)
  from space 14272K,  58% used [0x000000050d980000, 0x000000050e19c7f8, 0x000000050e770000)
  to   space 14272K,   0% used [0x000000050cb90000, 0x000000050cb90000, 0x000000050d980000)
 concurrent mark-sweep generation total 285416K, used 172403K [0x000000051a8c0000, 0x000000052bf7a000, 0x00000007c0000000)
 Metaspace       used 118196K, capacity 119972K, committed 120020K, reserved 1153024K
  class space    used 15772K, capacity 16159K, committed 16164K, reserved 1048576K
}
Event: 8862.796 GC heap before
{Heap before GC invocations=72 (full 8):
 par new generation   total 128512K, used 122545K [0x0000000505c00000, 0x000000050e770000, 0x000000051a8c0000)
  eden space 114240K, 100% used [0x0000000505c00000, 0x000000050cb90000, 0x000000050cb90000)
  from space 14272K,  58% used [0x000000050d980000, 0x000000050e19c7f8, 0x000000050e770000)
  to   space 14272K,   0% used [0x000000050cb90000, 0x000000050cb90000, 0x000000050d980000)
 concurrent mark-sweep generation total 285416K, used 172403K [0x000000051a8c0000, 0x000000052bf7a000, 0x00000007c0000000)
 Metaspace       used 118205K, capacity 119972K, committed 120020K, reserved 1153024K
  class space    used 15772K, capacity 16159K, committed 16164K, reserved 1048576K
Event: 8862.804 GC heap after
Heap after GC invocations=73 (full 8):
 par new generation   total 128512K, used 9194K [0x0000000505c00000, 0x000000050e770000, 0x000000051a8c0000)
  eden space 114240K,   0% used [0x0000000505c00000, 0x0000000505c00000, 0x000000050cb90000)
  from space 14272K,  64% used [0x000000050cb90000, 0x000000050d48aae0, 0x000000050d980000)
  to   space 14272K,   0% used [0x000000050d980000, 0x000000050d980000, 0x000000050e770000)
 concurrent mark-sweep generation total 285416K, used 172657K [0x000000051a8c0000, 0x000000052bf7a000, 0x00000007c0000000)
 Metaspace       used 118205K, capacity 119972K, committed 120020K, reserved 1153024K
  class space    used 15772K, capacity 16159K, committed 16164K, reserved 1048576K
}
Event: 8873.380 GC heap before
{Heap before GC invocations=73 (full 8):
 par new generation   total 128512K, used 123434K [0x0000000505c00000, 0x000000050e770000, 0x000000051a8c0000)
  eden space 114240K, 100% used [0x0000000505c00000, 0x000000050cb90000, 0x000000050cb90000)
  from space 14272K,  64% used [0x000000050cb90000, 0x000000050d48aae0, 0x000000050d980000)
  to   space 14272K,   0% used [0x000000050d980000, 0x000000050d980000, 0x000000050e770000)
 concurrent mark-sweep generation total 285416K, used 172657K [0x000000051a8c0000, 0x000000052bf7a000, 0x00000007c0000000)
 Metaspace       used 118245K, capacity 120042K, committed 120276K, reserved 1153024K
  class space    used 15774K, capacity 16160K, committed 16164K, reserved 1048576K
Event: 8873.386 GC heap after
Heap after GC invocations=74 (full 8):
 par new generation   total 128512K, used 5831K [0x0000000505c00000, 0x000000050e770000, 0x000000051a8c0000)
  eden space 114240K,   0% used [0x0000000505c00000, 0x0000000505c00000, 0x000000050cb90000)
  from space 14272K,  40% used [0x000000050d980000, 0x000000050df31c08, 0x000000050e770000)
  to   space 14272K,   0% used [0x000000050cb90000, 0x000000050cb90000, 0x000000050d980000)
 concurrent mark-sweep generation total 285416K, used 172896K [0x000000051a8c0000, 0x000000052bf7a000, 0x00000007c0000000)
 Metaspace       used 118245K, capacity 120042K, committed 120276K, reserved 1153024K
  class space    used 15774K, capacity 16160K, committed 16164K, reserved 1048576K
}
Event: 9015.158 GC heap before
{Heap before GC invocations=74 (full 8):
 par new generation   total 128512K, used 68839K [0x0000000505c00000, 0x000000050e770000, 0x000000051a8c0000)
  eden space 114240K,  55% used [0x0000000505c00000, 0x0000000509988310, 0x000000050cb90000)
  from space 14272K,  40% used [0x000000050d980000, 0x000000050df31c08, 0x000000050e770000)
  to   space 14272K,   0% used [0x000000050cb90000, 0x000000050cb90000, 0x000000050d980000)
 concurrent mark-sweep generation total 285416K, used 172896K [0x000000051a8c0000, 0x000000052bf7a000, 0x00000007c0000000)
 Metaspace       used 118302K, capacity 120042K, committed 120276K, reserved 1153024K
  class space    used 15789K, capacity 16160K, committed 16164K, reserved 1048576K
Event: 9015.381 GC heap after
Heap after GC invocations=75 (full 9):
 par new generation   total 130304K, used 0K [0x0000000505c00000, 0x000000050e960000, 0x000000051a8c0000)
  eden space 115840K,   0% used [0x0000000505c00000, 0x0000000505c00000, 0x000000050cd20000)
  from space 14464K,   0% used [0x000000050cd20000, 0x000000050cd20000, 0x000000050db40000)
  to   space 14464K,   0% used [0x000000050db40000, 0x000000050db40000, 0x000000050e960000)
 concurrent mark-sweep generation total 289368K, used 173619K [0x000000051a8c0000, 0x000000052c356000, 0x00000007c0000000)
 Metaspace       used 118298K, capacity 120036K, committed 120276K, reserved 1153024K
  class space    used 15788K, capacity 16159K, committed 16164K, reserved 1048576K
}
Event: 9384.279 GC heap before
{Heap before GC invocations=75 (full 9):
 par new generation   total 130304K, used 115840K [0x0000000505c00000, 0x000000050e960000, 0x000000051a8c0000)
  eden space 115840K, 100% used [0x0000000505c00000, 0x000000050cd20000, 0x000000050cd20000)
  from space 14464K,   0% used [0x000000050cd20000, 0x000000050cd20000, 0x000000050db40000)
  to   space 14464K,   0% used [0x000000050db40000, 0x000000050db40000, 0x000000050e960000)
 concurrent mark-sweep generation total 289368K, used 173619K [0x000000051a8c0000, 0x000000052c356000, 0x00000007c0000000)
 Metaspace       used 118312K, capacity 120100K, committed 120276K, reserved 1153024K
  class space    used 15788K, capacity 16159K, committed 16164K, reserved 1048576K
Event: 9384.281 GC heap after
Heap after GC invocations=76 (full 9):
 par new generation   total 130304K, used 3595K [0x0000000505c00000, 0x000000050e960000, 0x000000051a8c0000)
  eden space 115840K,   0% used [0x0000000505c00000, 0x0000000505c00000, 0x000000050cd20000)
  from space 14464K,  24% used [0x000000050db40000, 0x000000050dec2dd0, 0x000000050e960000)
  to   space 14464K,   0% used [0x000000050cd20000, 0x000000050cd20000, 0x000000050db40000)
 concurrent mark-sweep generation total 289368K, used 173619K [0x000000051a8c0000, 0x000000052c356000, 0x00000007c0000000)
 Metaspace       used 118312K, capacity 120100K, committed 120276K, reserved 1153024K
  class space    used 15788K, capacity 16159K, committed 16164K, reserved 1048576K
}
Event: 9745.875 GC heap before
{Heap before GC invocations=76 (full 9):
 par new generation   total 130304K, used 119435K [0x0000000505c00000, 0x000000050e960000, 0x000000051a8c0000)
  eden space 115840K, 100% used [0x0000000505c00000, 0x000000050cd20000, 0x000000050cd20000)
  from space 14464K,  24% used [0x000000050db40000, 0x000000050dec2dd0, 0x000000050e960000)
  to   space 14464K,   0% used [0x000000050cd20000, 0x000000050cd20000, 0x000000050db40000)
 concurrent mark-sweep generation total 289368K, used 173619K [0x000000051a8c0000, 0x000000052c356000, 0x00000007c0000000)
 Metaspace       used 118314K, capacity 120100K, committed 120276K, reserved 1153024K
  class space    used 15788K, capacity 16159K, committed 16164K, reserved 1048576K
Event: 9745.878 GC heap after
Heap after GC invocations=77 (full 9):
 par new generation   total 130304K, used 1612K [0x0000000505c00000, 0x000000050e960000, 0x000000051a8c0000)
  eden space 115840K,   0% used [0x0000000505c00000, 0x0000000505c00000, 0x000000050cd20000)
  from space 14464K,  11% used [0x000000050cd20000, 0x000000050ceb32f0, 0x000000050db40000)
  to   space 14464K,   0% used [0x000000050db40000, 0x000000050db40000, 0x000000050e960000)
 concurrent mark-sweep generation total 289368K, used 173619K [0x000000051a8c0000, 0x000000052c356000, 0x00000007c0000000)
 Metaspace       used 118314K, capacity 120100K, committed 120276K, reserved 1153024K
  class space    used 15788K, capacity 16159K, committed 16164K, reserved 1048576K
}
Event: 10227.258 GC heap before
{Heap before GC invocations=77 (full 9):
 par new generation   total 130304K, used 117452K [0x0000000505c00000, 0x000000050e960000, 0x000000051a8c0000)
  eden space 115840K, 100% used [0x0000000505c00000, 0x000000050cd20000, 0x000000050cd20000)
  from space 14464K,  11% used [0x000000050cd20000, 0x000000050ceb32f0, 0x000000050db40000)
  to   space 14464K,   0% used [0x000000050db40000, 0x000000050db40000, 0x000000050e960000)
 concurrent mark-sweep generation total 289368K, used 173619K [0x000000051a8c0000, 0x000000052c356000, 0x00000007c0000000)
 Metaspace       used 118333K, capacity 120100K, committed 120276K, reserved 1153024K
  class space    used 15788K, capacity 16159K, committed 16164K, reserved 1048576K
Event: 10227.260 GC heap after
Heap after GC invocations=78 (full 9):
 par new generation   total 130304K, used 1159K [0x0000000505c00000, 0x000000050e960000, 0x000000051a8c0000)
  eden space 115840K,   0% used [0x0000000505c00000, 0x0000000505c00000, 0x000000050cd20000)
  from space 14464K,   8% used [0x000000050db40000, 0x000000050dc61c20, 0x000000050e960000)
  to   space 14464K,   0% used [0x000000050cd20000, 0x000000050cd20000, 0x000000050db40000)
 concurrent mark-sweep generation total 289368K, used 173619K [0x000000051a8c0000, 0x000000052c356000, 0x00000007c0000000)
 Metaspace       used 118333K, capacity 120100K, committed 120276K, reserved 1153024K
  class space    used 15788K, capacity 16159K, committed 16164K, reserved 1048576K
}
Event: 10588.534 GC heap before
{Heap before GC invocations=78 (full 9):
 par new generation   total 130304K, used 116999K [0x0000000505c00000, 0x000000050e960000, 0x000000051a8c0000)
  eden space 115840K, 100% used [0x0000000505c00000, 0x000000050cd20000, 0x000000050cd20000)
  from space 14464K,   8% used [0x000000050db40000, 0x000000050dc61c20, 0x000000050e960000)
  to   space 14464K,   0% used [0x000000050cd20000, 0x000000050cd20000, 0x000000050db40000)
 concurrent mark-sweep generation total 289368K, used 173619K [0x000000051a8c0000, 0x000000052c356000, 0x00000007c0000000)
 Metaspace       used 118357K, capacity 120100K, committed 120276K, reserved 1153024K
  class space    used 15789K, capacity 16159K, committed 16164K, reserved 1048576K
Event: 10588.537 GC heap after
Heap after GC invocations=79 (full 9):
 par new generation   total 130304K, used 865K [0x0000000505c00000, 0x000000050e960000, 0x000000051a8c0000)
  eden space 115840K,   0% used [0x0000000505c00000, 0x0000000505c00000, 0x000000050cd20000)
  from space 14464K,   5% used [0x000000050cd20000, 0x000000050cdf8448, 0x000000050db40000)
  to   space 14464K,   0% used [0x000000050db40000, 0x000000050db40000, 0x000000050e960000)
 concurrent mark-sweep generation total 289368K, used 173619K [0x000000051a8c0000, 0x000000052c356000, 0x00000007c0000000)
 Metaspace       used 118357K, capacity 120100K, committed 120276K, reserved 1153024K
  class space    used 15789K, capacity 16159K, committed 16164K, reserved 1048576K
}
Event: 10815.158 GC heap before
{Heap before GC invocations=79 (full 9):
 par new generation   total 130304K, used 56973K [0x0000000505c00000, 0x000000050e960000, 0x000000051a8c0000)
  eden space 115840K,  48% used [0x0000000505c00000, 0x00000005092cb018, 0x000000050cd20000)
  from space 14464K,   5% used [0x000000050cd20000, 0x000000050cdf8448, 0x000000050db40000)
  to   space 14464K,   0% used [0x000000050db40000, 0x000000050db40000, 0x000000050e960000)
 concurrent mark-sweep generation total 289368K, used 173619K [0x000000051a8c0000, 0x000000052c356000, 0x00000007c0000000)
 Metaspace       used 118358K, capacity 120100K, committed 120276K, reserved 1153024K
  class space    used 15789K, capacity 16159K, committed 16164K, reserved 1048576K
Event: 10815.331 GC heap after
Heap after GC invocations=80 (full 10):
 par new generation   total 130304K, used 0K [0x0000000505c00000, 0x000000050e960000, 0x000000051a8c0000)
  eden space 115840K,   0% used [0x0000000505c00000, 0x0000000505c00000, 0x000000050cd20000)
  from space 14464K,   0% used [0x000000050cd20000, 0x000000050cd20000, 0x000000050db40000)
  to   space 14464K,   0% used [0x000000050db40000, 0x000000050db40000, 0x000000050e960000)
 concurrent mark-sweep generation total 289368K, used 173267K [0x000000051a8c0000, 0x000000052c356000, 0x00000007c0000000)
 Metaspace       used 118358K, capacity 120100K, committed 120276K, reserved 1153024K
  class space    used 15789K, capacity 16159K, committed 16164K, reserved 1048576K
}
Event: 11190.773 GC heap before
{Heap before GC invocations=80 (full 10):
 par new generation   total 130304K, used 115840K [0x0000000505c00000, 0x000000050e960000, 0x000000051a8c0000)
  eden space 115840K, 100% used [0x0000000505c00000, 0x000000050cd20000, 0x000000050cd20000)
  from space 14464K,   0% used [0x000000050cd20000, 0x000000050cd20000, 0x000000050db40000)
  to   space 14464K,   0% used [0x000000050db40000, 0x000000050db40000, 0x000000050e960000)
 concurrent mark-sweep generation total 289368K, used 173267K [0x000000051a8c0000, 0x000000052c356000, 0x00000007c0000000)
 Metaspace       used 118438K, capacity 120260K, committed 120404K, reserved 1153024K
  class space    used 15802K, capacity 16191K, committed 16292K, reserved 1048576K
Event: 11190.775 GC heap after
Heap after GC invocations=81 (full 10):
 par new generation   total 130304K, used 1135K [0x0000000505c00000, 0x000000050e960000, 0x000000051a8c0000)
  eden space 115840K,   0% used [0x0000000505c00000, 0x0000000505c00000, 0x000000050cd20000)
  from space 14464K,   7% used [0x000000050db40000, 0x000000050dc5bd30, 0x000000050e960000)
  to   space 14464K,   0% used [0x000000050cd20000, 0x000000050cd20000, 0x000000050db40000)
 concurrent mark-sweep generation total 289368K, used 173267K [0x000000051a8c0000, 0x000000052c356000, 0x00000007c0000000)
 Metaspace       used 118438K, capacity 120260K, committed 120404K, reserved 1153024K
  class space    used 15802K, capacity 16191K, committed 16292K, reserved 1048576K
}
Event: 11485.690 GC heap before
{Heap before GC invocations=81 (full 10):
 par new generation   total 130304K, used 116975K [0x0000000505c00000, 0x000000050e960000, 0x000000051a8c0000)
  eden space 115840K, 100% used [0x0000000505c00000, 0x000000050cd20000, 0x000000050cd20000)
  from space 14464K,   7% used [0x000000050db40000, 0x000000050dc5bd30, 0x000000050e960000)
  to   space 14464K,   0% used [0x000000050cd20000, 0x000000050cd20000, 0x000000050db40000)
 concurrent mark-sweep generation total 289368K, used 173267K [0x000000051a8c0000, 0x000000052c356000, 0x00000007c0000000)
 Metaspace       used 118637K, capacity 120482K, committed 120660K, reserved 1153024K
  class space    used 15805K, capacity 16196K, committed 16292K, reserved 1048576K
Event: 11485.692 GC heap after
Heap after GC invocations=82 (full 10):
 par new generation   total 130304K, used 1696K [0x0000000505c00000, 0x000000050e960000, 0x000000051a8c0000)
  eden space 115840K,   0% used [0x0000000505c00000, 0x0000000505c00000, 0x000000050cd20000)
  from space 14464K,  11% used [0x000000050cd20000, 0x000000050cec8200, 0x000000050db40000)
  to   space 14464K,   0% used [0x000000050db40000, 0x000000050db40000, 0x000000050e960000)
 concurrent mark-sweep generation total 289368K, used 173267K [0x000000051a8c0000, 0x000000052c356000, 0x00000007c0000000)
 Metaspace       used 118637K, capacity 120482K, committed 120660K, reserved 1153024K
  class space    used 15805K, capacity 16196K, committed 16292K, reserved 1048576K
}
Event: 11544.889 GC heap before
{Heap before GC invocations=82 (full 10):
 par new generation   total 130304K, used 117529K [0x0000000505c00000, 0x000000050e960000, 0x000000051a8c0000)
  eden space 115840K,  99% used [0x0000000505c00000, 0x000000050cd1e260, 0x000000050cd20000)
  from space 14464K,  11% used [0x000000050cd20000, 0x000000050cec8200, 0x000000050db40000)
  to   space 14464K,   0% used [0x000000050db40000, 0x000000050db40000, 0x000000050e960000)
 concurrent mark-sweep generation total 289368K, used 173267K [0x000000051a8c0000, 0x000000052c356000, 0x00000007c0000000)
 Metaspace       used 118730K, capacity 120564K, committed 120660K, reserved 1153024K
  class space    used 15806K, capacity 16200K, committed 16292K, reserved 1048576K
Event: 11544.894 GC heap after
Heap after GC invocations=83 (full 10):
 par new generation   total 130304K, used 3960K [0x0000000505c00000, 0x000000050e960000, 0x000000051a8c0000)
  eden space 115840K,   0% used [0x0000000505c00000, 0x0000000505c00000, 0x000000050cd20000)
  from space 14464K,  27% used [0x000000050db40000, 0x000000050df1e1a8, 0x000000050e960000)
  to   space 14464K,   0% used [0x000000050cd20000, 0x000000050cd20000, 0x000000050db40000)
 concurrent mark-sweep generation total 289368K, used 173267K [0x000000051a8c0000, 0x000000052c356000, 0x00000007c0000000)
 Metaspace       used 118730K, capacity 120564K, committed 120660K, reserved 1153024K
  class space    used 15806K, capacity 16200K, committed 16292K, reserved 1048576K
}
Event: 11608.736 GC heap before
{Heap before GC invocations=83 (full 10):
 par new generation   total 130304K, used 119800K [0x0000000505c00000, 0x000000050e960000, 0x000000051a8c0000)
  eden space 115840K, 100% used [0x0000000505c00000, 0x000000050cd20000, 0x000000050cd20000)
  from space 14464K,  27% used [0x000000050db40000, 0x000000050df1e1a8, 0x000000050e960000)
  to   space 14464K,   0% used [0x000000050cd20000, 0x000000050cd20000, 0x000000050db40000)
 concurrent mark-sweep generation total 289368K, used 173267K [0x000000051a8c0000, 0x000000052c356000, 0x00000007c0000000)
 Metaspace       used 118731K, capacity 120564K, committed 120660K, reserved 1153024K
  class space    used 15806K, capacity 16200K, committed 16292K, reserved 1048576K
Event: 11608.742 GC heap after
Heap after GC invocations=84 (full 10):
 par new generation   total 130304K, used 5610K [0x0000000505c00000, 0x000000050e960000, 0x000000051a8c0000)
  eden space 115840K,   0% used [0x0000000505c00000, 0x0000000505c00000, 0x000000050cd20000)
  from space 14464K,  38% used [0x000000050cd20000, 0x000000050d29a850, 0x000000050db40000)
  to   space 14464K,   0% used [0x000000050db40000, 0x000000050db40000, 0x000000050e960000)
 concurrent mark-sweep generation total 289368K, used 173267K [0x000000051a8c0000, 0x000000052c356000, 0x00000007c0000000)
 Metaspace       used 118731K, capacity 120564K, committed 120660K, reserved 1153024K
  class space    used 15806K, capacity 16200K, committed 16292K, reserved 1048576K
}
Event: 11672.581 GC heap before
{Heap before GC invocations=84 (full 10):
 par new generation   total 130304K, used 121450K [0x0000000505c00000, 0x000000050e960000, 0x000000051a8c0000)
  eden space 115840K, 100% used [0x0000000505c00000, 0x000000050cd20000, 0x000000050cd20000)
  from space 14464K,  38% used [0x000000050cd20000, 0x000000050d29a850, 0x000000050db40000)
  to   space 14464K,   0% used [0x000000050db40000, 0x000000050db40000, 0x000000050e960000)
 concurrent mark-sweep generation total 289368K, used 173267K [0x000000051a8c0000, 0x000000052c356000, 0x00000007c0000000)
 Metaspace       used 118731K, capacity 120564K, committed 120660K, reserved 1153024K
  class space    used 15806K, capacity 16200K, committed 16292K, reserved 1048576K
Event: 11672.587 GC heap after
Heap after GC invocations=85 (full 10):
 par new generation   total 130304K, used 6027K [0x0000000505c00000, 0x000000050e960000, 0x000000051a8c0000)
  eden space 115840K,   0% used [0x0000000505c00000, 0x0000000505c00000, 0x000000050cd20000)
  from space 14464K,  41% used [0x000000050db40000, 0x000000050e122ff0, 0x000000050e960000)
  to   space 14464K,   0% used [0x000000050cd20000, 0x000000050cd20000, 0x000000050db40000)
 concurrent mark-sweep generation total 289368K, used 173267K [0x000000051a8c0000, 0x000000052c356000, 0x00000007c0000000)
 Metaspace       used 118731K, capacity 120564K, committed 120660K, reserved 1153024K
  class space    used 15806K, capacity 16200K, committed 16292K, reserved 1048576K
}
Event: 11738.537 GC heap before
{Heap before GC invocations=85 (full 10):
 par new generation   total 130304K, used 121867K [0x0000000505c00000, 0x000000050e960000, 0x000000051a8c0000)
  eden space 115840K, 100% used [0x0000000505c00000, 0x000000050cd20000, 0x000000050cd20000)
  from space 14464K,  41% used [0x000000050db40000, 0x000000050e122ff0, 0x000000050e960000)
  to   space 14464K,   0% used [0x000000050cd20000, 0x000000050cd20000, 0x000000050db40000)
 concurrent mark-sweep generation total 289368K, used 173267K [0x000000051a8c0000, 0x000000052c356000, 0x00000007c0000000)
 Metaspace       used 118740K, capacity 120564K, committed 120660K, reserved 1153024K
  class space    used 15806K, capacity 16200K, committed 16292K, reserved 1048576K
Event: 11738.541 GC heap after
Heap after GC invocations=86 (full 10):
 par new generation   total 130304K, used 4610K [0x0000000505c00000, 0x000000050e960000, 0x000000051a8c0000)
  eden space 115840K,   0% used [0x0000000505c00000, 0x0000000505c00000, 0x000000050cd20000)
  from space 14464K,  31% used [0x000000050cd20000, 0x000000050d1a09c8, 0x000000050db40000)
  to   space 14464K,   0% used [0x000000050db40000, 0x000000050db40000, 0x000000050e960000)
 concurrent mark-sweep generation total 289368K, used 173267K [0x000000051a8c0000, 0x000000052c356000, 0x00000007c0000000)
 Metaspace       used 118740K, capacity 120564K, committed 120660K, reserved 1153024K
  class space    used 15806K, capacity 16200K, committed 16292K, reserved 1048576K
}
Event: 11765.579 GC heap before
{Heap before GC invocations=86 (full 10):
 par new generation   total 130304K, used 120450K [0x0000000505c00000, 0x000000050e960000, 0x000000051a8c0000)
  eden space 115840K, 100% used [0x0000000505c00000, 0x000000050cd20000, 0x000000050cd20000)
  from space 14464K,  31% used [0x000000050cd20000, 0x000000050d1a09c8, 0x000000050db40000)
  to   space 14464K,   0% used [0x000000050db40000, 0x000000050db40000, 0x000000050e960000)
 concurrent mark-sweep generation total 289368K, used 173267K [0x000000051a8c0000, 0x000000052c356000, 0x00000007c0000000)
 Metaspace       used 118877K, capacity 120692K, committed 120916K, reserved 1155072K
  class space    used 15814K, capacity 16200K, committed 16292K, reserved 1048576K
Event: 11765.585 GC heap after
Heap after GC invocations=87 (full 10):
 par new generation   total 130304K, used 4486K [0x0000000505c00000, 0x000000050e960000, 0x000000051a8c0000)
  eden space 115840K,   0% used [0x0000000505c00000, 0x0000000505c00000, 0x000000050cd20000)
  from space 14464K,  31% used [0x000000050db40000, 0x000000050dfa1a40, 0x000000050e960000)
  to   space 14464K,   0% used [0x000000050cd20000, 0x000000050cd20000, 0x000000050db40000)
 concurrent mark-sweep generation total 289368K, used 173410K [0x000000051a8c0000, 0x000000052c356000, 0x00000007c0000000)
 Metaspace       used 118877K, capacity 120692K, committed 120916K, reserved 1155072K
  class space    used 15814K, capacity 16200K, committed 16292K, reserved 1048576K
}
Event: 11765.958 GC heap before
{Heap before GC invocations=87 (full 10):
 par new generation   total 130304K, used 120326K [0x0000000505c00000, 0x000000050e960000, 0x000000051a8c0000)
  eden space 115840K, 100% used [0x0000000505c00000, 0x000000050cd20000, 0x000000050cd20000)
  from space 14464K,  31% used [0x000000050db40000, 0x000000050dfa1a40, 0x000000050e960000)
  to   space 14464K,   0% used [0x000000050cd20000, 0x000000050cd20000, 0x000000050db40000)
 concurrent mark-sweep generation total 289368K, used 173410K [0x000000051a8c0000, 0x000000052c356000, 0x00000007c0000000)
 Metaspace       used 118952K, capacity 120792K, committed 120916K, reserved 1155072K
  class space    used 15817K, capacity 16206K, committed 16292K, reserved 1048576K
Event: 11765.964 GC heap after
Heap after GC invocations=88 (full 10):
 par new generation   total 130304K, used 2735K [0x0000000505c00000, 0x000000050e960000, 0x000000051a8c0000)
  eden space 115840K,   0% used [0x0000000505c00000, 0x0000000505c00000, 0x000000050cd20000)
  from space 14464K,  18% used [0x000000050cd20000, 0x000000050cfcbfa0, 0x000000050db40000)
  to   space 14464K,   0% used [0x000000050db40000, 0x000000050db40000, 0x000000050e960000)
 concurrent mark-sweep generation total 289368K, used 173593K [0x000000051a8c0000, 0x000000052c356000, 0x00000007c0000000)
 Metaspace       used 118952K, capacity 120792K, committed 120916K, reserved 1155072K
  class space    used 15817K, capacity 16206K, committed 16292K, reserved 1048576K
}
Event: 11766.375 GC heap before
{Heap before GC invocations=88 (full 10):
 par new generation   total 130304K, used 118575K [0x0000000505c00000, 0x000000050e960000, 0x000000051a8c0000)
  eden space 115840K, 100% used [0x0000000505c00000, 0x000000050cd20000, 0x000000050cd20000)
  from space 14464K,  18% used [0x000000050cd20000, 0x000000050cfcbfa0, 0x000000050db40000)
  to   space 14464K,   0% used [0x000000050db40000, 0x000000050db40000, 0x000000050e960000)
 concurrent mark-sweep generation total 289368K, used 173593K [0x000000051a8c0000, 0x000000052c356000, 0x00000007c0000000)
 Metaspace       used 119096K, capacity 120950K, committed 121172K, reserved 1155072K
  class space    used 15830K, capacity 16211K, committed 16292K, reserved 1048576K
Event: 11766.385 GC heap after
Heap after GC invocations=89 (full 10):
 par new generation   total 130304K, used 2710K [0x0000000505c00000, 0x000000050e960000, 0x000000051a8c0000)
  eden space 115840K,   0% used [0x0000000505c00000, 0x0000000505c00000, 0x000000050cd20000)
  from space 14464K,  18% used [0x000000050db40000, 0x000000050dde5a28, 0x000000050e960000)
  to   space 14464K,   0% used [0x000000050cd20000, 0x000000050cd20000, 0x000000050db40000)
 concurrent mark-sweep generation total 289368K, used 174152K [0x000000051a8c0000, 0x000000052c356000, 0x00000007c0000000)
 Metaspace       used 119096K, capacity 120950K, committed 121172K, reserved 1155072K
  class space    used 15830K, capacity 16211K, committed 16292K, reserved 1048576K
}
Event: 11766.854 GC heap before
{Heap before GC invocations=89 (full 10):
 par new generation   total 130304K, used 118550K [0x0000000505c00000, 0x000000050e960000, 0x000000051a8c0000)
  eden space 115840K, 100% used [0x0000000505c00000, 0x000000050cd20000, 0x000000050cd20000)
  from space 14464K,  18% used [0x000000050db40000, 0x000000050dde5a28, 0x000000050e960000)
  to   space 14464K,   0% used [0x000000050cd20000, 0x000000050cd20000, 0x000000050db40000)
 concurrent mark-sweep generation total 289368K, used 174152K [0x000000051a8c0000, 0x000000052c356000, 0x00000007c0000000)
 Metaspace       used 119740K, capacity 121652K, committed 121684K, reserved 1155072K
  class space    used 15878K, capacity 16286K, committed 16292K, reserved 1048576K
Event: 11766.864 GC heap after
Heap after GC invocations=90 (full 10):
 par new generation   total 130304K, used 4478K [0x0000000505c00000, 0x000000050e960000, 0x000000051a8c0000)
  eden space 115840K,   0% used [0x0000000505c00000, 0x0000000505c00000, 0x000000050cd20000)
  from space 14464K,  30% used [0x000000050cd20000, 0x000000050d17f9e0, 0x000000050db40000)
  to   space 14464K,   0% used [0x000000050db40000, 0x000000050db40000, 0x000000050e960000)
 concurrent mark-sweep generation total 289368K, used 174348K [0x000000051a8c0000, 0x000000052c356000, 0x00000007c0000000)
 Metaspace       used 119740K, capacity 121652K, committed 121684K, reserved 1155072K
  class space    used 15878K, capacity 16286K, committed 16292K, reserved 1048576K
}
Event: 11792.951 GC heap before
{Heap before GC invocations=90 (full 10):
 par new generation   total 130304K, used 120318K [0x0000000505c00000, 0x000000050e960000, 0x000000051a8c0000)
  eden space 115840K, 100% used [0x0000000505c00000, 0x000000050cd20000, 0x000000050cd20000)
  from space 14464K,  30% used [0x000000050cd20000, 0x000000050d17f9e0, 0x000000050db40000)
  to   space 14464K,   0% used [0x000000050db40000, 0x000000050db40000, 0x000000050e960000)
 concurrent mark-sweep generation total 289368K, used 174348K [0x000000051a8c0000, 0x000000052c356000, 0x00000007c0000000)
 Metaspace       used 119888K, capacity 121786K, committed 121940K, reserved 1155072K
  class space    used 15879K, capacity 16288K, committed 16292K, reserved 1048576K
Event: 11792.956 GC heap after
Heap after GC invocations=91 (full 10):
 par new generation   total 130304K, used 5444K [0x0000000505c00000, 0x000000050e960000, 0x000000051a8c0000)
  eden space 115840K,   0% used [0x0000000505c00000, 0x0000000505c00000, 0x000000050cd20000)
  from space 14464K,  37% used [0x000000050db40000, 0x000000050e091188, 0x000000050e960000)
  to   space 14464K,   0% used [0x000000050cd20000, 0x000000050cd20000, 0x000000050db40000)
 concurrent mark-sweep generation total 289368K, used 174604K [0x000000051a8c0000, 0x000000052c356000, 0x00000007c0000000)
 Metaspace       used 119888K, capacity 121786K, committed 121940K, reserved 1155072K
  class space    used 15879K, capacity 16288K, committed 16292K, reserved 1048576K
}
Event: 11943.060 GC heap before
{Heap before GC invocations=91 (full 10):
 par new generation   total 130304K, used 121284K [0x0000000505c00000, 0x000000050e960000, 0x000000051a8c0000)
  eden space 115840K, 100% used [0x0000000505c00000, 0x000000050cd20000, 0x000000050cd20000)
  from space 14464K,  37% used [0x000000050db40000, 0x000000050e091188, 0x000000050e960000)
  to   space 14464K,   0% used [0x000000050cd20000, 0x000000050cd20000, 0x000000050db40000)
 concurrent mark-sweep generation total 289368K, used 174604K [0x000000051a8c0000, 0x000000052c356000, 0x00000007c0000000)
 Metaspace       used 119898K, capacity 121786K, committed 121940K, reserved 1155072K
  class space    used 15879K, capacity 16288K, committed 16292K, reserved 1048576K
Event: 11943.065 GC heap after
Heap after GC invocations=92 (full 10):
 par new generation   total 130304K, used 6070K [0x0000000505c00000, 0x000000050e960000, 0x000000051a8c0000)
  eden space 115840K,   0% used [0x0000000505c00000, 0x0000000505c00000, 0x000000050cd20000)
  from space 14464K,  41% used [0x000000050cd20000, 0x000000050d30d8d0, 0x000000050db40000)
  to   space 14464K,   0% used [0x000000050db40000, 0x000000050db40000, 0x000000050e960000)
 concurrent mark-sweep generation total 289368K, used 175064K [0x000000051a8c0000, 0x000000052c356000, 0x00000007c0000000)
 Metaspace       used 119898K, capacity 121786K, committed 121940K, reserved 1155072K
  class space    used 15879K, capacity 16288K, committed 16292K, reserved 1048576K
}
Event: 12154.401 GC heap before
{Heap before GC invocations=92 (full 10):
 par new generation   total 130304K, used 121910K [0x0000000505c00000, 0x000000050e960000, 0x000000051a8c0000)
  eden space 115840K, 100% used [0x0000000505c00000, 0x000000050cd20000, 0x000000050cd20000)
  from space 14464K,  41% used [0x000000050cd20000, 0x000000050d30d8d0, 0x000000050db40000)
  to   space 14464K,   0% used [0x000000050db40000, 0x000000050db40000, 0x000000050e960000)
 concurrent mark-sweep generation total 289368K, used 175064K [0x000000051a8c0000, 0x000000052c356000, 0x00000007c0000000)
 Metaspace       used 119898K, capacity 121786K, committed 121940K, reserved 1155072K
  class space    used 15879K, capacity 16288K, committed 16292K, reserved 1048576K
Event: 12154.409 GC heap after
Heap after GC invocations=93 (full 10):
 par new generation   total 130304K, used 3939K [0x0000000505c00000, 0x000000050e960000, 0x000000051a8c0000)
  eden space 115840K,   0% used [0x0000000505c00000, 0x0000000505c00000, 0x000000050cd20000)
  from space 14464K,  27% used [0x000000050db40000, 0x000000050df18f80, 0x000000050e960000)
  to   space 14464K,   0% used [0x000000050cd20000, 0x000000050cd20000, 0x000000050db40000)
 concurrent mark-sweep generation total 289368K, used 175668K [0x000000051a8c0000, 0x000000052c356000, 0x00000007c0000000)
 Metaspace       used 119898K, capacity 121786K, committed 121940K, reserved 1155072K
  class space    used 15879K, capacity 16288K, committed 16292K, reserved 1048576K
}
Event: 12275.098 GC heap before
{Heap before GC invocations=93 (full 10):
 par new generation   total 130304K, used 119779K [0x0000000505c00000, 0x000000050e960000, 0x000000051a8c0000)
  eden space 115840K, 100% used [0x0000000505c00000, 0x000000050cd20000, 0x000000050cd20000)
  from space 14464K,  27% used [0x000000050db40000, 0x000000050df18f80, 0x000000050e960000)
  to   space 14464K,   0% used [0x000000050cd20000, 0x000000050cd20000, 0x000000050db40000)
 concurrent mark-sweep generation total 289368K, used 175668K [0x000000051a8c0000, 0x000000052c356000, 0x00000007c0000000)
 Metaspace       used 119903K, capacity 121786K, committed 121940K, reserved 1155072K
  class space    used 15879K, capacity 16288K, committed 16292K, reserved 1048576K
Event: 12275.103 GC heap after
Heap after GC invocations=94 (full 10):
 par new generation   total 130304K, used 5178K [0x0000000505c00000, 0x000000050e960000, 0x000000051a8c0000)
  eden space 115840K,   0% used [0x0000000505c00000, 0x0000000505c00000, 0x000000050cd20000)
  from space 14464K,  35% used [0x000000050cd20000, 0x000000050d22e9e0, 0x000000050db40000)
  to   space 14464K,   0% used [0x000000050db40000, 0x000000050db40000, 0x000000050e960000)
 concurrent mark-sweep generation total 289368K, used 175786K [0x000000051a8c0000, 0x000000052c356000, 0x00000007c0000000)
 Metaspace       used 119903K, capacity 121786K, committed 121940K, reserved 1155072K
  class space    used 15879K, capacity 16288K, committed 16292K, reserved 1048576K
}
Event: 12451.999 GC heap before
{Heap before GC invocations=94 (full 10):
 par new generation   total 130304K, used 121018K [0x0000000505c00000, 0x000000050e960000, 0x000000051a8c0000)
  eden space 115840K, 100% used [0x0000000505c00000, 0x000000050cd20000, 0x000000050cd20000)
  from space 14464K,  35% used [0x000000050cd20000, 0x000000050d22e9e0, 0x000000050db40000)
  to   space 14464K,   0% used [0x000000050db40000, 0x000000050db40000, 0x000000050e960000)
 concurrent mark-sweep generation total 289368K, used 175786K [0x000000051a8c0000, 0x000000052c356000, 0x00000007c0000000)
 Metaspace       used 119920K, capacity 121786K, committed 121940K, reserved 1155072K
  class space    used 15879K, capacity 16288K, committed 16292K, reserved 1048576K
Event: 12452.005 GC heap after
Heap after GC invocations=95 (full 10):
 par new generation   total 130304K, used 6533K [0x0000000505c00000, 0x000000050e960000, 0x000000051a8c0000)
  eden space 115840K,   0% used [0x0000000505c00000, 0x0000000505c00000, 0x000000050cd20000)
  from space 14464K,  45% used [0x000000050db40000, 0x000000050e1a1648, 0x000000050e960000)
  to   space 14464K,   0% used [0x000000050cd20000, 0x000000050cd20000, 0x000000050db40000)
 concurrent mark-sweep generation total 289368K, used 175919K [0x000000051a8c0000, 0x000000052c356000, 0x00000007c0000000)
 Metaspace       used 119920K, capacity 121786K, committed 121940K, reserved 1155072K
  class space    used 15879K, capacity 16288K, committed 16292K, reserved 1048576K
}
Event: 12615.158 GC heap before
{Heap before GC invocations=95 (full 10):
 par new generation   total 130304K, used 98436K [0x0000000505c00000, 0x000000050e960000, 0x000000051a8c0000)
  eden space 115840K,  79% used [0x0000000505c00000, 0x000000050b5bf9d0, 0x000000050cd20000)
  from space 14464K,  45% used [0x000000050db40000, 0x000000050e1a1648, 0x000000050e960000)
  to   space 14464K,   0% used [0x000000050cd20000, 0x000000050cd20000, 0x000000050db40000)
 concurrent mark-sweep generation total 289368K, used 175919K [0x000000051a8c0000, 0x000000052c356000, 0x00000007c0000000)
 Metaspace       used 119926K, capacity 121786K, committed 121940K, reserved 1155072K
  class space    used 15879K, capacity 16288K, committed 16292K, reserved 1048576K
Event: 12615.409 GC heap after
Heap after GC invocations=96 (full 11):
 par new generation   total 131136K, used 0K [0x0000000505c00000, 0x000000050ea40000, 0x000000051a8c0000)
  eden space 116608K,   0% used [0x0000000505c00000, 0x0000000505c00000, 0x000000050cde0000)
  from space 14528K,   0% used [0x000000050cde0000, 0x000000050cde0000, 0x000000050dc10000)
  to   space 14528K,   0% used [0x000000050dc10000, 0x000000050dc10000, 0x000000050ea40000)
 concurrent mark-sweep generation total 291276K, used 174763K [0x000000051a8c0000, 0x000000052c533000, 0x00000007c0000000)
 Metaspace       used 119819K, capacity 121614K, committed 121940K, reserved 1155072K
  class space    used 15862K, capacity 16256K, committed 16292K, reserved 1048576K
}
Event: 12756.906 GC heap before
{Heap before GC invocations=96 (full 11):
 par new generation   total 131136K, used 116608K [0x0000000505c00000, 0x000000050ea40000, 0x000000051a8c0000)
  eden space 116608K, 100% used [0x0000000505c00000, 0x000000050cde0000, 0x000000050cde0000)
  from space 14528K,   0% used [0x000000050cde0000, 0x000000050cde0000, 0x000000050dc10000)
  to   space 14528K,   0% used [0x000000050dc10000, 0x000000050dc10000, 0x000000050ea40000)
 concurrent mark-sweep generation total 291276K, used 174763K [0x000000051a8c0000, 0x000000052c533000, 0x00000007c0000000)
 Metaspace       used 119828K, capacity 121614K, committed 121940K, reserved 1155072K
  class space    used 15863K, capacity 16256K, committed 16292K, reserved 1048576K
Event: 12756.909 GC heap after
Heap after GC invocations=97 (full 11):
 par new generation   total 131136K, used 4289K [0x0000000505c00000, 0x000000050ea40000, 0x000000051a8c0000)
  eden space 116608K,   0% used [0x0000000505c00000, 0x0000000505c00000, 0x000000050cde0000)
  from space 14528K,  29% used [0x000000050dc10000, 0x000000050e040720, 0x000000050ea40000)
  to   space 14528K,   0% used [0x000000050cde0000, 0x000000050cde0000, 0x000000050dc10000)
 concurrent mark-sweep generation total 291276K, used 174763K [0x000000051a8c0000, 0x000000052c533000, 0x00000007c0000000)
 Metaspace       used 119828K, capacity 121614K, committed 121940K, reserved 1155072K
  class space    used 15863K, capacity 16256K, committed 16292K, reserved 1048576K
}
Event: 12877.639 GC heap before
{Heap before GC invocations=97 (full 11):
 par new generation   total 131136K, used 120897K [0x0000000505c00000, 0x000000050ea40000, 0x000000051a8c0000)
  eden space 116608K, 100% used [0x0000000505c00000, 0x000000050cde0000, 0x000000050cde0000)
  from space 14528K,  29% used [0x000000050dc10000, 0x000000050e040720, 0x000000050ea40000)
  to   space 14528K,   0% used [0x000000050cde0000, 0x000000050cde0000, 0x000000050dc10000)
 concurrent mark-sweep generation total 291276K, used 174763K [0x000000051a8c0000, 0x000000052c533000, 0x00000007c0000000)
 Metaspace       used 119829K, capacity 121614K, committed 121940K, reserved 1155072K
  class space    used 15863K, capacity 16256K, committed 16292K, reserved 1048576K
Event: 12877.643 GC heap after
Heap after GC invocations=98 (full 11):
 par new generation   total 131136K, used 2374K [0x0000000505c00000, 0x000000050ea40000, 0x000000051a8c0000)
  eden space 116608K,   0% used [0x0000000505c00000, 0x0000000505c00000, 0x000000050cde0000)
  from space 14528K,  16% used [0x000000050cde0000, 0x000000050d031978, 0x000000050dc10000)
  to   space 14528K,   0% used [0x000000050dc10000, 0x000000050dc10000, 0x000000050ea40000)
 concurrent mark-sweep generation total 291276K, used 174763K [0x000000051a8c0000, 0x000000052c533000, 0x00000007c0000000)
 Metaspace       used 119829K, capacity 121614K, committed 121940K, reserved 1155072K
  class space    used 15863K, capacity 16256K, committed 16292K, reserved 1048576K
}
Event: 13052.746 GC heap before
{Heap before GC invocations=98 (full 11):
 par new generation   total 131136K, used 118982K [0x0000000505c00000, 0x000000050ea40000, 0x000000051a8c0000)
  eden space 116608K, 100% used [0x0000000505c00000, 0x000000050cde0000, 0x000000050cde0000)
  from space 14528K,  16% used [0x000000050cde0000, 0x000000050d031978, 0x000000050dc10000)
  to   space 14528K,   0% used [0x000000050dc10000, 0x000000050dc10000, 0x000000050ea40000)
 concurrent mark-sweep generation total 291276K, used 174763K [0x000000051a8c0000, 0x000000052c533000, 0x00000007c0000000)
 Metaspace       used 119836K, capacity 121678K, committed 121940K, reserved 1155072K
  class space    used 15863K, capacity 16256K, committed 16292K, reserved 1048576K
Event: 13052.749 GC heap after
Heap after GC invocations=99 (full 11):
 par new generation   total 131136K, used 2940K [0x0000000505c00000, 0x000000050ea40000, 0x000000051a8c0000)
  eden space 116608K,   0% used [0x0000000505c00000, 0x0000000505c00000, 0x000000050cde0000)
  from space 14528K,  20% used [0x000000050dc10000, 0x000000050deef188, 0x000000050ea40000)
  to   space 14528K,   0% used [0x000000050cde0000, 0x000000050cde0000, 0x000000050dc10000)
 concurrent mark-sweep generation total 291276K, used 174763K [0x000000051a8c0000, 0x000000052c533000, 0x00000007c0000000)
 Metaspace       used 119836K, capacity 121678K, committed 121940K, reserved 1155072K
  class space    used 15863K, capacity 16256K, committed 16292K, reserved 1048576K
}
Event: 13238.827 GC heap before
{Heap before GC invocations=99 (full 11):
 par new generation   total 131136K, used 119548K [0x0000000505c00000, 0x000000050ea40000, 0x000000051a8c0000)
  eden space 116608K, 100% used [0x0000000505c00000, 0x000000050cde0000, 0x000000050cde0000)
  from space 14528K,  20% used [0x000000050dc10000, 0x000000050deef188, 0x000000050ea40000)
  to   space 14528K,   0% used [0x000000050cde0000, 0x000000050cde0000, 0x000000050dc10000)
 concurrent mark-sweep generation total 291276K, used 174763K [0x000000051a8c0000, 0x000000052c533000, 0x00000007c0000000)
 Metaspace       used 119837K, capacity 121678K, committed 121940K, reserved 1155072K
  class space    used 15863K, capacity 16256K, committed 16292K, reserved 1048576K
Event: 13238.833 GC heap after
Heap after GC invocations=100 (full 11):
 par new generation   total 131136K, used 3253K [0x0000000505c00000, 0x000000050ea40000, 0x000000051a8c0000)
  eden space 116608K,   0% used [0x0000000505c00000, 0x0000000505c00000, 0x000000050cde0000)
  from space 14528K,  22% used [0x000000050cde0000, 0x000000050d10d6f0, 0x000000050dc10000)
  to   space 14528K,   0% used [0x000000050dc10000, 0x000000050dc10000, 0x000000050ea40000)
 concurrent mark-sweep generation total 291276K, used 174763K [0x000000051a8c0000, 0x000000052c533000, 0x00000007c0000000)
 Metaspace       used 119837K, capacity 121678K, committed 121940K, reserved 1155072K
  class space    used 15863K, capacity 16256K, committed 16292K, reserved 1048576K
}
Event: 13359.758 GC heap before
{Heap before GC invocations=100 (full 11):
 par new generation   total 131136K, used 119861K [0x0000000505c00000, 0x000000050ea40000, 0x000000051a8c0000)
  eden space 116608K, 100% used [0x0000000505c00000, 0x000000050cde0000, 0x000000050cde0000)
  from space 14528K,  22% used [0x000000050cde0000, 0x000000050d10d6f0, 0x000000050dc10000)
  to   space 14528K,   0% used [0x000000050dc10000, 0x000000050dc10000, 0x000000050ea40000)
 concurrent mark-sweep generation total 291276K, used 174763K [0x000000051a8c0000, 0x000000052c533000, 0x00000007c0000000)
 Metaspace       used 119837K, capacity 121678K, committed 121940K, reserved 1155072K
  class space    used 15863K, capacity 16256K, committed 16292K, reserved 1048576K
Event: 13359.763 GC heap after
Heap after GC invocations=101 (full 11):
 par new generation   total 131136K, used 3238K [0x0000000505c00000, 0x000000050ea40000, 0x000000051a8c0000)
  eden space 116608K,   0% used [0x0000000505c00000, 0x0000000505c00000, 0x000000050cde0000)
  from space 14528K,  22% used [0x000000050dc10000, 0x000000050df39900, 0x000000050ea40000)
  to   space 14528K,   0% used [0x000000050cde0000, 0x000000050cde0000, 0x000000050dc10000)
 concurrent mark-sweep generation total 291276K, used 174763K [0x000000051a8c0000, 0x000000052c533000, 0x00000007c0000000)
 Metaspace       used 119837K, capacity 121678K, committed 121940K, reserved 1155072K
  class space    used 15863K, capacity 16256K, committed 16292K, reserved 1048576K
}
Event: 13480.500 GC heap before
{Heap before GC invocations=101 (full 11):
 par new generation   total 131136K, used 119846K [0x0000000505c00000, 0x000000050ea40000, 0x000000051a8c0000)
  eden space 116608K, 100% used [0x0000000505c00000, 0x000000050cde0000, 0x000000050cde0000)
  from space 14528K,  22% used [0x000000050dc10000, 0x000000050df39900, 0x000000050ea40000)
  to   space 14528K,   0% used [0x000000050cde0000, 0x000000050cde0000, 0x000000050dc10000)
 concurrent mark-sweep generation total 291276K, used 174763K [0x000000051a8c0000, 0x000000052c533000, 0x00000007c0000000)
 Metaspace       used 119840K, capacity 121678K, committed 121940K, reserved 1155072K
  class space    used 15863K, capacity 16256K, committed 16292K, reserved 1048576K
Event: 13480.504 GC heap after
Heap after GC invocations=102 (full 11):
 par new generation   total 131136K, used 4654K [0x0000000505c00000, 0x000000050ea40000, 0x000000051a8c0000)
  eden space 116608K,   0% used [0x0000000505c00000, 0x0000000505c00000, 0x000000050cde0000)
  from space 14528K,  32% used [0x000000050cde0000, 0x000000050d26b800, 0x000000050dc10000)
  to   space 14528K,   0% used [0x000000050dc10000, 0x000000050dc10000, 0x000000050ea40000)
 concurrent mark-sweep generation total 291276K, used 174763K [0x000000051a8c0000, 0x000000052c533000, 0x00000007c0000000)
 Metaspace       used 119840K, capacity 121678K, committed 121940K, reserved 1155072K
  class space    used 15863K, capacity 16256K, committed 16292K, reserved 1048576K
}
Event: 13634.189 GC heap before
{Heap before GC invocations=102 (full 11):
 par new generation   total 131136K, used 121262K [0x0000000505c00000, 0x000000050ea40000, 0x000000051a8c0000)
  eden space 116608K, 100% used [0x0000000505c00000, 0x000000050cde0000, 0x000000050cde0000)
  from space 14528K,  32% used [0x000000050cde0000, 0x000000050d26b800, 0x000000050dc10000)
  to   space 14528K,   0% used [0x000000050dc10000, 0x000000050dc10000, 0x000000050ea40000)
 concurrent mark-sweep generation total 291276K, used 174763K [0x000000051a8c0000, 0x000000052c533000, 0x00000007c0000000)
 Metaspace       used 119849K, capacity 121678K, committed 121940K, reserved 1155072K
  class space    used 15863K, capacity 16256K, committed 16292K, reserved 1048576K
Event: 13634.194 GC heap after
Heap after GC invocations=103 (full 11):
 par new generation   total 131136K, used 4349K [0x0000000505c00000, 0x000000050ea40000, 0x000000051a8c0000)
  eden space 116608K,   0% used [0x0000000505c00000, 0x0000000505c00000, 0x000000050cde0000)
  from space 14528K,  29% used [0x000000050dc10000, 0x000000050e04f5c0, 0x000000050ea40000)
  to   space 14528K,   0% used [0x000000050cde0000, 0x000000050cde0000, 0x000000050dc10000)
 concurrent mark-sweep generation total 291276K, used 175281K [0x000000051a8c0000, 0x000000052c533000, 0x00000007c0000000)
 Metaspace       used 119849K, capacity 121678K, committed 121940K, reserved 1155072K
  class space    used 15863K, capacity 16256K, committed 16292K, reserved 1048576K
}
Event: 13841.981 GC heap before
{Heap before GC invocations=103 (full 11):
 par new generation   total 131136K, used 120957K [0x0000000505c00000, 0x000000050ea40000, 0x000000051a8c0000)
  eden space 116608K, 100% used [0x0000000505c00000, 0x000000050cde0000, 0x000000050cde0000)
  from space 14528K,  29% used [0x000000050dc10000, 0x000000050e04f5c0, 0x000000050ea40000)
  to   space 14528K,   0% used [0x000000050cde0000, 0x000000050cde0000, 0x000000050dc10000)
 concurrent mark-sweep generation total 291276K, used 175281K [0x000000051a8c0000, 0x000000052c533000, 0x00000007c0000000)
 Metaspace       used 119859K, capacity 121678K, committed 121940K, reserved 1155072K
  class space    used 15863K, capacity 16256K, committed 16292K, reserved 1048576K
Event: 13841.985 GC heap after
Heap after GC invocations=104 (full 11):
 par new generation   total 131136K, used 4671K [0x0000000505c00000, 0x000000050ea40000, 0x000000051a8c0000)
  eden space 116608K,   0% used [0x0000000505c00000, 0x0000000505c00000, 0x000000050cde0000)
  from space 14528K,  32% used [0x000000050cde0000, 0x000000050d26fc20, 0x000000050dc10000)
  to   space 14528K,   0% used [0x000000050dc10000, 0x000000050dc10000, 0x000000050ea40000)
 concurrent mark-sweep generation total 291276K, used 175559K [0x000000051a8c0000, 0x000000052c533000, 0x00000007c0000000)
 Metaspace       used 119859K, capacity 121678K, committed 121940K, reserved 1155072K
  class space    used 15863K, capacity 16256K, committed 16292K, reserved 1048576K
}
Event: 14083.081 GC heap before
{Heap before GC invocations=104 (full 11):
 par new generation   total 131136K, used 121279K [0x0000000505c00000, 0x000000050ea40000, 0x000000051a8c0000)
  eden space 116608K, 100% used [0x0000000505c00000, 0x000000050cde0000, 0x000000050cde0000)
  from space 14528K,  32% used [0x000000050cde0000, 0x000000050d26fc40, 0x000000050dc10000)
  to   space 14528K,   0% used [0x000000050dc10000, 0x000000050dc10000, 0x000000050ea40000)
 concurrent mark-sweep generation total 291276K, used 175559K [0x000000051a8c0000, 0x000000052c533000, 0x00000007c0000000)
 Metaspace       used 119861K, capacity 121678K, committed 121940K, reserved 1155072K
  class space    used 15863K, capacity 16256K, committed 16292K, reserved 1048576K
Event: 14083.097 GC heap after
Heap after GC invocations=105 (full 11):
 par new generation   total 131136K, used 3689K [0x0000000505c00000, 0x000000050ea40000, 0x000000051a8c0000)
  eden space 116608K,   0% used [0x0000000505c00000, 0x0000000505c00000, 0x000000050cde0000)
  from space 14528K,  25% used [0x000000050dc10000, 0x000000050dfaa4b8, 0x000000050ea40000)
  to   space 14528K,   0% used [0x000000050cde0000, 0x000000050cde0000, 0x000000050dc10000)
 concurrent mark-sweep generation total 291276K, used 176046K [0x000000051a8c0000, 0x000000052c533000, 0x00000007c0000000)
 Metaspace       used 119861K, capacity 121678K, committed 121940K, reserved 1155072K
  class space    used 15863K, capacity 16256K, committed 16292K, reserved 1048576K
}
Event: 14324.194 GC heap before
{Heap before GC invocations=105 (full 11):
 par new generation   total 131136K, used 120297K [0x0000000505c00000, 0x000000050ea40000, 0x000000051a8c0000)
  eden space 116608K, 100% used [0x0000000505c00000, 0x000000050cde0000, 0x000000050cde0000)
  from space 14528K,  25% used [0x000000050dc10000, 0x000000050dfaa4b8, 0x000000050ea40000)
  to   space 14528K,   0% used [0x000000050cde0000, 0x000000050cde0000, 0x000000050dc10000)
 concurrent mark-sweep generation total 291276K, used 176046K [0x000000051a8c0000, 0x000000052c533000, 0x00000007c0000000)
 Metaspace       used 119861K, capacity 121678K, committed 121940K, reserved 1155072K
  class space    used 15863K, capacity 16256K, committed 16292K, reserved 1048576K
Event: 14324.198 GC heap after
Heap after GC invocations=106 (full 11):
 par new generation   total 131136K, used 3247K [0x0000000505c00000, 0x000000050ea40000, 0x000000051a8c0000)
  eden space 116608K,   0% used [0x0000000505c00000, 0x0000000505c00000, 0x000000050cde0000)
  from space 14528K,  22% used [0x000000050cde0000, 0x000000050d10be00, 0x000000050dc10000)
  to   space 14528K,   0% used [0x000000050dc10000, 0x000000050dc10000, 0x000000050ea40000)
 concurrent mark-sweep generation total 291276K, used 176505K [0x000000051a8c0000, 0x000000052c533000, 0x00000007c0000000)
 Metaspace       used 119861K, capacity 121678K, committed 121940K, reserved 1155072K
  class space    used 15863K, capacity 16256K, committed 16292K, reserved 1048576K
}
Event: 14415.158 GC heap before
{Heap before GC invocations=106 (full 11):
 par new generation   total 131136K, used 25668K [0x0000000505c00000, 0x000000050ea40000, 0x000000051a8c0000)
  eden space 116608K,  19% used [0x0000000505c00000, 0x00000005071e5418, 0x000000050cde0000)
  from space 14528K,  22% used [0x000000050cde0000, 0x000000050d10be00, 0x000000050dc10000)
  to   space 14528K,   0% used [0x000000050dc10000, 0x000000050dc10000, 0x000000050ea40000)
 concurrent mark-sweep generation total 291276K, used 176505K [0x000000051a8c0000, 0x000000052c533000, 0x00000007c0000000)
 Metaspace       used 119861K, capacity 121678K, committed 121940K, reserved 1155072K
  class space    used 15863K, capacity 16256K, committed 16292K, reserved 1048576K
Event: 14415.383 GC heap after
Heap after GC invocations=107 (full 12):
 par new generation   total 131136K, used 0K [0x0000000505c00000, 0x000000050ea40000, 0x000000051a8c0000)
  eden space 116608K,   0% used [0x0000000505c00000, 0x0000000505c00000, 0x000000050cde0000)
  from space 14528K,   0% used [0x000000050cde0000, 0x000000050cde0000, 0x000000050dc10000)
  to   space 14528K,   0% used [0x000000050dc10000, 0x000000050dc10000, 0x000000050ea40000)
 concurrent mark-sweep generation total 291276K, used 172980K [0x000000051a8c0000, 0x000000052c533000, 0x00000007c0000000)
 Metaspace       used 119846K, capacity 121654K, committed 121940K, reserved 1155072K
  class space    used 15861K, capacity 16252K, committed 16292K, reserved 1048576K
}
Event: 14685.488 GC heap before
{Heap before GC invocations=107 (full 12):
 par new generation   total 131136K, used 116608K [0x0000000505c00000, 0x000000050ea40000, 0x000000051a8c0000)
  eden space 116608K, 100% used [0x0000000505c00000, 0x000000050cde0000, 0x000000050cde0000)
  from space 14528K,   0% used [0x000000050cde0000, 0x000000050cde0000, 0x000000050dc10000)
  to   space 14528K,   0% used [0x000000050dc10000, 0x000000050dc10000, 0x000000050ea40000)
 concurrent mark-sweep generation total 291276K, used 172980K [0x000000051a8c0000, 0x000000052c533000, 0x00000007c0000000)
 Metaspace       used 119847K, capacity 121654K, committed 121940K, reserved 1155072K
  class space    used 15861K, capacity 16252K, committed 16292K, reserved 1048576K
Event: 14685.495 GC heap after
Heap after GC invocations=108 (full 12):
 par new generation   total 131136K, used 1075K [0x0000000505c00000, 0x000000050ea40000, 0x000000051a8c0000)
  eden space 116608K,   0% used [0x0000000505c00000, 0x0000000505c00000, 0x000000050cde0000)
  from space 14528K,   7% used [0x000000050dc10000, 0x000000050dd1cfe0, 0x000000050ea40000)
  to   space 14528K,   0% used [0x000000050cde0000, 0x000000050cde0000, 0x000000050dc10000)
 concurrent mark-sweep generation total 291276K, used 172980K [0x000000051a8c0000, 0x000000052c533000, 0x00000007c0000000)
 Metaspace       used 119847K, capacity 121654K, committed 121940K, reserved 1155072K
  class space    used 15861K, capacity 16252K, committed 16292K, reserved 1048576K
}
Event: 14926.608 GC heap before
{Heap before GC invocations=108 (full 12):
 par new generation   total 131136K, used 117683K [0x0000000505c00000, 0x000000050ea40000, 0x000000051a8c0000)
  eden space 116608K, 100% used [0x0000000505c00000, 0x000000050cde0000, 0x000000050cde0000)
  from space 14528K,   7% used [0x000000050dc10000, 0x000000050dd1cfe0, 0x000000050ea40000)
  to   space 14528K,   0% used [0x000000050cde0000, 0x000000050cde0000, 0x000000050dc10000)
 concurrent mark-sweep generation total 291276K, used 172980K [0x000000051a8c0000, 0x000000052c533000, 0x00000007c0000000)
 Metaspace       used 119848K, capacity 121654K, committed 121940K, reserved 1155072K
  class space    used 15861K, capacity 16252K, committed 16292K, reserved 1048576K
Event: 14926.610 GC heap after
Heap after GC invocations=109 (full 12):
 par new generation   total 131136K, used 730K [0x0000000505c00000, 0x000000050ea40000, 0x000000051a8c0000)
  eden space 116608K,   0% used [0x0000000505c00000, 0x0000000505c00000, 0x000000050cde0000)
  from space 14528K,   5% used [0x000000050cde0000, 0x000000050ce96b60, 0x000000050dc10000)
  to   space 14528K,   0% used [0x000000050dc10000, 0x000000050dc10000, 0x000000050ea40000)
 concurrent mark-sweep generation total 291276K, used 172980K [0x000000051a8c0000, 0x000000052c533000, 0x00000007c0000000)
 Metaspace       used 119848K, capacity 121654K, committed 121940K, reserved 1155072K
  class space    used 15861K, capacity 16252K, committed 16292K, reserved 1048576K
}
Event: 15167.554 GC heap before
{Heap before GC invocations=109 (full 12):
 par new generation   total 131136K, used 117338K [0x0000000505c00000, 0x000000050ea40000, 0x000000051a8c0000)
  eden space 116608K, 100% used [0x0000000505c00000, 0x000000050cde0000, 0x000000050cde0000)
  from space 14528K,   5% used [0x000000050cde0000, 0x000000050ce96b60, 0x000000050dc10000)
  to   space 14528K,   0% used [0x000000050dc10000, 0x000000050dc10000, 0x000000050ea40000)
 concurrent mark-sweep generation total 291276K, used 172980K [0x000000051a8c0000, 0x000000052c533000, 0x00000007c0000000)
 Metaspace       used 119861K, capacity 121654K, committed 121940K, reserved 1155072K
  class space    used 15861K, capacity 16252K, committed 16292K, reserved 1048576K
Event: 15167.556 GC heap after
Heap after GC invocations=110 (full 12):
 par new generation   total 131136K, used 549K [0x0000000505c00000, 0x000000050ea40000, 0x000000051a8c0000)
  eden space 116608K,   0% used [0x0000000505c00000, 0x0000000505c00000, 0x000000050cde0000)
  from space 14528K,   3% used [0x000000050dc10000, 0x000000050dc99788, 0x000000050ea40000)
  to   space 14528K,   0% used [0x000000050cde0000, 0x000000050cde0000, 0x000000050dc10000)
 concurrent mark-sweep generation total 291276K, used 172980K [0x000000051a8c0000, 0x000000052c533000, 0x00000007c0000000)
 Metaspace       used 119861K, capacity 121654K, committed 121940K, reserved 1155072K
  class space    used 15861K, capacity 16252K, committed 16292K, reserved 1048576K
}
Event: 15408.485 GC heap before
{Heap before GC invocations=110 (full 12):
 par new generation   total 131136K, used 117157K [0x0000000505c00000, 0x000000050ea40000, 0x000000051a8c0000)
  eden space 116608K, 100% used [0x0000000505c00000, 0x000000050cde0000, 0x000000050cde0000)
  from space 14528K,   3% used [0x000000050dc10000, 0x000000050dc99788, 0x000000050ea40000)
  to   space 14528K,   0% used [0x000000050cde0000, 0x000000050cde0000, 0x000000050dc10000)
 concurrent mark-sweep generation total 291276K, used 172980K [0x000000051a8c0000, 0x000000052c533000, 0x00000007c0000000)
 Metaspace       used 119872K, capacity 121654K, committed 121940K, reserved 1155072K
  class space    used 15861K, capacity 16252K, committed 16292K, reserved 1048576K
Event: 15408.488 GC heap after
Heap after GC invocations=111 (full 12):
 par new generation   total 131136K, used 828K [0x0000000505c00000, 0x000000050ea40000, 0x000000051a8c0000)
  eden space 116608K,   0% used [0x0000000505c00000, 0x0000000505c00000, 0x000000050cde0000)
  from space 14528K,   5% used [0x000000050cde0000, 0x000000050ceaf140, 0x000000050dc10000)
  to   space 14528K,   0% used [0x000000050dc10000, 0x000000050dc10000, 0x000000050ea40000)
 concurrent mark-sweep generation total 291276K, used 172980K [0x000000051a8c0000, 0x000000052c533000, 0x00000007c0000000)
 Metaspace       used 119872K, capacity 121654K, committed 121940K, reserved 1155072K
  class space    used 15861K, capacity 16252K, committed 16292K, reserved 1048576K
}
Event: 15649.575 GC heap before
{Heap before GC invocations=111 (full 12):
 par new generation   total 131136K, used 117436K [0x0000000505c00000, 0x000000050ea40000, 0x000000051a8c0000)
  eden space 116608K, 100% used [0x0000000505c00000, 0x000000050cde0000, 0x000000050cde0000)
  from space 14528K,   5% used [0x000000050cde0000, 0x000000050ceaf140, 0x000000050dc10000)
  to   space 14528K,   0% used [0x000000050dc10000, 0x000000050dc10000, 0x000000050ea40000)
 concurrent mark-sweep generation total 291276K, used 172980K [0x000000051a8c0000, 0x000000052c533000, 0x00000007c0000000)
 Metaspace       used 119876K, capacity 121654K, committed 121940K, reserved 1155072K
  class space    used 15861K, capacity 16252K, committed 16292K, reserved 1048576K
Event: 15649.578 GC heap after
Heap after GC invocations=112 (full 12):
 par new generation   total 131136K, used 1181K [0x0000000505c00000, 0x000000050ea40000, 0x000000051a8c0000)
  eden space 116608K,   0% used [0x0000000505c00000, 0x0000000505c00000, 0x000000050cde0000)
  from space 14528K,   8% used [0x000000050dc10000, 0x000000050dd37740, 0x000000050ea40000)
  to   space 14528K,   0% used [0x000000050cde0000, 0x000000050cde0000, 0x000000050dc10000)
 concurrent mark-sweep generation total 291276K, used 172980K [0x000000051a8c0000, 0x000000052c533000, 0x00000007c0000000)
 Metaspace       used 119876K, capacity 121654K, committed 121940K, reserved 1155072K
  class space    used 15861K, capacity 16252K, committed 16292K, reserved 1048576K
}
Event: 15837.846 GC heap before
{Heap before GC invocations=112 (full 12):
 par new generation   total 131136K, used 117789K [0x0000000505c00000, 0x000000050ea40000, 0x000000051a8c0000)
  eden space 116608K, 100% used [0x0000000505c00000, 0x000000050cde0000, 0x000000050cde0000)
  from space 14528K,   8% used [0x000000050dc10000, 0x000000050dd37740, 0x000000050ea40000)
  to   space 14528K,   0% used [0x000000050cde0000, 0x000000050cde0000, 0x000000050dc10000)
 concurrent mark-sweep generation total 291276K, used 172980K [0x000000051a8c0000, 0x000000052c533000, 0x00000007c0000000)
 Metaspace       used 120048K, capacity 121812K, committed 122324K, reserved 1155072K
  class space    used 15884K, capacity 16260K, committed 16420K, reserved 1048576K
Event: 15837.852 GC heap after
Heap after GC invocations=113 (full 12):
 par new generation   total 131136K, used 1884K [0x0000000505c00000, 0x000000050ea40000, 0x000000051a8c0000)
  eden space 116608K,   0% used [0x0000000505c00000, 0x0000000505c00000, 0x000000050cde0000)
  from space 14528K,  12% used [0x000000050cde0000, 0x000000050cfb72e8, 0x000000050dc10000)
  to   space 14528K,   0% used [0x000000050dc10000, 0x000000050dc10000, 0x000000050ea40000)
 concurrent mark-sweep generation total 291276K, used 172980K [0x000000051a8c0000, 0x000000052c533000, 0x00000007c0000000)
 Metaspace       used 120048K, capacity 121812K, committed 122324K, reserved 1155072K
  class space    used 15884K, capacity 16260K, committed 16420K, reserved 1048576K
}
Event: 15891.137 GC heap before
{Heap before GC invocations=113 (full 12):
 par new generation   total 131136K, used 118492K [0x0000000505c00000, 0x000000050ea40000, 0x000000051a8c0000)
  eden space 116608K, 100% used [0x0000000505c00000, 0x000000050cde0000, 0x000000050cde0000)
  from space 14528K,  12% used [0x000000050cde0000, 0x000000050cfb72e8, 0x000000050dc10000)
  to   space 14528K,   0% used [0x000000050dc10000, 0x000000050dc10000, 0x000000050ea40000)
 concurrent mark-sweep generation total 291276K, used 172980K [0x000000051a8c0000, 0x000000052c533000, 0x00000007c0000000)
 Metaspace       used 120126K, capacity 121986K, committed 122324K, reserved 1155072K
  class space    used 15898K, capacity 16305K, committed 16420K, reserved 1048576K
Event: 15891.141 GC heap after
Heap after GC invocations=114 (full 12):
 par new generation   total 131136K, used 3794K [0x0000000505c00000, 0x000000050ea40000, 0x000000051a8c0000)
  eden space 116608K,   0% used [0x0000000505c00000, 0x0000000505c00000, 0x000000050cde0000)
  from space 14528K,  26% used [0x000000050dc10000, 0x000000050dfc48f0, 0x000000050ea40000)
  to   space 14528K,   0% used [0x000000050cde0000, 0x000000050cde0000, 0x000000050dc10000)
 concurrent mark-sweep generation total 291276K, used 173010K [0x000000051a8c0000, 0x000000052c533000, 0x00000007c0000000)
 Metaspace       used 120126K, capacity 121986K, committed 122324K, reserved 1155072K
  class space    used 15898K, capacity 16305K, committed 16420K, reserved 1048576K
}
Event: 15981.660 GC heap before
{Heap before GC invocations=114 (full 12):
 par new generation   total 131136K, used 120402K [0x0000000505c00000, 0x000000050ea40000, 0x000000051a8c0000)
  eden space 116608K, 100% used [0x0000000505c00000, 0x000000050cde0000, 0x000000050cde0000)
  from space 14528K,  26% used [0x000000050dc10000, 0x000000050dfc48f0, 0x000000050ea40000)
  to   space 14528K,   0% used [0x000000050cde0000, 0x000000050cde0000, 0x000000050dc10000)
 concurrent mark-sweep generation total 291276K, used 173010K [0x000000051a8c0000, 0x000000052c533000, 0x00000007c0000000)
 Metaspace       used 120126K, capacity 121986K, committed 122324K, reserved 1155072K
  class space    used 15898K, capacity 16305K, committed 16420K, reserved 1048576K
Event: 15981.665 GC heap after
Heap after GC invocations=115 (full 12):
 par new generation   total 131136K, used 4842K [0x0000000505c00000, 0x000000050ea40000, 0x000000051a8c0000)
  eden space 116608K,   0% used [0x0000000505c00000, 0x0000000505c00000, 0x000000050cde0000)
  from space 14528K,  33% used [0x000000050cde0000, 0x000000050d29a938, 0x000000050dc10000)
  to   space 14528K,   0% used [0x000000050dc10000, 0x000000050dc10000, 0x000000050ea40000)
 concurrent mark-sweep generation total 291276K, used 173010K [0x000000051a8c0000, 0x000000052c533000, 0x00000007c0000000)
 Metaspace       used 120126K, capacity 121986K, committed 122324K, reserved 1155072K
  class space    used 15898K, capacity 16305K, committed 16420K, reserved 1048576K
}
Event: 16020.316 GC heap before
{Heap before GC invocations=115 (full 12):
 par new generation   total 131136K, used 121450K [0x0000000505c00000, 0x000000050ea40000, 0x000000051a8c0000)
  eden space 116608K, 100% used [0x0000000505c00000, 0x000000050cde0000, 0x000000050cde0000)
  from space 14528K,  33% used [0x000000050cde0000, 0x000000050d29a938, 0x000000050dc10000)
  to   space 14528K,   0% used [0x000000050dc10000, 0x000000050dc10000, 0x000000050ea40000)
 concurrent mark-sweep generation total 291276K, used 173010K [0x000000051a8c0000, 0x000000052c533000, 0x00000007c0000000)
 Metaspace       used 120126K, capacity 121986K, committed 122324K, reserved 1155072K
  class space    used 15898K, capacity 16305K, committed 16420K, reserved 1048576K
Event: 16020.322 GC heap after
Heap after GC invocations=116 (full 12):
 par new generation   total 131136K, used 6181K [0x0000000505c00000, 0x000000050ea40000, 0x000000051a8c0000)
  eden space 116608K,   0% used [0x0000000505c00000, 0x0000000505c00000, 0x000000050cde0000)
  from space 14528K,  42% used [0x000000050dc10000, 0x000000050e219400, 0x000000050ea40000)
  to   space 14528K,   0% used [0x000000050cde0000, 0x000000050cde0000, 0x000000050dc10000)
 concurrent mark-sweep generation total 291276K, used 173010K [0x000000051a8c0000, 0x000000052c533000, 0x00000007c0000000)
 Metaspace       used 120126K, capacity 121986K, committed 122324K, reserved 1155072K
  class space    used 15898K, capacity 16305K, committed 16420K, reserved 1048576K
}
Event: 16132.243 GC heap before
{Heap before GC invocations=116 (full 12):
 par new generation   total 131136K, used 122789K [0x0000000505c00000, 0x000000050ea40000, 0x000000051a8c0000)
  eden space 116608K, 100% used [0x0000000505c00000, 0x000000050cde0000, 0x000000050cde0000)
  from space 14528K,  42% used [0x000000050dc10000, 0x000000050e219400, 0x000000050ea40000)
  to   space 14528K,   0% used [0x000000050cde0000, 0x000000050cde0000, 0x000000050dc10000)
 concurrent mark-sweep generation total 291276K, used 173010K [0x000000051a8c0000, 0x000000052c533000, 0x00000007c0000000)
 Metaspace       used 120182K, capacity 122004K, committed 122324K, reserved 1155072K
  class space    used 15901K, capacity 16308K, committed 16420K, reserved 1048576K
Event: 16132.259 GC heap after
Heap after GC invocations=117 (full 12):
 par new generation   total 131136K, used 4314K [0x0000000505c00000, 0x000000050ea40000, 0x000000051a8c0000)
  eden space 116608K,   0% used [0x0000000505c00000, 0x0000000505c00000, 0x000000050cde0000)
  from space 14528K,  29% used [0x000000050cde0000, 0x000000050d2169c0, 0x000000050dc10000)
  to   space 14528K,   0% used [0x000000050dc10000, 0x000000050dc10000, 0x000000050ea40000)
 concurrent mark-sweep generation total 291276K, used 173011K [0x000000051a8c0000, 0x000000052c533000, 0x00000007c0000000)
 Metaspace       used 120182K, capacity 122004K, committed 122324K, reserved 1155072K
  class space    used 15901K, capacity 16308K, committed 16420K, reserved 1048576K
}
Event: 16215.158 GC heap before
{Heap before GC invocations=117 (full 12):
 par new generation   total 131136K, used 81485K [0x0000000505c00000, 0x000000050ea40000, 0x000000051a8c0000)
  eden space 116608K,  66% used [0x0000000505c00000, 0x000000050a75ca40, 0x000000050cde0000)
  from space 14528K,  29% used [0x000000050cde0000, 0x000000050d2169c0, 0x000000050dc10000)
  to   space 14528K,   0% used [0x000000050dc10000, 0x000000050dc10000, 0x000000050ea40000)
 concurrent mark-sweep generation total 291276K, used 173011K [0x000000051a8c0000, 0x000000052c533000, 0x00000007c0000000)
 Metaspace       used 120186K, capacity 122004K, committed 122324K, reserved 1155072K
  class space    used 15901K, capacity 16308K, committed 16420K, reserved 1048576K
Event: 16215.379 GC heap after
Heap after GC invocations=118 (full 13):
 par new generation   total 131136K, used 0K [0x0000000505c00000, 0x000000050ea40000, 0x000000051a8c0000)
  eden space 116608K,   0% used [0x0000000505c00000, 0x0000000505c00000, 0x000000050cde0000)
  from space 14528K,   0% used [0x000000050cde0000, 0x000000050cde0000, 0x000000050dc10000)
  to   space 14528K,   0% used [0x000000050dc10000, 0x000000050dc10000, 0x000000050ea40000)
 concurrent mark-sweep generation total 291276K, used 172747K [0x000000051a8c0000, 0x000000052c533000, 0x00000007c0000000)
 Metaspace       used 120182K, capacity 121998K, committed 122324K, reserved 1155072K
  class space    used 15901K, capacity 16307K, committed 16420K, reserved 1048576K
}
Event: 16373.681 GC heap before
{Heap before GC invocations=118 (full 13):
 par new generation   total 131136K, used 116608K [0x0000000505c00000, 0x000000050ea40000, 0x000000051a8c0000)
  eden space 116608K, 100% used [0x0000000505c00000, 0x000000050cde0000, 0x000000050cde0000)
  from space 14528K,   0% used [0x000000050cde0000, 0x000000050cde0000, 0x000000050dc10000)
  to   space 14528K,   0% used [0x000000050dc10000, 0x000000050dc10000, 0x000000050ea40000)
 concurrent mark-sweep generation total 291276K, used 172747K [0x000000051a8c0000, 0x000000052c533000, 0x00000007c0000000)
 Metaspace       used 120182K, capacity 121998K, committed 122324K, reserved 1155072K
  class space    used 15901K, capacity 16307K, committed 16420K, reserved 1048576K
Event: 16373.685 GC heap after
Heap after GC invocations=119 (full 13):
 par new generation   total 131136K, used 1444K [0x0000000505c00000, 0x000000050ea40000, 0x000000051a8c0000)
  eden space 116608K,   0% used [0x0000000505c00000, 0x0000000505c00000, 0x000000050cde0000)
  from space 14528K,   9% used [0x000000050dc10000, 0x000000050dd79248, 0x000000050ea40000)
  to   space 14528K,   0% used [0x000000050cde0000, 0x000000050cde0000, 0x000000050dc10000)
 concurrent mark-sweep generation total 291276K, used 172747K [0x000000051a8c0000, 0x000000052c533000, 0x00000007c0000000)
 Metaspace       used 120182K, capacity 121998K, committed 122324K, reserved 1155072K
  class space    used 15901K, capacity 16307K, committed 16420K, reserved 1048576K
}
Event: 16611.149 GC heap before
{Heap before GC invocations=119 (full 13):
 par new generation   total 131136K, used 118052K [0x0000000505c00000, 0x000000050ea40000, 0x000000051a8c0000)
  eden space 116608K, 100% used [0x0000000505c00000, 0x000000050cde0000, 0x000000050cde0000)
  from space 14528K,   9% used [0x000000050dc10000, 0x000000050dd79248, 0x000000050ea40000)
  to   space 14528K,   0% used [0x000000050cde0000, 0x000000050cde0000, 0x000000050dc10000)
 concurrent mark-sweep generation total 291276K, used 172747K [0x000000051a8c0000, 0x000000052c533000, 0x00000007c0000000)
 Metaspace       used 120401K, capacity 122196K, committed 122580K, reserved 1155072K
  class space    used 15925K, capacity 16308K, committed 16420K, reserved 1048576K
Event: 16611.151 GC heap after
Heap after GC invocations=120 (full 13):
 par new generation   total 131136K, used 1318K [0x0000000505c00000, 0x000000050ea40000, 0x000000051a8c0000)
  eden space 116608K,   0% used [0x0000000505c00000, 0x0000000505c00000, 0x000000050cde0000)
  from space 14528K,   9% used [0x000000050cde0000, 0x000000050cf29b80, 0x000000050dc10000)
  to   space 14528K,   0% used [0x000000050dc10000, 0x000000050dc10000, 0x000000050ea40000)
 concurrent mark-sweep generation total 291276K, used 172747K [0x000000051a8c0000, 0x000000052c533000, 0x00000007c0000000)
 Metaspace       used 120401K, capacity 122196K, committed 122580K, reserved 1155072K
  class space    used 15925K, capacity 16308K, committed 16420K, reserved 1048576K
}
Event: 16614.517 GC heap before
{Heap before GC invocations=120 (full 13):
 par new generation   total 131136K, used 117926K [0x0000000505c00000, 0x000000050ea40000, 0x000000051a8c0000)
  eden space 116608K, 100% used [0x0000000505c00000, 0x000000050cde0000, 0x000000050cde0000)
  from space 14528K,   9% used [0x000000050cde0000, 0x000000050cf29b80, 0x000000050dc10000)
  to   space 14528K,   0% used [0x000000050dc10000, 0x000000050dc10000, 0x000000050ea40000)
 concurrent mark-sweep generation total 291276K, used 172747K [0x000000051a8c0000, 0x000000052c533000, 0x00000007c0000000)
 Metaspace       used 120627K, capacity 122526K, committed 122836K, reserved 1155072K
  class space    used 15942K, capacity 16332K, committed 16420K, reserved 1048576K
Event: 16614.521 GC heap after
Heap after GC invocations=121 (full 13):
 par new generation   total 131136K, used 2862K [0x0000000505c00000, 0x000000050ea40000, 0x000000051a8c0000)
  eden space 116608K,   0% used [0x0000000505c00000, 0x0000000505c00000, 0x000000050cde0000)
  from space 14528K,  19% used [0x000000050dc10000, 0x000000050dedbbd0, 0x000000050ea40000)
  to   space 14528K,   0% used [0x000000050cde0000, 0x000000050cde0000, 0x000000050dc10000)
 concurrent mark-sweep generation total 291276K, used 172747K [0x000000051a8c0000, 0x000000052c533000, 0x00000007c0000000)
 Metaspace       used 120627K, capacity 122526K, committed 122836K, reserved 1155072K
  class space    used 15942K, capacity 16332K, committed 16420K, reserved 1048576K
}
Event: 16735.218 GC heap before
{Heap before GC invocations=121 (full 13):
 par new generation   total 131136K, used 119470K [0x0000000505c00000, 0x000000050ea40000, 0x000000051a8c0000)
  eden space 116608K, 100% used [0x0000000505c00000, 0x000000050cde0000, 0x000000050cde0000)
  from space 14528K,  19% used [0x000000050dc10000, 0x000000050dedbbd0, 0x000000050ea40000)
  to   space 14528K,   0% used [0x000000050cde0000, 0x000000050cde0000, 0x000000050dc10000)
 concurrent mark-sweep generation total 291276K, used 172747K [0x000000051a8c0000, 0x000000052c533000, 0x00000007c0000000)
 Metaspace       used 120634K, capacity 122526K, committed 122836K, reserved 1155072K
  class space    used 15942K, capacity 16332K, committed 16420K, reserved 1048576K
Event: 16735.224 GC heap after
Heap after GC invocations=122 (full 13):
 par new generation   total 131136K, used 4228K [0x0000000505c00000, 0x000000050ea40000, 0x000000051a8c0000)
  eden space 116608K,   0% used [0x0000000505c00000, 0x0000000505c00000, 0x000000050cde0000)
  from space 14528K,  29% used [0x000000050cde0000, 0x000000050d201188, 0x000000050dc10000)
  to   space 14528K,   0% used [0x000000050dc10000, 0x000000050dc10000, 0x000000050ea40000)
 concurrent mark-sweep generation total 291276K, used 172747K [0x000000051a8c0000, 0x000000052c533000, 0x00000007c0000000)
 Metaspace       used 120634K, capacity 122526K, committed 122836K, reserved 1155072K
  class space    used 15942K, capacity 16332K, committed 16420K, reserved 1048576K
}
Event: 16855.940 GC heap before
{Heap before GC invocations=122 (full 13):
 par new generation   total 131136K, used 120836K [0x0000000505c00000, 0x000000050ea40000, 0x000000051a8c0000)
  eden space 116608K, 100% used [0x0000000505c00000, 0x000000050cde0000, 0x000000050cde0000)
  from space 14528K,  29% used [0x000000050cde0000, 0x000000050d201188, 0x000000050dc10000)
  to   space 14528K,   0% used [0x000000050dc10000, 0x000000050dc10000, 0x000000050ea40000)
 concurrent mark-sweep generation total 291276K, used 172747K [0x000000051a8c0000, 0x000000052c533000, 0x00000007c0000000)
 Metaspace       used 120636K, capacity 122526K, committed 122836K, reserved 1155072K
  class space    used 15942K, capacity 16332K, committed 16420K, reserved 1048576K
Event: 16855.944 GC heap after
Heap after GC invocations=123 (full 13):
 par new generation   total 131136K, used 5435K [0x0000000505c00000, 0x000000050ea40000, 0x000000051a8c0000)
  eden space 116608K,   0% used [0x0000000505c00000, 0x0000000505c00000, 0x000000050cde0000)
  from space 14528K,  37% used [0x000000050dc10000, 0x000000050e15ed20, 0x000000050ea40000)
  to   space 14528K,   0% used [0x000000050cde0000, 0x000000050cde0000, 0x000000050dc10000)
 concurrent mark-sweep generation total 291276K, used 172747K [0x000000051a8c0000, 0x000000052c533000, 0x00000007c0000000)
 Metaspace       used 120636K, capacity 122526K, committed 122836K, reserved 1155072K
  class space    used 15942K, capacity 16332K, committed 16420K, reserved 1048576K
}
Event: 16976.573 GC heap before
{Heap before GC invocations=123 (full 13):
 par new generation   total 131136K, used 122043K [0x0000000505c00000, 0x000000050ea40000, 0x000000051a8c0000)
  eden space 116608K, 100% used [0x0000000505c00000, 0x000000050cde0000, 0x000000050cde0000)
  from space 14528K,  37% used [0x000000050dc10000, 0x000000050e15ed20, 0x000000050ea40000)
  to   space 14528K,   0% used [0x000000050cde0000, 0x000000050cde0000, 0x000000050dc10000)
 concurrent mark-sweep generation total 291276K, used 172747K [0x000000051a8c0000, 0x000000052c533000, 0x00000007c0000000)
 Metaspace       used 120637K, capacity 122526K, committed 122836K, reserved 1155072K
  class space    used 15942K, capacity 16332K, committed 16420K, reserved 1048576K
Event: 16976.577 GC heap after
Heap after GC invocations=124 (full 13):
 par new generation   total 131136K, used 6071K [0x0000000505c00000, 0x000000050ea40000, 0x000000051a8c0000)
  eden space 116608K,   0% used [0x0000000505c00000, 0x0000000505c00000, 0x000000050cde0000)
  from space 14528K,  41% used [0x000000050cde0000, 0x000000050d3cdc18, 0x000000050dc10000)
  to   space 14528K,   0% used [0x000000050dc10000, 0x000000050dc10000, 0x000000050ea40000)
 concurrent mark-sweep generation total 291276K, used 172747K [0x000000051a8c0000, 0x000000052c533000, 0x00000007c0000000)
 Metaspace       used 120637K, capacity 122526K, committed 122836K, reserved 1155072K
  class space    used 15942K, capacity 16332K, committed 16420K, reserved 1048576K
}
Event: 17097.110 GC heap before
{Heap before GC invocations=124 (full 13):
 par new generation   total 131136K, used 122679K [0x0000000505c00000, 0x000000050ea40000, 0x000000051a8c0000)
  eden space 116608K, 100% used [0x0000000505c00000, 0x000000050cde0000, 0x000000050cde0000)
  from space 14528K,  41% used [0x000000050cde0000, 0x000000050d3cdc18, 0x000000050dc10000)
  to   space 14528K,   0% used [0x000000050dc10000, 0x000000050dc10000, 0x000000050ea40000)
 concurrent mark-sweep generation total 291276K, used 172747K [0x000000051a8c0000, 0x000000052c533000, 0x00000007c0000000)
 Metaspace       used 120643K, capacity 122526K, committed 122836K, reserved 1155072K
  class space    used 15942K, capacity 16332K, committed 16420K, reserved 1048576K
Event: 17097.115 GC heap after
Heap after GC invocations=125 (full 13):
 par new generation   total 131136K, used 7029K [0x0000000505c00000, 0x000000050ea40000, 0x000000051a8c0000)
  eden space 116608K,   0% used [0x0000000505c00000, 0x0000000505c00000, 0x000000050cde0000)
  from space 14528K,  48% used [0x000000050dc10000, 0x000000050e2ed738, 0x000000050ea40000)
  to   space 14528K,   0% used [0x000000050cde0000, 0x000000050cde0000, 0x000000050dc10000)
 concurrent mark-sweep generation total 291276K, used 172782K [0x000000051a8c0000, 0x000000052c533000, 0x00000007c0000000)
 Metaspace       used 120643K, capacity 122526K, committed 122836K, reserved 1155072K
  class space    used 15942K, capacity 16332K, committed 16420K, reserved 1048576K
}
Event: 17217.773 GC heap before
{Heap before GC invocations=125 (full 13):
 par new generation   total 131136K, used 123637K [0x0000000505c00000, 0x000000050ea40000, 0x000000051a8c0000)
  eden space 116608K, 100% used [0x0000000505c00000, 0x000000050cde0000, 0x000000050cde0000)
  from space 14528K,  48% used [0x000000050dc10000, 0x000000050e2ed738, 0x000000050ea40000)
  to   space 14528K,   0% used [0x000000050cde0000, 0x000000050cde0000, 0x000000050dc10000)
 concurrent mark-sweep generation total 291276K, used 172782K [0x000000051a8c0000, 0x000000052c533000, 0x00000007c0000000)
 Metaspace       used 120648K, capacity 122590K, committed 122836K, reserved 1155072K
  class space    used 15942K, capacity 16332K, committed 16420K, reserved 1048576K
Event: 17217.780 GC heap after
Heap after GC invocations=126 (full 13):
 par new generation   total 131136K, used 7553K [0x0000000505c00000, 0x000000050ea40000, 0x000000051a8c0000)
  eden space 116608K,   0% used [0x0000000505c00000, 0x0000000505c00000, 0x000000050cde0000)
  from space 14528K,  51% used [0x000000050cde0000, 0x000000050d540470, 0x000000050dc10000)
  to   space 14528K,   0% used [0x000000050dc10000, 0x000000050dc10000, 0x000000050ea40000)
 concurrent mark-sweep generation total 291276K, used 173435K [0x000000051a8c0000, 0x000000052c533000, 0x00000007c0000000)
 Metaspace       used 120648K, capacity 122590K, committed 122836K, reserved 1155072K
  class space    used 15942K, capacity 16332K, committed 16420K, reserved 1048576K
}
Event: 17338.360 GC heap before
{Heap before GC invocations=126 (full 13):
 par new generation   total 131136K, used 124161K [0x0000000505c00000, 0x000000050ea40000, 0x000000051a8c0000)
  eden space 116608K, 100% used [0x0000000505c00000, 0x000000050cde0000, 0x000000050cde0000)
  from space 14528K,  51% used [0x000000050cde0000, 0x000000050d540470, 0x000000050dc10000)
  to   space 14528K,   0% used [0x000000050dc10000, 0x000000050dc10000, 0x000000050ea40000)
 concurrent mark-sweep generation total 291276K, used 173435K [0x000000051a8c0000, 0x000000052c533000, 0x00000007c0000000)
 Metaspace       used 120648K, capacity 122590K, committed 122836K, reserved 1155072K
  class space    used 15942K, capacity 16332K, committed 16420K, reserved 1048576K
Event: 17338.366 GC heap after
Heap after GC invocations=127 (full 13):
 par new generation   total 131136K, used 4476K [0x0000000505c00000, 0x000000050ea40000, 0x000000051a8c0000)
  eden space 116608K,   0% used [0x0000000505c00000, 0x0000000505c00000, 0x000000050cde0000)
  from space 14528K,  30% used [0x000000050dc10000, 0x000000050e06f280, 0x000000050ea40000)
  to   space 14528K,   0% used [0x000000050cde0000, 0x000000050cde0000, 0x000000050dc10000)
 concurrent mark-sweep generation total 291276K, used 175205K [0x000000051a8c0000, 0x000000052c533000, 0x00000007c0000000)
 Metaspace       used 120648K, capacity 122590K, committed 122836K, reserved 1155072K
  class space    used 15942K, capacity 16332K, committed 16420K, reserved 1048576K
}
Event: 17459.127 GC heap before
{Heap before GC invocations=127 (full 13):
 par new generation   total 131136K, used 121084K [0x0000000505c00000, 0x000000050ea40000, 0x000000051a8c0000)
  eden space 116608K, 100% used [0x0000000505c00000, 0x000000050cde0000, 0x000000050cde0000)
  from space 14528K,  30% used [0x000000050dc10000, 0x000000050e06f280, 0x000000050ea40000)
  to   space 14528K,   0% used [0x000000050cde0000, 0x000000050cde0000, 0x000000050dc10000)
 concurrent mark-sweep generation total 291276K, used 175205K [0x000000051a8c0000, 0x000000052c533000, 0x00000007c0000000)
 Metaspace       used 120651K, capacity 122590K, committed 122836K, reserved 1155072K
  class space    used 15943K, capacity 16332K, committed 16420K, reserved 1048576K
Event: 17459.131 GC heap after
Heap after GC invocations=128 (full 13):
 par new generation   total 131136K, used 5113K [0x0000000505c00000, 0x000000050ea40000, 0x000000051a8c0000)
  eden space 116608K,   0% used [0x0000000505c00000, 0x0000000505c00000, 0x000000050cde0000)
  from space 14528K,  35% used [0x000000050cde0000, 0x000000050d2de498, 0x000000050dc10000)
  to   space 14528K,   0% used [0x000000050dc10000, 0x000000050dc10000, 0x000000050ea40000)
 concurrent mark-sweep generation total 291276K, used 175550K [0x000000051a8c0000, 0x000000052c533000, 0x00000007c0000000)
 Metaspace       used 120651K, capacity 122590K, committed 122836K, reserved 1155072K
  class space    used 15943K, capacity 16332K, committed 16420K, reserved 1048576K
}
Event: 17579.806 GC heap before
{Heap before GC invocations=128 (full 13):
 par new generation   total 131136K, used 121721K [0x0000000505c00000, 0x000000050ea40000, 0x000000051a8c0000)
  eden space 116608K, 100% used [0x0000000505c00000, 0x000000050cde0000, 0x000000050cde0000)
  from space 14528K,  35% used [0x000000050cde0000, 0x000000050d2de498, 0x000000050dc10000)
  to   space 14528K,   0% used [0x000000050dc10000, 0x000000050dc10000, 0x000000050ea40000)
 concurrent mark-sweep generation total 291276K, used 175550K [0x000000051a8c0000, 0x000000052c533000, 0x00000007c0000000)
 Metaspace       used 120651K, capacity 122590K, committed 122836K, reserved 1155072K
  class space    used 15943K, capacity 16332K, committed 16420K, reserved 1048576K
Event: 17579.812 GC heap after
Heap after GC invocations=129 (full 13):
 par new generation   total 131136K, used 5638K [0x0000000505c00000, 0x000000050ea40000, 0x000000051a8c0000)
  eden space 116608K,   0% used [0x0000000505c00000, 0x0000000505c00000, 0x000000050cde0000)
  from space 14528K,  38% used [0x000000050dc10000, 0x000000050e191920, 0x000000050ea40000)
  to   space 14528K,   0% used [0x000000050cde0000, 0x000000050cde0000, 0x000000050dc10000)
 concurrent mark-sweep generation total 291276K, used 175908K [0x000000051a8c0000, 0x000000052c533000, 0x00000007c0000000)
 Metaspace       used 120651K, capacity 122590K, committed 122836K, reserved 1155072K
  class space    used 15943K, capacity 16332K, committed 16420K, reserved 1048576K
}
Event: 17700.338 GC heap before
{Heap before GC invocations=129 (full 13):
 par new generation   total 131136K, used 122246K [0x0000000505c00000, 0x000000050ea40000, 0x000000051a8c0000)
  eden space 116608K, 100% used [0x0000000505c00000, 0x000000050cde0000, 0x000000050cde0000)
  from space 14528K,  38% used [0x000000050dc10000, 0x000000050e191920, 0x000000050ea40000)
  to   space 14528K,   0% used [0x000000050cde0000, 0x000000050cde0000, 0x000000050dc10000)
 concurrent mark-sweep generation total 291276K, used 175908K [0x000000051a8c0000, 0x000000052c533000, 0x00000007c0000000)
 Metaspace       used 120651K, capacity 122590K, committed 122836K, reserved 1155072K
  class space    used 15943K, capacity 16332K, committed 16420K, reserved 1048576K
Event: 17700.345 GC heap after
Heap after GC invocations=130 (full 13):
 par new generation   total 131136K, used 4642K [0x0000000505c00000, 0x000000050ea40000, 0x000000051a8c0000)
  eden space 116608K,   0% used [0x0000000505c00000, 0x0000000505c00000, 0x000000050cde0000)
  from space 14528K,  31% used [0x000000050cde0000, 0x000000050d268aa8, 0x000000050dc10000)
  to   space 14528K,   0% used [0x000000050dc10000, 0x000000050dc10000, 0x000000050ea40000)
 concurrent mark-sweep generation total 291276K, used 176257K [0x000000051a8c0000, 0x000000052c533000, 0x00000007c0000000)
 Metaspace       used 120651K, capacity 122590K, committed 122836K, reserved 1155072K
  class space    used 15943K, capacity 16332K, committed 16420K, reserved 1048576K
}
Event: 17820.959 GC heap before
{Heap before GC invocations=130 (full 13):
 par new generation   total 131136K, used 121250K [0x0000000505c00000, 0x000000050ea40000, 0x000000051a8c0000)
  eden space 116608K, 100% used [0x0000000505c00000, 0x000000050cde0000, 0x000000050cde0000)
  from space 14528K,  31% used [0x000000050cde0000, 0x000000050d268aa8, 0x000000050dc10000)
  to   space 14528K,   0% used [0x000000050dc10000, 0x000000050dc10000, 0x000000050ea40000)
 concurrent mark-sweep generation total 291276K, used 176257K [0x000000051a8c0000, 0x000000052c533000, 0x00000007c0000000)
 Metaspace       used 120651K, capacity 122590K, committed 122836K, reserved 1155072K
  class space    used 15943K, capacity 16332K, committed 16420K, reserved 1048576K
Event: 17820.965 GC heap after
Heap after GC invocations=131 (full 13):
 par new generation   total 131136K, used 4424K [0x0000000505c00000, 0x000000050ea40000, 0x000000051a8c0000)
  eden space 116608K,   0% used [0x0000000505c00000, 0x0000000505c00000, 0x000000050cde0000)
  from space 14528K,  30% used [0x000000050dc10000, 0x000000050e062220, 0x000000050ea40000)
  to   space 14528K,   0% used [0x000000050cde0000, 0x000000050cde0000, 0x000000050dc10000)
 concurrent mark-sweep generation total 291276K, used 176622K [0x000000051a8c0000, 0x000000052c533000, 0x00000007c0000000)
 Metaspace       used 120651K, capacity 122590K, committed 122836K, reserved 1155072K
  class space    used 15943K, capacity 16332K, committed 16420K, reserved 1048576K
}
Event: 17941.337 GC heap before
{Heap before GC invocations=131 (full 13):
 par new generation   total 131136K, used 121032K [0x0000000505c00000, 0x000000050ea40000, 0x000000051a8c0000)
  eden space 116608K, 100% used [0x0000000505c00000, 0x000000050cde0000, 0x000000050cde0000)
  from space 14528K,  30% used [0x000000050dc10000, 0x000000050e062220, 0x000000050ea40000)
  to   space 14528K,   0% used [0x000000050cde0000, 0x000000050cde0000, 0x000000050dc10000)
 concurrent mark-sweep generation total 291276K, used 176622K [0x000000051a8c0000, 0x000000052c533000, 0x00000007c0000000)
 Metaspace       used 120832K, capacity 122782K, committed 122836K, reserved 1155072K
  class space    used 15967K, capacity 16368K, committed 16420K, reserved 1048576K
Event: 17941.343 GC heap after
Heap after GC invocations=132 (full 13):
 par new generation   total 131136K, used 5501K [0x0000000505c00000, 0x000000050ea40000, 0x000000051a8c0000)
  eden space 116608K,   0% used [0x0000000505c00000, 0x0000000505c00000, 0x000000050cde0000)
  from space 14528K,  37% used [0x000000050cde0000, 0x000000050d33f778, 0x000000050dc10000)
  to   space 14528K,   0% used [0x000000050dc10000, 0x000000050dc10000, 0x000000050ea40000)
 concurrent mark-sweep generation total 291276K, used 176985K [0x000000051a8c0000, 0x000000052c533000, 0x00000007c0000000)
 Metaspace       used 120832K, capacity 122782K, committed 122836K, reserved 1155072K
  class space    used 15967K, capacity 16368K, committed 16420K, reserved 1048576K
}
Event: 18015.158 GC heap before
{Heap before GC invocations=132 (full 13):
 par new generation   total 131136K, used 96546K [0x0000000505c00000, 0x000000050ea40000, 0x000000051a8c0000)
  eden space 116608K,  78% used [0x0000000505c00000, 0x000000050b4e9260, 0x000000050cde0000)
  from space 14528K,  37% used [0x000000050cde0000, 0x000000050d33f778, 0x000000050dc10000)
  to   space 14528K,   0% used [0x000000050dc10000, 0x000000050dc10000, 0x000000050ea40000)
 concurrent mark-sweep generation total 291276K, used 176985K [0x000000051a8c0000, 0x000000052c533000, 0x00000007c0000000)
 Metaspace       used 120832K, capacity 122782K, committed 122836K, reserved 1155072K
  class space    used 15967K, capacity 16368K, committed 16420K, reserved 1048576K
Event: 18015.442 GC heap after
Heap after GC invocations=133 (full 14):
 par new generation   total 131136K, used 0K [0x0000000505c00000, 0x000000050ea40000, 0x000000051a8c0000)
  eden space 116608K,   0% used [0x0000000505c00000, 0x0000000505c00000, 0x000000050cde0000)
  from space 14528K,   0% used [0x000000050cde0000, 0x000000050cde0000, 0x000000050dc10000)
  to   space 14528K,   0% used [0x000000050dc10000, 0x000000050dc10000, 0x000000050ea40000)
 concurrent mark-sweep generation total 291276K, used 173295K [0x000000051a8c0000, 0x000000052c533000, 0x00000007c0000000)
 Metaspace       used 120816K, capacity 122758K, committed 122836K, reserved 1155072K
  class space    used 15965K, capacity 16364K, committed 16420K, reserved 1048576K
}

